#
# There is insufficient memory for the Java Runtime Environment to continue.
# Native memory allocation (mmap) failed to map 381681664 bytes for G1 virtual space
# Possible reasons:
#   The system is out of physical RAM or swap space
#   The process is running with CompressedOops enabled, and the Java Heap may be blocking the growth of the native heap
# Possible solutions:
#   Reduce memory load on the system
#   Increase physical memory or swap space
#   Check if swap backing store is full
#   Decrease Java heap size (-Xmx/-Xms)
#   Decrease number of Java threads
#   Decrease Java thread stack sizes (-Xss)
#   Set larger code cache with -XX:ReservedCodeCacheSize=
#   JVM is running with Unscaled Compressed Oops mode in which the Java heap is
#     placed in the first 4GB address space. The Java Heap base address is the
#     maximum limit for the native heap growth. Please use -XX:HeapBaseMinAddress
#     to set the Java Heap base and to place the Java Heap above 4GB virtual address.
# This output file may be truncated or incomplete.
#
#  Out of Memory Error (os_windows.cpp:3550), pid=31340, tid=123200
#
# JRE version: Java(TM) SE Runtime Environment (17.0.6+9) (build 17.0.6+9-LTS-190)
# Java VM: Java HotSpot(TM) 64-Bit Server VM (17.0.6+9-LTS-190, mixed mode, sharing, tiered, compressed oops, compressed class ptrs, g1 gc, windows-amd64)
# No core dump will be written. Minidumps are not enabled by default on client versions of Windows
#

---------------  S U M M A R Y ------------

Command Line: -javaagent:C:\Program Files\JetBrains\IntelliJ IDEA Community Edition 2023.1\lib\idea_rt.jar=49979:C:\Program Files\JetBrains\IntelliJ IDEA Community Edition 2023.1\bin -Dfile.encoding=UTF-8 org.example.Main

Host: Intel(R) Core(TM) i5-1035G1 CPU @ 1.00GHz, 8 cores, 7G,  Windows 11 , 64 bit Build 22621 (10.0.22621.1635)
Time: Mon Jun  5 21:27:29 2023 Paris, Madrid (heure duild 22621 (10.0.22621.1635) elapsed time: 46.211600 seconds (0d 0h 0m 46s)

---------------  T H R E A D  ---------------

Current thread (0x00000211632fd7f0):  VMThread "VM Thread" [stack: 0x000000651af00000,0x000000651b000000] [id=123200]

Stack: [0x000000651af00000,0x000000651b000000]
Native frames: (J=compiled Java code, j=interpreted, Vv=VM code, C=native code)
V  [jvm.dll+0x6734ea]
V  [jvm.dll+0x7d18f4]
V  [jvm.dll+0x7d309e]
V  [jvm.dll+0x7d3703]
V  [jvm.dll+0x2433c5]
V  [jvm.dll+0x6703f9]
V  [jvm.dll+0x664d32]
V  [jvm.dll+0x300086]
V  [jvm.dll+0x307606]
V  [jvm.dll+0x356c1e]
V  [jvm.dll+0x356e4f]
V  [jvm.dll+0x2d72e8]
V  [jvm.dll+0x2d57e5]
V  [jvm.dll+0x2d4dec]
V  [jvm.dll+0x31837b]
V  [jvm.dll+0x7d7f0b]
V  [jvm.dll+0x7d8c44]
V  [jvm.dll+0x7d915d]
V  [jvm.dll+0x7d9534]
V  [jvm.dll+0x7d9600]
V  [jvm.dll+0x781a7a]
V  [jvm.dll+0x672375]
C  [ucrtbase.dll+0x29363]
C  [KERNEL32.DLL+0x126ad]
C  [ntdll.dll+0x5a9f8]

VM_Operation (0x000000651dffe790): G1CollectForAllocation, mode: safepoint, requested by thread 0x0000021166744060


---------------  P R O C E S S  ---------------

Threads class SMR info:
_java_thread_list=0x000002116c3ac8e0, length=38, elements={
0x000002114532b140, 0x00000211633021a0, 0x0000021163302c60, 0x0000021163316250,
0x0000021163317d20, 0x000002116331a5f0, 0x000002116331b2c0, 0x00000211633273c0,
0x0000021163349ce0, 0x000002116334ca00, 0x0000021163df9040, 0x0000021163df86a0,
0x0000021163df8b70, 0x0000021163df9510, 0x0000021163df99e0, 0x0000021163df9eb0,
0x0000021163dfa380, 0x0000021163dfb1f0, 0x0000021163dfbb90, 0x0000021163dfb6c0,
0x00000211667419e0, 0x0000021166741eb0, 0x0000021166743b90, 0x0000021166746bb0,
0x0000021166745d40, 0x0000021166745870, 0x0000021166746210, 0x0000021166744a00,
0x0000021166741040, 0x0000021166742380, 0x0000021166742850, 0x00000211667466e0,
0x0000021166747080, 0x0000021166742d20, 0x00000211667436c0, 0x0000021166744060,
0x00000211667483c0, 0x0000021166588460
}

Java Threads: ( => current thread )
  0x000002114532b140 JavaThread "main" [_thread_blocked, id=124904, stack(0x000000651a900000,0x000000651aa00000)]
  0x00000211633021a0 JavaThread "Reference Handler" daemon [_thread_blocked, id=128960, stack(0x000000651b000000,0x000000651b100000)]
  0x0000021163302c60 JavaThread "Finalizer" daemon [_thread_blocked, id=129248, stack(0x000000651b100000,0x000000651b200000)]
  0x0000021163316250 JavaThread "Signal Dispatcher" daemon [_thread_blocked, id=53268, stack(0x000000651b200000,0x000000651b300000)]
  0x0000021163317d20 JavaThread "Attach Listener" daemon [_thread_blocked, id=108992, stack(0x000000651b300000,0x000000651b400000)]
  0x000002116331a5f0 JavaThread "Service Thread" daemon [_thread_blocked, id=124744, stack(0x000000651b400000,0x000000651b500000)]
  0x000002116331b2c0 JavaThread "Monitor Deflation Thread" daemon [_thread_blocked, id=127148, stack(0x000000651b500000,0x000000651b600000)]
  0x00000211633273c0 JavaThread "C2 CompilerThread0" daemon [_thread_blocked, id=127264, stack(0x000000651b600000,0x000000651b700000)]
  0x0000021163349ce0 JavaThread "C1 CompilerThread0" daemon [_thread_blocked, id=125812, stack(0x000000651b700000,0x000000651b800000)]
  0x000002116334ca00 JavaThread "Sweeper thread" daemon [_thread_blocked, id=113928, stack(0x000000651b800000,0x000000651b900000)]
  0x0000021163df9040 JavaThread "Common-Cleaner" daemon [_thread_blocked, id=127696, stack(0x000000651b900000,0x000000651ba00000)]
  0x0000021163df86a0 JavaThread "Monitor Ctrl-Break" daemon [_thread_in_native, id=125140, stack(0x000000651bb00000,0x000000651bc00000)]
  0x0000021163df8b70 JavaThread "Notification Thread" daemon [_thread_blocked, id=128472, stack(0x000000651bc00000,0x000000651bd00000)]
  0x0000021163df9510 JavaThread "Thread-0" [_thread_blocked, id=103552, stack(0x000000651bf00000,0x000000651c000000)]
  0x0000021163df99e0 JavaThread "restartedMain" [_thread_blocked, id=112272, stack(0x000000651c000000,0x000000651c100000)]
  0x0000021163df9eb0 JavaThread "mysql-cj-abandoned-connection-cleanup" daemon [_thread_blocked, id=122012, stack(0x000000651ca00000,0x000000651cb00000)]
  0x0000021163dfa380 JavaThread "sncf housekeeper" daemon [_thread_blocked, id=124092, stack(0x000000651cc00000,0x000000651cd00000)]
  0x0000021163dfb1f0 JavaThread "Catalina-utility-1" [_thread_blocked, id=112536, stack(0x000000651ce00000,0x000000651cf00000)]
  0x0000021163dfbb90 JavaThread "Catalina-utility-2" [_thread_blocked, id=126408, stack(0x000000651cf00000,0x000000651d000000)]
  0x0000021163dfb6c0 JavaThread "container-0" [_thread_blocked, id=118928, stack(0x000000651d000000,0x000000651d100000)]
  0x00000211667419e0 JavaThread "File Watcher" daemon [_thread_blocked, id=29052, stack(0x000000651be00000,0x000000651bf00000)]
  0x0000021166741eb0 JavaThread "Live Reload Server" daemon [_thread_in_native, id=126028, stack(0x000000651d100000,0x000000651d200000)]
  0x0000021166743b90 JavaThread "http-nio-8080-exec-1" daemon [_thread_blocked, id=113436, stack(0x000000651cd00000,0x000000651ce00000)]
  0x0000021166746bb0 JavaThread "http-nio-8080-exec-2" daemon [_thread_blocked, id=120732, stack(0x000000651d200000,0x000000651d300000)]
  0x0000021166745d40 JavaThread "http-nio-8080-exec-3" daemon [_thread_blocked, id=82984, stack(0x000000651d300000,0x000000651d400000)]
  0x0000021166745870 JavaThread "http-nio-8080-exec-4" daemon [_thread_blocked, id=128852, stack(0x000000651d400000,0x000000651d500000)]
  0x0000021166746210 JavaThread "http-nio-8080-exec-5" daemon [_thread_blocked, id=15424, stack(0x000000651d500000,0x000000651d600000)]
  0x0000021166744a00 JavaThread "http-nio-8080-exec-6" daemon [_thread_blocked, id=125008, stack(0x000000651d600000,0x000000651d700000)]
  0x0000021166741040 JavaThread "http-nio-8080-exec-7" daemon [_thread_blocked, id=121484, stack(0x000000651d700000,0x000000651d800000)]
  0x0000021166742380 JavaThread "http-nio-8080-exec-8" daemon [_thread_blocked, id=128352, stack(0x000000651d800000,0x000000651d900000)]
  0x0000021166742850 JavaThread "http-nio-8080-exec-9" daemon [_thread_blocked, id=1652, stack(0x000000651d900000,0x000000651da00000)]
  0x00000211667466e0 JavaThread "http-nio-8080-exec-10" daemon [_thread_blocked, id=16300, stack(0x000000651da00000,0x000000651db00000)]
  0x0000021166747080 JavaThread "http-nio-8080-Poller" daemon [_thread_in_native, id=126924, stack(0x000000651dc00000,0x000000651dd00000)]
  0x0000021166742d20 JavaThread "http-nio-8080-Acceptor" daemon [_thread_in_native, id=118168, stack(0x000000651dd00000,0x000000651de00000)]
  0x00000211667436c0 JavaThread "Thread-7" [_thread_blocked, id=121296, stack(0x000000651de00000,0x000000651df00000)]
  0x0000021166744060 JavaThread "Thread-8" [_thread_blocked, id=97860, stack(0x000000651df00000,0x000000651e000000)]
  0x00000211667483c0 JavaThread "FileSystemWatchService" daemon [_thread_in_native, id=110500, stack(0x000000651e000000,0x000000651e100000)]
  0x0000021166588460 JavaThread "Keep-Alive-Timer" daemon [_thread_blocked, id=127280, stack(0x000000651db00000,0x000000651dc00000)]

Other Threads:
=>0x00000211632fd7f0 VMThread "VM Thread" [stack: 0x000000651af00000,0x000000651b000000] [id=123200]
  0x000002114539f1d0 WatcherThread [stack: 0x000000651bd00000,0x000000651be00000] [id=77368]
  0x0000021145385ba0 GCTaskThread "GC Thread#0" [stack: 0x000000651aa00000,0x000000651ab00000] [id=95820]
  0x0000021164d26860 GCTaskThread "GC Thread#1" [stack: 0x000000651c100000,0x000000651c200000] [id=109028]
  0x0000021164d26b10 GCTaskThread "GC Thread#2" [stack: 0x000000651c200000,0x000000651c300000] [id=112324]
  0x0000021164d23da0 GCTaskThread "GC Thread#3" [stack: 0x000000651c300000,0x000000651c400000] [id=108464]
  0x0000021164d24870 GCTaskThread "GC Thread#4" [stack: 0x000000651c400000,0x000000651c500000] [id=113540]
  0x0000021164d24b20 GCTaskThread "GC Thread#5" [stack: 0x000000651c500000,0x000000651c600000] [id=104536]
  0x00000211655921d0 GCTaskThread "GC Thread#6" [stack: 0x000000651c600000,0x000000651c700000] [id=111252]
  0x0000021165592890 GCTaskThread "GC Thread#7" [stack: 0x000000651c700000,0x000000651c800000] [id=114848]
  0x0000021145396490 ConcurrentGCThread "G1 Main Marker" [stack: 0x000000651ab00000,0x000000651ac00000] [id=16264]
  0x0000021145397550 ConcurrentGCThread "G1 Conc#0" [stack: 0x000000651ac00000,0x000000651ad00000] [id=125620]
  0x000002116662fb50 ConcurrentGCThread "G1 Conc#1" [stack: 0x000000651c800000,0x000000651c900000] [id=105528]
  0x00000211453ee460 ConcurrentGCThread "G1 Refine#0" [stack: 0x000000651ad00000,0x000000651ae00000] [id=114184]
  0x00000211654ffac0 ConcurrentGCThread "G1 Refine#1" [stack: 0x000000651c900000,0x000000651ca00000] [id=127400]
  0x0000021164f24760 ConcurrentGCThread "G1 Refine#2" [stack: 0x000000651e200000,0x000000651e300000] [id=124504]
  0x0000021164f25000 ConcurrentGCThread "G1 Refine#3" [stack: 0x000000651e300000,0x000000651e400000] [id=114696]
  0x0000021164f26420 ConcurrentGCThread "G1 Refine#4" [stack: 0x000000651e400000,0x000000651e500000] [id=12936]
  0x0000021164f25e60 ConcurrentGCThread "G1 Refine#5" [stack: 0x000000651e500000,0x000000651e600000] [id=103592]
  0x0000021164f24d20 ConcurrentGCThread "G1 Refine#6" [stack: 0x000000651e700000,0x000000651e800000] [id=129592]
  0x0000021164f252e0 ConcurrentGCThread "G1 Refine#7" [stack: 0x000000651e600000,0x000000651e700000] [id=109984]
  0x00000211453eec30 ConcurrentGCThread "G1 Service" [stack: 0x000000651ae00000,0x000000651af00000] [id=112212]

Threads with active compile tasks:

VM state: at safepoint (normal execution)

VM Mutex/Monitor currently owned by a thread:  ([mutex/lock_event])
[0x0000021145327d50] Threads_lock - owner thread: 0x00000211632fd7f0
[0x00000211453272a0] Heap_lock - owner thread: 0x0000021166744060

Heap address: 0x0000000083600000, size: 1994 MB, Compressed Oops mode: 32-bit

CDS archive(s) mapped at: [0x0000000800000000-0x0000000800bd0000-0x0000000800bd0000), size 12386304, SharedBaseAddress: 0x0000000800000000, ArchiveRelocationMode: 0.
Compressed class space mapped at: 0x0000000800c00000-0x0000000840c00000, reserved size: 1073741824
Narrow klass base: 0x0000000800000000, Narrow klass shift: 0, Narrow klass range: 0x100000000

GC Precious Log:
 CPUs: 8 total, 8 available
 Memory: 7973M
 Large Page Support: Disabled
 NUMA Support: Disabled
 Compressed Oops: Enabled (32-bit)
 Heap Region Size: 1M
 Heap Min Capacity: 8M
 Heap Initial Capacity: 126M
 Heap Max Capacity: 1994M
 Pre-touch: Disabled
 Parallel Workers: 8
 Concurrent Workers: 2
 Concurrent Refinement Workers: 8
 Periodic GC: Disabled

Heap:
 garbage-first heap   total 186368K, used 95073K [0x0000000083600000, 0x0000000100000000)
  region size 1024K, 2 young (2048K), 2 survivors (2048K)
 Metaspace       used 75491K, committed 75968K, reserved 1122304K
  class space    used 9730K, committed 9984K, reserved 1048576K

Heap Regions: E=young(eden), S=young(survivor), O=old, HS=humongous(starts), HC=humongous(continues), CS=collection set, F=free, OA=open archive, CA=closed archive, TAMS=top-at-mark-start (previous, next)
|   0|0x0000000083600000, 0x0000000083700000, 0x0000000083700000|100%|HS|  |TAMS 0x0000000083700000, 0x0000000083600000| Complete 
|   1|0x0000000083700000, 0x0000000083800000, 0x0000000083800000|100%| O|  |TAMS 0x0000000083800000, 0x0000000083700000| Untracked 
|   2|0x0000000083800000, 0x0000000083900000, 0x0000000083900000|100%| O|  |TAMS 0x0000000083900000, 0x0000000083800000| Untracked 
|   3|0x0000000083900000, 0x0000000083a00000, 0x0000000083a00000|100%| O|  |TAMS 0x0000000083a00000, 0x0000000083900000| Untracked 
|   4|0x0000000083a00000, 0x0000000083b00000, 0x0000000083b00000|100%| O|  |TAMS 0x0000000083b00000, 0x0000000083a00000| Untracked 
|   5|0x0000000083b00000, 0x0000000083c00000, 0x0000000083c00000|100%| O|  |TAMS 0x0000000083c00000, 0x0000000083b00000| Untracked 
|   6|0x0000000083c00000, 0x0000000083d00000, 0x0000000083d00000|100%| O|  |TAMS 0x0000000083d00000, 0x0000000083c00000| Untracked 
|   7|0x0000000083d00000, 0x0000000083e00000, 0x0000000083e00000|100%| O|  |TAMS 0x0000000083e00000, 0x0000000083d00000| Untracked 
|   8|0x0000000083e00000, 0x0000000083f00000, 0x0000000083f00000|100%| O|  |TAMS 0x0000000083f00000, 0x0000000083e00000| Untracked 
|   9|0x0000000083f00000, 0x0000000084000000, 0x0000000084000000|100%| O|  |TAMS 0x0000000084000000, 0x0000000083f00000| Untracked 
|  10|0x0000000084000000, 0x0000000084100000, 0x0000000084100000|100%| O|  |TAMS 0x0000000084100000, 0x0000000084000000| Untracked 
|  11|0x0000000084100000, 0x0000000084200000, 0x0000000084200000|100%| O|  |TAMS 0x0000000084200000, 0x0000000084100000| Untracked 
|  12|0x0000000084200000, 0x0000000084300000, 0x0000000084300000|100%| O|  |TAMS 0x0000000084300000, 0x0000000084200000| Untracked 
|  13|0x0000000084300000, 0x0000000084400000, 0x0000000084400000|100%| O|  |TAMS 0x0000000084400000, 0x0000000084300000| Untracked 
|  14|0x0000000084400000, 0x0000000084500000, 0x0000000084500000|100%| O|  |TAMS 0x0000000084500000, 0x0000000084400000| Untracked 
|  15|0x0000000084500000, 0x0000000084600000, 0x0000000084600000|100%| O|  |TAMS 0x0000000084500000, 0x0000000084500000| Untracked 
|  16|0x0000000084600000, 0x0000000084700000, 0x0000000084700000|100%| O|  |TAMS 0x0000000084700000, 0x0000000084600000| Untracked 
|  17|0x0000000084700000, 0x0000000084800000, 0x0000000084800000|100%| O|  |TAMS 0x0000000084800000, 0x0000000084700000| Untracked 
|  18|0x0000000084800000, 0x0000000084900000, 0x0000000084900000|100%| O|  |TAMS 0x0000000084900000, 0x0000000084800000| Untracked 
|  19|0x0000000084900000, 0x0000000084a00000, 0x0000000084a00000|100%| O|  |TAMS 0x0000000084a00000, 0x0000000084900000| Untracked 
|  20|0x0000000084a00000, 0x0000000084b00000, 0x0000000084b00000|100%| O|  |TAMS 0x0000000084b00000, 0x0000000084a00000| Untracked 
|  21|0x0000000084b00000, 0x0000000084c00000, 0x0000000084c00000|100%| O|  |TAMS 0x0000000084c00000, 0x0000000084b00000| Untracked 
|  22|0x0000000084c00000, 0x0000000084d00000, 0x0000000084d00000|100%| O|  |TAMS 0x0000000084d00000, 0x0000000084c00000| Untracked 
|  23|0x0000000084d00000, 0x0000000084e00000, 0x0000000084e00000|100%| O|  |TAMS 0x0000000084e00000, 0x0000000084d00000| Untracked 
|  24|0x0000000084e00000, 0x0000000084f00000, 0x0000000084f00000|100%| O|  |TAMS 0x0000000084f00000, 0x0000000084e00000| Untracked 
|  25|0x0000000084f00000, 0x0000000085000000, 0x0000000085000000|100%| O|  |TAMS 0x0000000085000000, 0x0000000084f00000| Untracked 
|  26|0x0000000085000000, 0x0000000085100000, 0x0000000085100000|100%| O|  |TAMS 0x0000000085100000, 0x0000000085000000| Untracked 
|  27|0x0000000085100000, 0x0000000085200000, 0x0000000085200000|100%| O|  |TAMS 0x0000000085200000, 0x0000000085100000| Untracked 
|  28|0x0000000085200000, 0x0000000085300000, 0x0000000085300000|100%| O|  |TAMS 0x0000000085300000, 0x0000000085200000| Untracked 
|  29|0x0000000085300000, 0x0000000085400000, 0x0000000085400000|100%| O|  |TAMS 0x0000000085400000, 0x0000000085300000| Untracked 
|  30|0x0000000085400000, 0x0000000085500000, 0x0000000085500000|100%| O|  |TAMS 0x0000000085500000, 0x0000000085400000| Untracked 
|  31|0x0000000085500000, 0x0000000085600000, 0x0000000085600000|100%| O|  |TAMS 0x0000000085600000, 0x0000000085500000| Untracked 
|  32|0x0000000085600000, 0x0000000085700000, 0x0000000085700000|100%| O|  |TAMS 0x0000000085700000, 0x0000000085600000| Untracked 
|  33|0x0000000085700000, 0x0000000085800000, 0x0000000085800000|100%| O|  |TAMS 0x0000000085700000, 0x0000000085700000| Untracked 
|  34|0x0000000085800000, 0x0000000085900000, 0x0000000085900000|100%| O|  |TAMS 0x0000000085800000, 0x0000000085800000| Untracked 
|  35|0x0000000085900000, 0x0000000085a00000, 0x0000000085a00000|100%| O|  |TAMS 0x0000000085a00000, 0x0000000085900000| Untracked 
|  36|0x0000000085a00000, 0x0000000085b00000, 0x0000000085b00000|100%| O|  |TAMS 0x0000000085b00000, 0x0000000085a00000| Untracked 
|  37|0x0000000085b00000, 0x0000000085c00000, 0x0000000085c00000|100%| O|  |TAMS 0x0000000085b00000, 0x0000000085b00000| Untracked 
|  38|0x0000000085c00000, 0x0000000085d00000, 0x0000000085d00000|100%| O|  |TAMS 0x0000000085d00000, 0x0000000085c00000| Untracked 
|  39|0x0000000085d00000, 0x0000000085e00000, 0x0000000085e00000|100%| O|  |TAMS 0x0000000085e00000, 0x0000000085d00000| Untracked 
|  40|0x0000000085e00000, 0x0000000085f00000, 0x0000000085f00000|100%| O|  |TAMS 0x0000000085e00000, 0x0000000085e00000| Untracked 
|  41|0x0000000085f00000, 0x0000000086000000, 0x0000000086000000|100%| O|  |TAMS 0x0000000085f00000, 0x0000000085f00000| Untracked 
|  42|0x0000000086000000, 0x0000000086100000, 0x0000000086100000|100%| O|  |TAMS 0x0000000086000000, 0x0000000086000000| Untracked 
|  43|0x0000000086100000, 0x0000000086200000, 0x0000000086200000|100%| O|  |TAMS 0x0000000086100000, 0x0000000086100000| Untracked 
|  44|0x0000000086200000, 0x0000000086300000, 0x0000000086300000|100%| O|  |TAMS 0x0000000086200000, 0x0000000086200000| Untracked 
|  45|0x0000000086300000, 0x0000000086400000, 0x0000000086400000|100%| O|  |TAMS 0x0000000086300000, 0x0000000086300000| Untracked 
|  46|0x0000000086400000, 0x0000000086500000, 0x0000000086500000|100%| O|  |TAMS 0x0000000086400000, 0x0000000086400000| Untracked 
|  47|0x0000000086500000, 0x0000000086600000, 0x0000000086600000|100%| O|  |TAMS 0x0000000086500000, 0x0000000086500000| Untracked 
|  48|0x0000000086600000, 0x0000000086700000, 0x0000000086700000|100%| O|  |TAMS 0x0000000086600000, 0x0000000086600000| Untracked 
|  49|0x0000000086700000, 0x0000000086800000, 0x0000000086800000|100%| O|  |TAMS 0x0000000086700000, 0x0000000086700000| Untracked 
|  50|0x0000000086800000, 0x0000000086900000, 0x0000000086900000|100%| O|  |TAMS 0x0000000086800000, 0x0000000086800000| Untracked 
|  51|0x0000000086900000, 0x0000000086a00000, 0x0000000086a00000|100%| O|  |TAMS 0x0000000086900000, 0x0000000086900000| Untracked 
|  52|0x0000000086a00000, 0x0000000086b00000, 0x0000000086b00000|100%| O|  |TAMS 0x0000000086a00000, 0x0000000086a00000| Untracked 
|  53|0x0000000086b00000, 0x0000000086c00000, 0x0000000086c00000|100%| O|  |TAMS 0x0000000086b00000, 0x0000000086b00000| Untracked 
|  54|0x0000000086c00000, 0x0000000086d00000, 0x0000000086d00000|100%| O|  |TAMS 0x0000000086c00000, 0x0000000086c00000| Untracked 
|  55|0x0000000086d00000, 0x0000000086e00000, 0x0000000086e00000|100%| O|  |TAMS 0x0000000086d00000, 0x0000000086d00000| Untracked 
|  56|0x0000000086e00000, 0x0000000086f00000, 0x0000000086f00000|100%| O|  |TAMS 0x0000000086e00000, 0x0000000086e00000| Untracked 
|  57|0x0000000086f00000, 0x0000000087000000, 0x0000000087000000|100%| O|  |TAMS 0x0000000086f00000, 0x0000000086f00000| Untracked 
|  58|0x0000000087000000, 0x0000000087100000, 0x0000000087100000|100%| O|  |TAMS 0x0000000087000000, 0x0000000087000000| Untracked 
|  59|0x0000000087100000, 0x0000000087200000, 0x0000000087200000|100%| O|  |TAMS 0x0000000087100000, 0x0000000087100000| Untracked 
|  60|0x0000000087200000, 0x0000000087300000, 0x0000000087300000|100%| O|  |TAMS 0x0000000087200000, 0x0000000087200000| Untracked 
|  61|0x0000000087300000, 0x0000000087400000, 0x0000000087400000|100%| O|  |TAMS 0x0000000087300000, 0x0000000087300000| Untracked 
|  62|0x0000000087400000, 0x00000000874d8600, 0x0000000087500000| 84%| O|  |TAMS 0x0000000087400000, 0x0000000087400000| Untracked 
|  63|0x0000000087500000, 0x0000000087500000, 0x0000000087600000|  0%| F|  |TAMS 0x0000000087500000, 0x0000000087500000| Untracked 
|  64|0x0000000087600000, 0x0000000087600000, 0x0000000087700000|  0%| F|  |TAMS 0x0000000087600000, 0x0000000087600000| Untracked 
|  65|0x0000000087700000, 0x0000000087700000, 0x0000000087800000|  0%| F|  |TAMS 0x0000000087700000, 0x0000000087700000| Untracked 
|  66|0x0000000087800000, 0x0000000087900000, 0x0000000087900000|100%|HS|  |TAMS 0x0000000087900000, 0x0000000087800000| Complete 
|  67|0x0000000087900000, 0x0000000087a00000, 0x0000000087a00000|100%|HC|  |TAMS 0x0000000087a00000, 0x0000000087900000| Complete 
|  68|0x0000000087a00000, 0x0000000087b00000, 0x0000000087b00000|100%| O|  |TAMS 0x0000000087b00000, 0x0000000087a00000| Untracked 
|  69|0x0000000087b00000, 0x0000000087c00000, 0x0000000087c00000|100%| O|  |TAMS 0x0000000087c00000, 0x0000000087b00000| Untracked 
|  70|0x0000000087c00000, 0x0000000087c00000, 0x0000000087d00000|  0%| F|  |TAMS 0x0000000087c00000, 0x0000000087c00000| Untracked 
|  71|0x0000000087d00000, 0x0000000087d00000, 0x0000000087e00000|  0%| F|  |TAMS 0x0000000087d00000, 0x0000000087d00000| Untracked 
|  72|0x0000000087e00000, 0x0000000087e00000, 0x0000000087f00000|  0%| F|  |TAMS 0x0000000087e00000, 0x0000000087e00000| Untracked 
|  73|0x0000000087f00000, 0x0000000087f00000, 0x0000000088000000|  0%| F|  |TAMS 0x0000000087f00000, 0x0000000087f00000| Untracked 
|  74|0x0000000088000000, 0x0000000088000000, 0x0000000088100000|  0%| F|  |TAMS 0x0000000088000000, 0x0000000088000000| Untracked 
|  75|0x0000000088100000, 0x0000000088200000, 0x0000000088200000|100%| O|  |TAMS 0x0000000088200000, 0x0000000088100000| Untracked 
|  76|0x0000000088200000, 0x0000000088300000, 0x0000000088300000|100%| O|  |TAMS 0x0000000088300000, 0x0000000088200000| Untracked 
|  77|0x0000000088300000, 0x0000000088400000, 0x0000000088400000|100%| O|  |TAMS 0x0000000088400000, 0x0000000088300000| Untracked 
|  78|0x0000000088400000, 0x0000000088500000, 0x0000000088500000|100%| O|  |TAMS 0x0000000088500000, 0x0000000088400000| Untracked 
|  79|0x0000000088500000, 0x0000000088600000, 0x0000000088600000|100%| O|  |TAMS 0x0000000088600000, 0x0000000088500000| Untracked 
|  80|0x0000000088600000, 0x0000000088700000, 0x0000000088700000|100%| O|  |TAMS 0x0000000088700000, 0x0000000088600000| Untracked 
|  81|0x0000000088700000, 0x0000000088700000, 0x0000000088800000|  0%| F|  |TAMS 0x0000000088700000, 0x0000000088700000| Untracked 
|  82|0x0000000088800000, 0x0000000088800000, 0x0000000088900000|  0%| F|  |TAMS 0x0000000088800000, 0x0000000088800000| Untracked 
|  83|0x0000000088900000, 0x0000000088a00000, 0x0000000088a00000|100%| O|  |TAMS 0x0000000088a00000, 0x0000000088900000| Untracked 
|  84|0x0000000088a00000, 0x0000000088a00000, 0x0000000088b00000|  0%| F|  |TAMS 0x0000000088a00000, 0x0000000088a00000| Untracked 
|  85|0x0000000088b00000, 0x0000000088b00000, 0x0000000088c00000|  0%| F|  |TAMS 0x0000000088b00000, 0x0000000088b00000| Untracked 
|  86|0x0000000088c00000, 0x0000000088c00000, 0x0000000088d00000|  0%| F|  |TAMS 0x0000000088c00000, 0x0000000088c00000| Untracked 
|  87|0x0000000088d00000, 0x0000000088d00000, 0x0000000088e00000|  0%| F|  |TAMS 0x0000000088d00000, 0x0000000088d00000| Untracked 
|  88|0x0000000088e00000, 0x0000000088e00000, 0x0000000088f00000|  0%| F|  |TAMS 0x0000000088e00000, 0x0000000088e00000| Untracked 
|  89|0x0000000088f00000, 0x0000000088f00000, 0x0000000089000000|  0%| F|  |TAMS 0x0000000088f00000, 0x0000000088f00000| Untracked 
|  90|0x0000000089000000, 0x0000000089000000, 0x0000000089100000|  0%| F|  |TAMS 0x0000000089000000, 0x0000000089000000| Untracked 
|  91|0x0000000089100000, 0x0000000089100000, 0x0000000089200000|  0%| F|  |TAMS 0x0000000089100000, 0x0000000089100000| Untracked 
|  92|0x0000000089200000, 0x0000000089200000, 0x0000000089300000|  0%| F|  |TAMS 0x0000000089200000, 0x0000000089200000| Untracked 
|  93|0x0000000089300000, 0x0000000089300000, 0x0000000089400000|  0%| F|  |TAMS 0x0000000089300000, 0x0000000089300000| Untracked 
|  94|0x0000000089400000, 0x0000000089400000, 0x0000000089500000|  0%| F|  |TAMS 0x0000000089400000, 0x0000000089400000| Untracked 
|  95|0x0000000089500000, 0x0000000089500000, 0x0000000089600000|  0%| F|  |TAMS 0x0000000089500000, 0x0000000089500000| Untracked 
|  96|0x0000000089600000, 0x0000000089600000, 0x0000000089700000|  0%| F|  |TAMS 0x0000000089600000, 0x0000000089600000| Untracked 
|  97|0x0000000089700000, 0x0000000089700000, 0x0000000089800000|  0%| F|  |TAMS 0x0000000089700000, 0x0000000089700000| Untracked 
|  98|0x0000000089800000, 0x0000000089900000, 0x0000000089900000|100%| O|  |TAMS 0x0000000089900000, 0x0000000089800000| Untracked 
|  99|0x0000000089900000, 0x0000000089900000, 0x0000000089a00000|  0%| F|  |TAMS 0x0000000089900000, 0x0000000089900000| Untracked 
| 100|0x0000000089a00000, 0x0000000089a00000, 0x0000000089b00000|  0%| F|  |TAMS 0x0000000089a00000, 0x0000000089a00000| Untracked 
| 101|0x0000000089b00000, 0x0000000089c00000, 0x0000000089c00000|100%| O|  |TAMS 0x0000000089c00000, 0x0000000089b00000| Untracked 
| 102|0x0000000089c00000, 0x0000000089d00000, 0x0000000089d00000|100%| O|  |TAMS 0x0000000089d00000, 0x0000000089c00000| Untracked 
| 103|0x0000000089d00000, 0x0000000089e00000, 0x0000000089e00000|100%| O|  |TAMS 0x0000000089e00000, 0x0000000089d00000| Untracked 
| 104|0x0000000089e00000, 0x0000000089f00000, 0x0000000089f00000|100%| O|  |TAMS 0x0000000089f00000, 0x0000000089e00000| Untracked 
| 105|0x0000000089f00000, 0x000000008a000000, 0x000000008a000000|100%| O|  |TAMS 0x000000008a000000, 0x0000000089f00000| Untracked 
| 106|0x000000008a000000, 0x000000008a100000, 0x000000008a100000|100%| O|  |TAMS 0x000000008a100000, 0x000000008a000000| Untracked 
| 107|0x000000008a100000, 0x000000008a100000, 0x000000008a200000|  0%| F|  |TAMS 0x000000008a100000, 0x000000008a100000| Untracked 
| 108|0x000000008a200000, 0x000000008a200000, 0x000000008a300000|  0%| F|  |TAMS 0x000000008a200000, 0x000000008a200000| Untracked 
| 109|0x000000008a300000, 0x000000008a300000, 0x000000008a400000|  0%| F|  |TAMS 0x000000008a300000, 0x000000008a300000| Untracked 
| 110|0x000000008a400000, 0x000000008a500000, 0x000000008a500000|100%| O|  |TAMS 0x000000008a480000, 0x000000008a400000| Untracked 
| 111|0x000000008a500000, 0x000000008a600000, 0x000000008a600000|100%| O|  |TAMS 0x000000008a500000, 0x000000008a500000| Untracked 
| 112|0x000000008a600000, 0x000000008a700000, 0x000000008a700000|100%| O|  |TAMS 0x000000008a600000, 0x000000008a600000| Untracked 
| 113|0x000000008a700000, 0x000000008a800000, 0x000000008a800000|100%| O|  |TAMS 0x000000008a700000, 0x000000008a700000| Untracked 
| 114|0x000000008a800000, 0x000000008a900000, 0x000000008a900000|100%| O|  |TAMS 0x000000008a800000, 0x000000008a800000| Untracked 
| 115|0x000000008a900000, 0x000000008aa00000, 0x000000008aa00000|100%| O|  |TAMS 0x000000008a900000, 0x000000008a900000| Untracked 
| 116|0x000000008aa00000, 0x000000008ab00000, 0x000000008ab00000|100%| O|  |TAMS 0x000000008aa00000, 0x000000008aa00000| Untracked 
| 117|0x000000008ab00000, 0x000000008ac00000, 0x000000008ac00000|100%| O|  |TAMS 0x000000008ab00000, 0x000000008ab00000| Untracked 
| 118|0x000000008ac00000, 0x000000008ac00000, 0x000000008ad00000|  0%| F|  |TAMS 0x000000008ac00000, 0x000000008ac00000| Untracked 
| 119|0x000000008ad00000, 0x000000008ad00000, 0x000000008ae00000|  0%| F|  |TAMS 0x000000008ad00000, 0x000000008ad00000| Untracked 
| 120|0x000000008ae00000, 0x000000008af00000, 0x000000008af00000|100%|HS|  |TAMS 0x000000008ae00000, 0x000000008ae00000| Complete 
| 121|0x000000008af00000, 0x000000008b000000, 0x000000008b000000|100%|HC|  |TAMS 0x000000008af00000, 0x000000008af00000| Complete 
| 122|0x000000008b000000, 0x000000008b000000, 0x000000008b100000|  0%| F|  |TAMS 0x000000008b000000, 0x000000008b000000| Untracked 
| 123|0x000000008b100000, 0x000000008b100000, 0x000000008b200000|  0%| F|  |TAMS 0x000000008b100000, 0x000000008b100000| Untracked 
| 124|0x000000008b200000, 0x000000008b200000, 0x000000008b300000|  0%| F|  |TAMS 0x000000008b200000, 0x000000008b200000| Untracked 
| 125|0x000000008b300000, 0x000000008b300000, 0x000000008b400000|  0%| F|  |TAMS 0x000000008b300000, 0x000000008b300000| Untracked 
| 126|0x000000008b400000, 0x000000008b400000, 0x000000008b500000|  0%| F|  |TAMS 0x000000008b400000, 0x000000008b400000| Untracked 
| 127|0x000000008b500000, 0x000000008b500000, 0x000000008b600000|  0%| F|  |TAMS 0x000000008b500000, 0x000000008b500000| Untracked 
| 128|0x000000008b600000, 0x000000008b600000, 0x000000008b700000|  0%| F|  |TAMS 0x000000008b600000, 0x000000008b600000| Untracked 
| 129|0x000000008b700000, 0x000000008b700000, 0x000000008b800000|  0%| F|  |TAMS 0x000000008b700000, 0x000000008b700000| Untracked 
| 130|0x000000008b800000, 0x000000008b800000, 0x000000008b900000|  0%| F|  |TAMS 0x000000008b800000, 0x000000008b800000| Untracked 
| 131|0x000000008b900000, 0x000000008b900000, 0x000000008ba00000|  0%| F|  |TAMS 0x000000008b900000, 0x000000008b900000| Untracked 
| 132|0x000000008ba00000, 0x000000008ba00000, 0x000000008bb00000|  0%| F|  |TAMS 0x000000008ba00000, 0x000000008ba00000| Untracked 
| 133|0x000000008bb00000, 0x000000008bb00000, 0x000000008bc00000|  0%| F|  |TAMS 0x000000008bb00000, 0x000000008bb00000| Untracked 
| 134|0x000000008bc00000, 0x000000008bc00000, 0x000000008bd00000|  0%| F|  |TAMS 0x000000008bc00000, 0x000000008bc00000| Untracked 
| 135|0x000000008bd00000, 0x000000008bd00000, 0x000000008be00000|  0%| F|  |TAMS 0x000000008bd00000, 0x000000008bd00000| Untracked 
| 136|0x000000008be00000, 0x000000008be00000, 0x000000008bf00000|  0%| F|  |TAMS 0x000000008be00000, 0x000000008be00000| Untracked 
| 137|0x000000008bf00000, 0x000000008bf00000, 0x000000008c000000|  0%| F|  |TAMS 0x000000008bf00000, 0x000000008bf00000| Untracked 
| 138|0x000000008c000000, 0x000000008c000000, 0x000000008c100000|  0%| F|  |TAMS 0x000000008c000000, 0x000000008c000000| Untracked 
| 139|0x000000008c100000, 0x000000008c100000, 0x000000008c200000|  0%| F|  |TAMS 0x000000008c100000, 0x000000008c100000| Untracked 
| 140|0x000000008c200000, 0x000000008c200000, 0x000000008c300000|  0%| F|  |TAMS 0x000000008c200000, 0x000000008c200000| Untracked 
| 141|0x000000008c300000, 0x000000008c300000, 0x000000008c400000|  0%| F|  |TAMS 0x000000008c300000, 0x000000008c300000| Untracked 
| 142|0x000000008c400000, 0x000000008c400000, 0x000000008c500000|  0%| F|  |TAMS 0x000000008c400000, 0x000000008c400000| Untracked 
| 143|0x000000008c500000, 0x000000008c500000, 0x000000008c600000|  0%| F|  |TAMS 0x000000008c500000, 0x000000008c500000| Untracked 
| 144|0x000000008c600000, 0x000000008c600000, 0x000000008c700000|  0%| F|  |TAMS 0x000000008c600000, 0x000000008c600000| Untracked 
| 145|0x000000008c700000, 0x000000008c700000, 0x000000008c800000|  0%| F|  |TAMS 0x000000008c700000, 0x000000008c700000| Untracked 
| 146|0x000000008c800000, 0x000000008c800000, 0x000000008c900000|  0%| F|  |TAMS 0x000000008c800000, 0x000000008c800000| Untracked 
| 147|0x000000008c900000, 0x000000008c900000, 0x000000008ca00000|  0%| F|  |TAMS 0x000000008c900000, 0x000000008c900000| Untracked 
| 148|0x000000008ca00000, 0x000000008ca00000, 0x000000008cb00000|  0%| F|  |TAMS 0x000000008ca00000, 0x000000008ca00000| Untracked 
| 149|0x000000008cb00000, 0x000000008cb00000, 0x000000008cc00000|  0%| F|  |TAMS 0x000000008cb00000, 0x000000008cb00000| Untracked 
| 150|0x000000008cc00000, 0x000000008cc00000, 0x000000008cd00000|  0%| F|  |TAMS 0x000000008cc00000, 0x000000008cc00000| Untracked 
| 151|0x000000008cd00000, 0x000000008cd00000, 0x000000008ce00000|  0%| F|  |TAMS 0x000000008cd00000, 0x000000008cd00000| Untracked 
| 152|0x000000008ce00000, 0x000000008ce00000, 0x000000008cf00000|  0%| F|  |TAMS 0x000000008ce00000, 0x000000008ce00000| Untracked 
| 153|0x000000008cf00000, 0x000000008cf00000, 0x000000008d000000|  0%| F|  |TAMS 0x000000008cf00000, 0x000000008cf00000| Untracked 
| 154|0x000000008d000000, 0x000000008d000000, 0x000000008d100000|  0%| F|  |TAMS 0x000000008d000000, 0x000000008d000000| Untracked 
| 155|0x000000008d100000, 0x000000008d100000, 0x000000008d200000|  0%| F|  |TAMS 0x000000008d100000, 0x000000008d100000| Untracked 
| 156|0x000000008d200000, 0x000000008d200000, 0x000000008d300000|  0%| F|  |TAMS 0x000000008d200000, 0x000000008d200000| Untracked 
| 157|0x000000008d300000, 0x000000008d300000, 0x000000008d400000|  0%| F|  |TAMS 0x000000008d300000, 0x000000008d300000| Untracked 
| 158|0x000000008d400000, 0x000000008d400000, 0x000000008d500000|  0%| F|  |TAMS 0x000000008d400000, 0x000000008d400000| Untracked 
| 159|0x000000008d500000, 0x000000008d500000, 0x000000008d600000|  0%| F|  |TAMS 0x000000008d500000, 0x000000008d500000| Untracked 
| 160|0x000000008d600000, 0x000000008d600000, 0x000000008d700000|  0%| F|  |TAMS 0x000000008d600000, 0x000000008d600000| Untracked 
| 161|0x000000008d700000, 0x000000008d700000, 0x000000008d800000|  0%| F|  |TAMS 0x000000008d700000, 0x000000008d700000| Untracked 
| 162|0x000000008d800000, 0x000000008d800000, 0x000000008d900000|  0%| F|  |TAMS 0x000000008d800000, 0x000000008d800000| Untracked 
| 163|0x000000008d900000, 0x000000008d900000, 0x000000008da00000|  0%| F|  |TAMS 0x000000008d900000, 0x000000008d900000| Untracked 
| 164|0x000000008da00000, 0x000000008da00000, 0x000000008db00000|  0%| F|  |TAMS 0x000000008da00000, 0x000000008da00000| Untracked 
| 165|0x000000008db00000, 0x000000008db00000, 0x000000008dc00000|  0%| F|  |TAMS 0x000000008db00000, 0x000000008db00000| Untracked 
| 166|0x000000008dc00000, 0x000000008dc00000, 0x000000008dd00000|  0%| F|  |TAMS 0x000000008dc00000, 0x000000008dc00000| Untracked 
| 167|0x000000008dd00000, 0x000000008dd00000, 0x000000008de00000|  0%| F|  |TAMS 0x000000008dd00000, 0x000000008dd00000| Untracked 
| 168|0x000000008de00000, 0x000000008de00000, 0x000000008df00000|  0%| F|  |TAMS 0x000000008de00000, 0x000000008de00000| Untracked 
| 169|0x000000008df00000, 0x000000008df00000, 0x000000008e000000|  0%| F|  |TAMS 0x000000008df00000, 0x000000008df00000| Untracked 
| 170|0x000000008e000000, 0x000000008e000000, 0x000000008e100000|  0%| F|  |TAMS 0x000000008e000000, 0x000000008e000000| Untracked 
| 171|0x000000008e100000, 0x000000008e200000, 0x000000008e200000|100%| S|CS|TAMS 0x000000008e100000, 0x000000008e100000| Complete 
| 172|0x000000008e200000, 0x000000008e300000, 0x000000008e300000|100%| S|CS|TAMS 0x000000008e200000, 0x000000008e200000| Complete 
| 173|0x000000008e300000, 0x000000008e300000, 0x000000008e400000|  0%| F|  |TAMS 0x000000008e300000, 0x000000008e300000| Untracked 
| 174|0x000000008e400000, 0x000000008e400000, 0x000000008e500000|  0%| F|  |TAMS 0x000000008e400000, 0x000000008e400000| Untracked 
| 175|0x000000008e500000, 0x000000008e500000, 0x000000008e600000|  0%| F|  |TAMS 0x000000008e500000, 0x000000008e500000| Untracked 
| 176|0x000000008e600000, 0x000000008e600000, 0x000000008e700000|  0%| F|  |TAMS 0x000000008e600000, 0x000000008e600000| Untracked 
| 177|0x000000008e700000, 0x000000008e700000, 0x000000008e800000|  0%| F|  |TAMS 0x000000008e700000, 0x000000008e700000| Untracked 
| 178|0x000000008e800000, 0x000000008e800000, 0x000000008e900000|  0%| F|  |TAMS 0x000000008e800000, 0x000000008e800000| Untracked 
| 179|0x000000008e900000, 0x000000008e900000, 0x000000008ea00000|  0%| F|  |TAMS 0x000000008e900000, 0x000000008e900000| Untracked 
| 180|0x000000008ea00000, 0x000000008ea00000, 0x000000008eb00000|  0%| F|  |TAMS 0x000000008ea00000, 0x000000008ea00000| Untracked 
| 181|0x000000008eb00000, 0x000000008eb00000, 0x000000008ec00000|  0%| F|  |TAMS 0x000000008eb00000, 0x000000008eb00000| Untracked 

Card table byte_map: [0x000002115c2c0000,0x000002115c6b0000] _byte_map_base: 0x000002115bea5000

Marking Bits (Prev, Next): (CMBitMap*) 0x0000021145386100, (CMBitMap*) 0x00000211453860c0
 Prev Bits: [0x000002115e9d0000, 0x00000211608f8000)
 Next Bits: [0x000002115caa0000, 0x000002115e9c8000)

Polling page: 0x0000021143280000

Metaspace:

Usage:
  Non-class:     64.22 MB used.
      Class:      9.50 MB used.
       Both:     73.72 MB used.

Virtual space:
  Non-class space:       72.00 MB reserved,      64.44 MB ( 89%) committed,  9 nodes.
      Class space:        1.00 GB reserved,       9.75 MB ( <1%) committed,  1 nodes.
             Both:        1.07 GB reserved,      74.19 MB (  7%) committed. 

Chunk freelists:
   Non-Class:  2.64 MB
       Class:  2.10 MB
        Both:  4.74 MB

MaxMetaspaceSize: unlimited
CompressedClassSpaceSize: 1.00 GB
Initial GC threshold: 21.00 MB
Current GC threshold: 123.69 MB
CDS: on
MetaspaceReclaimPolicy: balanced
 - commit_granule_bytes: 65536.
 - commit_granule_words: 8192.
 - virtual_space_node_default_size: 1048576.
 - enlarge_chunks_in_place: 1.
 - new_chunks_are_fully_committed: 0.
 - uncommit_free_chunks: 1.
 - use_allocation_guard: 0.
 - handle_deallocations: 1.


Internal statistics:

num_allocs_failed_limit: 6.
num_arena_births: 634.
num_arena_deaths: 0.
num_vsnodes_births: 10.
num_vsnodes_deaths: 0.
num_space_committed: 1187.
num_space_uncommitted: 0.
num_chunks_returned_to_freelist: 6.
num_chunks_taken_from_freelist: 3293.
num_chunk_merges: 3.
num_chunk_splits: 2289.
num_chunks_enlarged: 1740.
num_purges: 0.
num_inconsistent_stats: 0.

CodeHeap 'non-profiled nmethods': size=120000Kb used=5806Kb max_used=5806Kb free=114194Kb
 bounds [0x0000021154670000, 0x0000021154c20000, 0x000002115bba0000]
CodeHeap 'profiled nmethods': size=120000Kb used=16127Kb max_used=16127Kb free=103872Kb
 bounds [0x000002114cba0000, 0x000002114db70000, 0x00000211540d0000]
CodeHeap 'non-nmethods': size=5760Kb used=1386Kb max_used=1437Kb free=4373Kb
 bounds [0x00000211540d0000, 0x0000021154340000, 0x0000021154670000]
 total_blobs=9296 nmethods=8587 adapters=620
 compilation: enabled
              stopped_count=0, restarted_count=0
 full_count=0

Compilation events (20 events):
Event: 46.080 Thread 0x00000211633273c0 10058       4       org.apache.xmlbeans.impl.store.Cur::pop (49 bytes)
Event: 46.098 Thread 0x00000211633273c0 nmethod 10058 0x0000021154c14110 code [0x0000021154c142e0, 0x0000021154c14cf8]
Event: 46.098 Thread 0x00000211633273c0 10059       4       org.apache.xmlbeans.impl.store.Cur$Locations::moveTo (39 bytes)
Event: 46.104 Thread 0x00000211633273c0 nmethod 10059 0x0000021154c15510 code [0x0000021154c156c0, 0x0000021154c15b98]
Event: 46.104 Thread 0x00000211633273c0 10060       4       org.apache.xmlbeans.impl.store.Cur$Locations::remove (229 bytes)
Event: 46.112 Thread 0x00000211633273c0 nmethod 10060 0x0000021154c15e10 code [0x0000021154c15fc0, 0x0000021154c165d8]
Event: 46.112 Thread 0x00000211633273c0 10057       4       org.apache.xmlbeans.impl.store.Xobj::getNormal (90 bytes)
Event: 46.114 Thread 0x00000211633273c0 nmethod 10057 0x0000021154c16b90 code [0x0000021154c16d20, 0x0000021154c16ee8]
Event: 46.114 Thread 0x00000211633273c0 10078       4       org.apache.xmlbeans.impl.store.Cur::toFirstAttr (42 bytes)
Event: 46.119 Thread 0x00000211633273c0 nmethod 10078 0x0000021154c17010 code [0x0000021154c171a0, 0x0000021154c17598]
Event: 46.119 Thread 0x00000211633273c0 10079       4       org.apache.xmlbeans.impl.store.Cur::isSamePos (60 bytes)
Event: 46.120 Thread 0x00000211633273c0 nmethod 10079 0x0000021154c17710 code [0x0000021154c17880, 0x0000021154c17938]
Event: 46.120 Thread 0x00000211633273c0 10007   !   4       com.mysql.cj.protocol.a.SimplePacketReader::readMessageLocal (145 bytes)
Event: 46.134 Thread 0x00000211633273c0 nmethod 10007 0x0000021154c17a10 code [0x0000021154c17c00, 0x0000021154c184d8]
Event: 46.134 Thread 0x00000211633273c0 10008       4       com.mysql.cj.protocol.a.MultiPacketReader::readMessage (10 bytes)
Event: 46.163 Thread 0x00000211633273c0 nmethod 10008 0x0000021154c18a90 code [0x0000021154c18ca0, 0x0000021154c197f8]
Event: 46.163 Thread 0x00000211633273c0 10009       4       com.mysql.cj.protocol.a.MultiPacketReader::readMessage (154 bytes)
Event: 46.165 Thread 0x0000021163349ce0 10081       3       java.util.Vector::elementData (7 bytes)
Event: 46.166 Thread 0x0000021163349ce0 nmethod 10081 0x000002114db5fe90 code [0x000002114db60020, 0x000002114db60158]
Event: 46.187 Thread 0x00000211633273c0 nmethod 10009 0x0000021154c1a190 code [0x0000021154c1a3a0, 0x0000021154c1aeb8]

GC Heap History (20 events):
Event: 18.398 GC heap after
{Heap after GC invocations=30 (full 0):
 garbage-first heap   total 63488K, used 35428K [0x0000000083600000, 0x0000000100000000)
  region size 1024K, 1 young (1024K), 1 survivors (1024K)
 Metaspace       used 67885K, committed 68352K, reserved 1114112K
  class space    used 8987K, committed 9216K, reserved 1048576K
}
Event: 18.422 GC heap before
{Heap before GC invocations=30 (full 0):
 garbage-first heap   total 63488K, used 50788K [0x0000000083600000, 0x0000000100000000)
  region size 1024K, 16 young (16384K), 1 survivors (1024K)
 Metaspace       used 67885K, committed 68352K, reserved 1114112K
  class space    used 8987K, committed 9216K, reserved 1048576K
}
Event: 18.424 GC heap after
{Heap after GC invocations=31 (full 0):
 garbage-first heap   total 63488K, used 35924K [0x0000000083600000, 0x0000000100000000)
  region size 1024K, 1 young (1024K), 1 survivors (1024K)
 Metaspace       used 67885K, committed 68352K, reserved 1114112K
  class space    used 8987K, committed 9216K, reserved 1048576K
}
Event: 18.802 GC heap before
{Heap before GC invocations=32 (full 0):
 garbage-first heap   total 70656K, used 51284K [0x0000000083600000, 0x0000000100000000)
  region size 1024K, 16 young (16384K), 1 survivors (1024K)
 Metaspace       used 69827K, committed 70272K, reserved 1114112K
  class space    used 9225K, committed 9408K, reserved 1048576K
}
Event: 18.806 GC heap after
{Heap after GC invocations=33 (full 0):
 garbage-first heap   total 70656K, used 37905K [0x0000000083600000, 0x0000000100000000)
  region size 1024K, 2 young (2048K), 2 survivors (2048K)
 Metaspace       used 69827K, committed 70272K, reserved 1114112K
  class space    used 9225K, committed 9408K, reserved 1048576K
}
Event: 18.827 GC heap before
{Heap before GC invocations=33 (full 0):
 garbage-first heap   total 70656K, used 38929K [0x0000000083600000, 0x0000000100000000)
  region size 1024K, 3 young (3072K), 2 survivors (2048K)
 Metaspace       used 69833K, committed 70272K, reserved 1114112K
  class space    used 9226K, committed 9408K, reserved 1048576K
}
Event: 18.834 GC heap after
{Heap after GC invocations=34 (full 0):
 garbage-first heap   total 186368K, used 38466K [0x0000000083600000, 0x0000000100000000)
  region size 1024K, 1 young (1024K), 1 survivors (1024K)
 Metaspace       used 69833K, committed 70272K, reserved 1114112K
  class space    used 9226K, committed 9408K, reserved 1048576K
}
Event: 31.031 GC heap before
{Heap before GC invocations=34 (full 0):
 garbage-first heap   total 186368K, used 144962K [0x0000000083600000, 0x0000000100000000)
  region size 1024K, 101 young (103424K), 1 survivors (1024K)
 Metaspace       used 75015K, committed 75520K, reserved 1122304K
  class space    used 9723K, committed 9984K, reserved 1048576K
}
Event: 31.059 GC heap after
{Heap after GC invocations=35 (full 0):
 garbage-first heap   total 186368K, used 78789K [0x0000000083600000, 0x0000000100000000)
  region size 1024K, 13 young (13312K), 13 survivors (13312K)
 Metaspace       used 75015K, committed 75520K, reserved 1122304K
  class space    used 9723K, committed 9984K, reserved 1048576K
}
Event: 38.815 GC heap before
{Heap before GC invocations=35 (full 0):
 garbage-first heap   total 186368K, used 141253K [0x0000000083600000, 0x0000000100000000)
  region size 1024K, 70 young (71680K), 13 survivors (13312K)
 Metaspace       used 75305K, committed 75776K, reserved 1122304K
  class space    used 9729K, committed 9984K, reserved 1048576K
}
Event: 38.847 GC heap after
{Heap after GC invocations=36 (full 0):
 garbage-first heap   total 186368K, used 105398K [0x0000000083600000, 0x0000000100000000)
  region size 1024K, 9 young (9216K), 9 survivors (9216K)
 Metaspace       used 75305K, committed 75776K, reserved 1122304K
  class space    used 9729K, committed 9984K, reserved 1048576K
}
Event: 38.999 GC heap before
{Heap before GC invocations=36 (full 0):
 garbage-first heap   total 186368K, used 138166K [0x0000000083600000, 0x0000000100000000)
  region size 1024K, 41 young (41984K), 9 survivors (9216K)
 Metaspace       used 75305K, committed 75776K, reserved 1122304K
  class space    used 9730K, committed 9984K, reserved 1048576K
}
Event: 39.024 GC heap after
{Heap after GC invocations=37 (full 0):
 garbage-first heap   total 186368K, used 119296K [0x0000000083600000, 0x0000000100000000)
  region size 1024K, 6 young (6144K), 6 survivors (6144K)
 Metaspace       used 75305K, committed 75776K, reserved 1122304K
  class space    used 9730K, committed 9984K, reserved 1048576K
}
Event: 45.997 GC heap before
{Heap before GC invocations=37 (full 0):
 garbage-first heap   total 186368K, used 126464K [0x0000000083600000, 0x0000000100000000)
  region size 1024K, 14 young (14336K), 6 survivors (6144K)
 Metaspace       used 75463K, committed 75968K, reserved 1122304K
  class space    used 9730K, committed 9984K, reserved 1048576K
}
Event: 46.005 GC heap after
{Heap after GC invocations=38 (full 0):
 garbage-first heap   total 186368K, used 122201K [0x0000000083600000, 0x0000000100000000)
  region size 1024K, 2 young (2048K), 2 survivors (2048K)
 Metaspace       used 75463K, committed 75968K, reserved 1122304K
  class space    used 9730K, committed 9984K, reserved 1048576K
}
Event: 46.147 GC heap before
{Heap before GC invocations=39 (full 0):
 garbage-first heap   total 186368K, used 118105K [0x0000000083600000, 0x0000000100000000)
  region size 1024K, 24 young (24576K), 2 survivors (2048K)
 Metaspace       used 75491K, committed 75968K, reserved 1122304K
  class space    used 9730K, committed 9984K, reserved 1048576K
}
Event: 46.156 GC heap after
{Heap after GC invocations=40 (full 0):
 garbage-first heap   total 186368K, used 107967K [0x0000000083600000, 0x0000000100000000)
  region size 1024K, 3 young (3072K), 3 survivors (3072K)
 Metaspace       used 75491K, committed 75968K, reserved 1122304K
  class space    used 9730K, committed 9984K, reserved 1048576K
}
Event: 46.175 GC heap before
{Heap before GC invocations=40 (full 0):
 garbage-first heap   total 186368K, used 114111K [0x0000000083600000, 0x0000000100000000)
  region size 1024K, 9 young (9216K), 3 survivors (3072K)
 Metaspace       used 75491K, committed 75968K, reserved 1122304K
  class space    used 9730K, committed 9984K, reserved 1048576K
}
Event: 46.186 GC heap after
{Heap after GC invocations=41 (full 0):
 garbage-first heap   total 186368K, used 96256K [0x0000000083600000, 0x0000000100000000)
  region size 1024K, 2 young (2048K), 2 survivors (2048K)
 Metaspace       used 75491K, committed 75968K, reserved 1122304K
  class space    used 9730K, committed 9984K, reserved 1048576K
}
Event: 46.198 GC heap before
{Heap before GC invocations=41 (full 0):
 garbage-first heap   total 186368K, used 103424K [0x0000000083600000, 0x0000000100000000)
  region size 1024K, 9 young (9216K), 2 survivors (2048K)
 Metaspace       used 75491K, committed 75968K, reserved 1122304K
  class space    used 9730K, committed 9984K, reserved 1048576K
}

Deoptimization events (20 events):
Event: 38.752 Thread 0x0000021166744060 DEOPT PACKING pc=0x0000021154bea664 sp=0x000000651dffea00
Event: 38.752 Thread 0x0000021166744060 DEOPT UNPACKING pc=0x0000021154125ba3 sp=0x000000651dffe970 mode 2
Event: 38.752 Thread 0x0000021166744060 Uncommon trap: trap_request=0xffffffbe fr.pc=0x0000021154bea664 relative=0x0000000000000244
Event: 38.753 Thread 0x0000021166744060 Uncommon trap: reason=profile_predicate action=maybe_recompile pc=0x0000021154bea664 method=java.util.regex.Pattern$Slice.match(Ljava/util/regex/Matcher;ILjava/lang/CharSequence;)Z @ 18 c2
Event: 38.753 Thread 0x0000021166744060 DEOPT PACKING pc=0x0000021154bea664 sp=0x000000651dffea00
Event: 38.753 Thread 0x0000021166744060 DEOPT UNPACKING pc=0x0000021154125ba3 sp=0x000000651dffe970 mode 2
Event: 38.753 Thread 0x0000021166744060 Uncommon trap: trap_request=0xffffffbe fr.pc=0x0000021154bea664 relative=0x0000000000000244
Event: 38.753 Thread 0x0000021166744060 Uncommon trap: reason=profile_predicate action=maybe_recompile pc=0x0000021154bea664 method=java.util.regex.Pattern$Slice.match(Ljava/util/regex/Matcher;ILjava/lang/CharSequence;)Z @ 18 c2
Event: 38.753 Thread 0x0000021166744060 DEOPT PACKING pc=0x0000021154bea664 sp=0x000000651dffea00
Event: 38.753 Thread 0x0000021166744060 DEOPT UNPACKING pc=0x0000021154125ba3 sp=0x000000651dffe970 mode 2
Event: 38.756 Thread 0x0000021166744060 Uncommon trap: trap_request=0xffffffc6 fr.pc=0x0000021154b506a4 relative=0x00000000000003e4
Event: 38.756 Thread 0x0000021166744060 Uncommon trap: reason=bimorphic_or_optimized_type_check action=maybe_recompile pc=0x0000021154b506a4 method=org.apache.xmlbeans.impl.values.XmlObjectBase.getStringValue()Ljava/lang/String; @ 86 c2
Event: 38.756 Thread 0x0000021166744060 DEOPT PACKING pc=0x0000021154b506a4 sp=0x000000651dffec80
Event: 38.756 Thread 0x0000021166744060 DEOPT UNPACKING pc=0x0000021154125ba3 sp=0x000000651dffec28 mode 2
Event: 39.936 Thread 0x0000021166744060 DEOPT PACKING pc=0x000002114d97bed1 sp=0x000000651dffc780
Event: 39.936 Thread 0x0000021166744060 DEOPT UNPACKING pc=0x00000211541266e3 sp=0x000000651dffbc10 mode 0
Event: 46.055 Thread 0x0000021166744060 Uncommon trap: trap_request=0xffffffc6 fr.pc=0x0000021154b506a4 relative=0x00000000000003e4
Event: 46.055 Thread 0x0000021166744060 Uncommon trap: reason=bimorphic_or_optimized_type_check action=maybe_recompile pc=0x0000021154b506a4 method=org.apache.xmlbeans.impl.values.XmlObjectBase.getStringValue()Ljava/lang/String; @ 86 c2
Event: 46.055 Thread 0x0000021166744060 DEOPT PACKING pc=0x0000021154b506a4 sp=0x000000651dffec80
Event: 46.055 Thread 0x0000021166744060 DEOPT UNPACKING pc=0x0000021154125ba3 sp=0x000000651dffec28 mode 2

Classes unloaded (0 events):
No events

Classes redefined (0 events):
No events

Internal exceptions (20 events):
Event: 17.088 Thread 0x0000021166744060 Exception <a 'java/lang/NoSuchMethodError'{0x000000008658d848}: 'java.lang.Object java.lang.invoke.DirectMethodHandle$Holder.invokeStaticInit(java.lang.Object, java.lang.Object, java.lang.Object, java.lang.Object, java.lang.Object, java.lang.Object)'> (0x000000008658d848) 
thrown [s\open\src\hotspot\share\interpreter\linkResolver.cpp, line 759]
Event: 17.743 Thread 0x0000021166744060 Exception <a 'java/lang/NoSuchMethodError'{0x000000008b3913c0}: 'void java.lang.invoke.DirectMethodHandle$Holder.invokeStatic(java.lang.Object, java.lang.Object, java.lang.Object, int)'> (0x000000008b3913c0) 
thrown [s\open\src\hotspot\share\interpreter\linkResolver.cpp, line 759]
Event: 17.744 Thread 0x0000021166744060 Exception <a 'java/lang/NoSuchMethodError'{0x000000008b394ad8}: 'void java.lang.invoke.DirectMethodHandle$Holder.invokeStaticInit(java.lang.Object, java.lang.Object, java.lang.Object, int)'> (0x000000008b394ad8) 
thrown [s\open\src\hotspot\share\interpreter\linkResolver.cpp, line 759]
Event: 17.953 Thread 0x0000021166744060 Exception <a 'java/lang/NoSuchMethodError'{0x000000008769d550}: 'java.lang.Object java.lang.invoke.DirectMethodHandle$Holder.invokeStatic(java.lang.Object, java.lang.Object, int, int)'> (0x000000008769d550) 
thrown [s\open\src\hotspot\share\interpreter\linkResolver.cpp, line 759]
Event: 17.954 Thread 0x0000021166744060 Exception <a 'java/lang/NoSuchMethodError'{0x00000000876a0d20}: 'java.lang.Object java.lang.invoke.DirectMethodHandle$Holder.invokeStaticInit(java.lang.Object, java.lang.Object, int, int)'> (0x00000000876a0d20) 
thrown [s\open\src\hotspot\share\interpreter\linkResolver.cpp, line 759]
Event: 18.346 Thread 0x0000021166744060 Exception <a 'java/lang/NoSuchMethodError'{0x00000000869241e8}: 'java.lang.Object java.lang.invoke.DirectMethodHandle$Holder.newInvokeSpecial(java.lang.Object, java.lang.Object, int, java.lang.Object)'> (0x00000000869241e8) 
thrown [s\open\src\hotspot\share\interpreter\linkResolver.cpp, line 759]
Event: 18.346 Thread 0x0000021166744060 Exception <a 'java/lang/NoSuchMethodError'{0x0000000086927db0}: 'java.lang.Object java.lang.invoke.Invokers$Holder.linkToTargetMethod(java.lang.Object, int, java.lang.Object, java.lang.Object)'> (0x0000000086927db0) 
thrown [s\open\src\hotspot\share\interpreter\linkResolver.cpp, line 759]
Event: 19.321 Thread 0x00000211667436c0 Exception <a 'sun/nio/fs/WindowsException'{0x000000008d5050b0}> (0x000000008d5050b0) 
thrown [s\open\src\hotspot\share\prims\jni.cpp, line 516]
Event: 19.321 Thread 0x00000211667436c0 Exception <a 'sun/nio/fs/WindowsException'{0x000000008d505368}> (0x000000008d505368) 
thrown [s\open\src\hotspot\share\prims\jni.cpp, line 516]
Event: 19.916 Thread 0x0000021166744060 Exception <a 'java/lang/NoSuchMethodError'{0x000000008c27c110}: 'java.lang.Object java.lang.invoke.DirectMethodHandle$Holder.invokeVirtual(java.lang.Object, java.lang.Object, int)'> (0x000000008c27c110) 
thrown [s\open\src\hotspot\share\interpreter\linkResolver.cpp, line 759]
Event: 19.917 Thread 0x0000021166744060 Exception <a 'java/lang/NoSuchMethodError'{0x000000008c283510}: 'void java.lang.invoke.DirectMethodHandle$Holder.invokeVirtual(java.lang.Object, java.lang.Object, int, java.lang.Object)'> (0x000000008c283510) 
thrown [s\open\src\hotspot\share\interpreter\linkResolver.cpp, line 759]
Event: 20.459 Thread 0x00000211667436c0 Exception <a 'sun/nio/fs/WindowsException'{0x000000008d508760}> (0x000000008d508760) 
thrown [s\open\src\hotspot\share\prims\jni.cpp, line 516]
Event: 20.474 Thread 0x0000021166744060 Implicit null exception at 0x0000021154aec504 to 0x0000021154af35cc
Event: 20.494 Thread 0x00000211667436c0 Exception <a 'sun/nio/fs/WindowsException'{0x000000008d5099f0}> (0x000000008d5099f0) 
thrown [s\open\src\hotspot\share\prims\jni.cpp, line 516]
Event: 21.224 Thread 0x0000021166744060 Exception <a 'java/lang/ClassNotFoundException'{0x000000008b1cfd78}: java/lang/ObjectCustomizer> (0x000000008b1cfd78) 
thrown [s\open\src\hotspot\share\classfile\systemDictionary.cpp, line 256]
Event: 21.225 Thread 0x0000021166744060 Exception <a 'java/lang/ClassNotFoundException'{0x000000008b1d8498}: org/example/model/M_50592Customizer> (0x000000008b1d8498) 
thrown [s\open\src\hotspot\share\classfile\systemDictionary.cpp, line 256]
Event: 22.231 Thread 0x0000021166744060 Exception <a 'java/lang/NoSuchMethodError'{0x000000008ad3a9b8}: 'int java.lang.invoke.DirectMethodHandle$Holder.invokeStatic(java.lang.Object, java.lang.Object, java.lang.Object, java.lang.Object, java.lang.Object)'> (0x000000008ad3a9b8) 
thrown [s\open\src\hotspot\share\interpreter\linkResolver.cpp, line 759]
Event: 24.421 Thread 0x0000021166744060 Exception <a 'java/lang/NoSuchMethodError'{0x000000008a161280}: 'java.lang.Object java.lang.invoke.DirectMethodHandle$Holder.invokeStatic(java.lang.Object, int, java.lang.Object)'> (0x000000008a161280) 
thrown [s\open\src\hotspot\share\interpreter\linkResolver.cpp, line 759]
Event: 45.454 Thread 0x00000211667436c0 Exception <a 'sun/nio/fs/WindowsException'{0x000000008e5d6930}> (0x000000008e5d6930) 
thrown [s\open\src\hotspot\share\prims\jni.cpp, line 516]
Event: 45.454 Thread 0x00000211667436c0 Exception <a 'sun/nio/fs/WindowsException'{0x000000008e5d6aa8}> (0x000000008e5d6aa8) 
thrown [s\open\src\hotspot\share\prims\jni.cpp, line 516]

VM Operations (20 events):
Event: 38.847 Executing VM operation: G1CollectForAllocation done
Event: 38.999 Executing VM operation: G1CollectForAllocation
Event: 39.024 Executing VM operation: G1CollectForAllocation done
Event: 40.027 Executing VM operation: Cleanup
Event: 40.027 Executing VM operation: Cleanup done
Event: 41.040 Executing VM operation: Cleanup
Event: 41.040 Executing VM operation: Cleanup done
Event: 43.062 Executing VM operation: Cleanup
Event: 43.063 Executing VM operation: Cleanup done
Event: 45.997 Executing VM operation: G1TryInitiateConcMark
Event: 46.006 Executing VM operation: G1TryInitiateConcMark done
Event: 46.093 Executing VM operation: G1Concurrent
Event: 46.098 Executing VM operation: G1Concurrent done
Event: 46.141 Executing VM operation: G1Concurrent
Event: 46.142 Executing VM operation: G1Concurrent done
Event: 46.146 Executing VM operation: G1CollectForAllocation
Event: 46.156 Executing VM operation: G1CollectForAllocation done
Event: 46.175 Executing VM operation: G1CollectForAllocation
Event: 46.186 Executing VM operation: G1CollectForAllocation done
Event: 46.198 Executing VM operation: G1CollectForAllocation

Events (20 events):
Event: 30.767 Thread 0x0000021164e4f790 Thread added: 0x0000021164e4f790
Event: 30.793 Thread 0x00000211662a6740 Thread added: 0x00000211662a6740
Event: 31.634 loading class sun/security/ssl/Alert
Event: 31.635 loading class sun/security/ssl/Alert done
Event: 31.635 loading class sun/security/ssl/Alert$AlertConsumer
Event: 31.636 loading class sun/security/ssl/Alert$AlertConsumer done
Event: 31.636 loading class sun/security/ssl/Alert$Level
Event: 31.636 loading class sun/security/ssl/Alert$Level done
Event: 31.670 Thread 0x0000021166744ed0 Thread added: 0x0000021166744ed0
Event: 31.670 Thread 0x0000021166744ed0 Thread exited: 0x0000021166744ed0
Event: 31.811 Thread 0x00000211662a6740 Thread exited: 0x00000211662a6740
Event: 31.811 Thread 0x0000021164e4f790 Thread exited: 0x0000021164e4f790
Event: 32.388 loading class java/util/concurrent/ConcurrentLinkedQueue$Itr
Event: 32.389 loading class java/util/concurrent/ConcurrentLinkedQueue$Itr done
Event: 38.703 Thread 0x0000021164e4f790 Thread added: 0x0000021164e4f790
Event: 38.877 Thread 0x0000021166744530 Thread exited: 0x0000021166744530
Event: 39.221 Thread 0x00000211665897a0 Thread added: 0x00000211665897a0
Event: 39.221 Thread 0x00000211665897a0 Thread exited: 0x00000211665897a0
Event: 39.344 Thread 0x0000021166588460 Thread added: 0x0000021166588460
Event: 39.388 Thread 0x0000021164e4f790 Thread exited: 0x0000021164e4f790


Dynamic libraries:
0x00007ff7c8300000 - 0x00007ff7c8310000 	C:\Program Files\Java\jdk-17\bin\java.exe
0x00007ff917690000 - 0x00007ff9178a4000 	C:\WINDOWS\SYSTEM32\ntdll.dll
0x00007ff915b90000 - 0x00007ff915c52000 	C:\WINDOWS\System32\KERNEL32.DLL
0x00007ff914f10000 - 0x00007ff9152b3000 	C:\WINDOWS\System32\KERNELBASE.dll
0x00007ff914c10000 - 0x00007ff914d21000 	C:\WINDOWS\System32\ucrtbase.dll
0x00007ff90da40000 - 0x00007ff90da58000 	C:\Program Files\Java\jdk-17\bin\jli.dll
0x00007ff90ac00000 - 0x00007ff90ac1b000 	C:\Program Files\Java\jdk-17\bin\VCRUNTIME140.dll
0x00007ff915750000 - 0x00007ff9157fe000 	C:\WINDOWS\System32\ADVAPI32.dll
0x00007ff9155f0000 - 0x00007ff915697000 	C:\WINDOWS\System32\msvcrt.dll
0x00007ff915800000 - 0x00007ff9158a4000 	C:\WINDOWS\System32\sechost.dll
0x00007ff9171a0000 - 0x00007ff9172b7000 	C:\WINDOWS\System32\RPCRT4.dll
0x00007ff916a80000 - 0x00007ff916c2b000 	C:\WINDOWS\System32\USER32.dll
0x00007ff9153e0000 - 0x00007ff915406000 	C:\WINDOWS\System32\win32u.dll
0x00007ff901f80000 - 0x00007ff90220e000 	C:\WINDOWS\WinSxS\amd64_microsoft.windows.common-controls_6595b64144ccf1df_6.0.22621.1635_none_270f70857386168e\COMCTL32.dll
0x00007ff9169f0000 - 0x00007ff916a19000 	C:\WINDOWS\System32\GDI32.dll
0x00007ff9152c0000 - 0x00007ff9153d8000 	C:\WINDOWS\System32\gdi32full.dll
0x00007ff914ab0000 - 0x00007ff914b4a000 	C:\WINDOWS\System32\msvcp_win.dll
0x00007ff90d8a0000 - 0x00007ff90d8aa000 	C:\WINDOWS\SYSTEM32\VERSION.dll
0x00007ff9155b0000 - 0x00007ff9155e1000 	C:\WINDOWS\System32\IMM32.DLL
0x00007ff90dad0000 - 0x00007ff90dadc000 	C:\Program Files\Java\jdk-17\bin\vcruntime140_1.dll
0x00007ff8eb980000 - 0x00007ff8eba0e000 	C:\Program Files\Java\jdk-17\bin\msvcp140.dll
0x00007ff8c3eb0000 - 0x00007ff8c4a87000 	C:\Program Files\Java\jdk-17\bin\server\jvm.dll
0x00007ff916ed0000 - 0x00007ff916ed8000 	C:\WINDOWS\System32\PSAPI.DLL
0x00007ff90a1a0000 - 0x00007ff90a1a9000 	C:\WINDOWS\SYSTEM32\WSOCK32.dll
0x00007ff8f58c0000 - 0x00007ff8f58f4000 	C:\WINDOWS\SYSTEM32\WINMM.dll
0x00007ff916d70000 - 0x00007ff916de1000 	C:\WINDOWS\System32\WS2_32.dll
0x00007ff913b00000 - 0x00007ff913b18000 	C:\WINDOWS\SYSTEM32\kernel.appcore.dll
0x00007ff90b7c0000 - 0x00007ff90b7ca000 	C:\Program Files\Java\jdk-17\bin\jimage.dll
0x00007ff90e820000 - 0x00007ff90ea4e000 	C:\WINDOWS\SYSTEM32\DBGHELP.DLL
0x00007ff9172c0000 - 0x00007ff917649000 	C:\WINDOWS\System32\combase.dll
0x00007ff916df0000 - 0x00007ff916ec7000 	C:\WINDOWS\System32\OLEAUT32.dll
0x00007ff904840000 - 0x00007ff904872000 	C:\WINDOWS\SYSTEM32\dbgcore.DLL
0x00007ff915410000 - 0x00007ff91548b000 	C:\WINDOWS\System32\bcryptPrimitives.dll
0x00007ff90aba0000 - 0x00007ff90abae000 	C:\Program Files\Java\jdk-17\bin\instrument.dll
0x00007ff9039a0000 - 0x00007ff9039c5000 	C:\Program Files\Java\jdk-17\bin\java.dll
0x00007ff8e3c70000 - 0x00007ff8e3d47000 	C:\Program Files\Java\jdk-17\bin\jsvml.dll
0x00007ff915c60000 - 0x00007ff91645a000 	C:\WINDOWS\System32\SHELL32.dll
0x00007ff912ab0000 - 0x00007ff91337e000 	C:\WINDOWS\SYSTEM32\windows.storage.dll
0x00007ff912970000 - 0x00007ff912aae000 	C:\WINDOWS\SYSTEM32\wintypes.dll
0x00007ff916460000 - 0x00007ff916551000 	C:\WINDOWS\System32\SHCORE.dll
0x00007ff916d10000 - 0x00007ff916d6e000 	C:\WINDOWS\System32\shlwapi.dll
0x00007ff9149e0000 - 0x00007ff914a01000 	C:\WINDOWS\SYSTEM32\profapi.dll
0x00007ff903820000 - 0x00007ff903838000 	C:\Program Files\Java\jdk-17\bin\zip.dll
0x00007ff903d40000 - 0x00007ff903d59000 	C:\Program Files\Java\jdk-17\bin\net.dll
0x00007ff90db00000 - 0x00007ff90dc37000 	C:\WINDOWS\SYSTEM32\WINHTTP.dll
0x00007ff913f70000 - 0x00007ff913fd9000 	C:\WINDOWS\system32\mswsock.dll
0x00007ff903a90000 - 0x00007ff903aa6000 	C:\Program Files\Java\jdk-17\bin\nio.dll
0x00007ff8eba50000 - 0x00007ff8eba6a000 	C:\Program Files\JetBrains\IntelliJ IDEA Community Edition 2023.1\bin\breakgen64.dll
0x00007ff90ab60000 - 0x00007ff90ab70000 	C:\Program Files\Java\jdk-17\bin\verify.dll
0x00007ff904880000 - 0x00007ff90488a000 	C:\Program Files\Java\jdk-17\bin\management.dll
0x00007ff903b00000 - 0x00007ff903b0b000 	C:\Program Files\Java\jdk-17\bin\management_ext.dll
0x00007ff8ecb70000 - 0x00007ff8ecb87000 	C:\WINDOWS\system32\napinsp.dll
0x00007ff8ecb50000 - 0x00007ff8ecb6b000 	C:\WINDOWS\system32\pnrpnsp.dll
0x00007ff913650000 - 0x00007ff913743000 	C:\WINDOWS\SYSTEM32\DNSAPI.dll
0x00007ff9135e0000 - 0x00007ff91360d000 	C:\WINDOWS\SYSTEM32\IPHLPAPI.DLL
0x00007ff9169e0000 - 0x00007ff9169e9000 	C:\WINDOWS\System32\NSI.dll
0x00007ff8ecb30000 - 0x00007ff8ecb41000 	C:\WINDOWS\System32\winrnr.dll
0x00007ff8ecb10000 - 0x00007ff8ecb25000 	C:\WINDOWS\system32\wshbth.dll
0x00007ff8ecae0000 - 0x00007ff8ecb01000 	C:\WINDOWS\system32\nlansp_c.dll
0x00007ff901c80000 - 0x00007ff901c8a000 	C:\Windows\System32\rasadhlp.dll
0x00007ff90d6f0000 - 0x00007ff90d774000 	C:\WINDOWS\System32\fwpuclnt.dll
0x00007ff9141d0000 - 0x00007ff9141eb000 	C:\WINDOWS\SYSTEM32\CRYPTSP.dll
0x00007ff913a70000 - 0x00007ff913aa5000 	C:\WINDOWS\system32\rsaenh.dll
0x00007ff914070000 - 0x00007ff914098000 	C:\WINDOWS\SYSTEM32\USERENV.dll
0x00007ff914390000 - 0x00007ff9143b8000 	C:\WINDOWS\SYSTEM32\bcrypt.dll
0x00007ff9141f0000 - 0x00007ff9141fc000 	C:\WINDOWS\SYSTEM32\CRYPTBASE.dll
0x00007ff90da80000 - 0x00007ff90da99000 	C:\WINDOWS\SYSTEM32\dhcpcsvc6.DLL
0x00007ff90da60000 - 0x00007ff90da7f000 	C:\WINDOWS\SYSTEM32\dhcpcsvc.DLL
0x00007ff903680000 - 0x00007ff90368d000 	C:\Program Files\Java\jdk-17\bin\sunmscapi.dll
0x00007ff914d30000 - 0x00007ff914e97000 	C:\WINDOWS\System32\CRYPT32.dll
0x00007ff914360000 - 0x00007ff91438e000 	C:\WINDOWS\SYSTEM32\ncrypt.dll
0x00007ff914320000 - 0x00007ff914357000 	C:\WINDOWS\SYSTEM32\NTASN1.dll
0x00007ff8c63f0000 - 0x00007ff8c63f8000 	C:\WINDOWS\system32\wshunix.dll

dbghelp: loaded successfully - version: 4.0.5 - missing functions: none
symbol engine: initialized successfully - sym options: 0x614 - pdb path: .;C:\Program Files\Java\jdk-17\bin;C:\WINDOWS\SYSTEM32;C:\WINDOWS\WinSxS\amd64_microsoft.windows.common-controls_6595b64144ccf1df_6.0.22621.1635_none_270f70857386168e;C:\Program Files\Java\jdk-17\bin\server;C:\Program Files\JetBrains\IntelliJ IDEA Community Edition 2023.1\bin

VM Arguments:
jvm_args: -javaagent:C:\Program Files\JetBrains\IntelliJ IDEA Community Edition 2023.1\lib\idea_rt.jar=49979:C:\Program Files\JetBrains\IntelliJ IDEA Community Edition 2023.1\bin -Dfile.encoding=UTF-8 
java_command: org.example.Main
java_class_path (initial): C:\Users\ilham\IdeaProjects\sncf-ihm\Backend\target\classes;C:\Users\ilham\.m2\repository\org\springframework\boot\spring-boot-starter-data-jpa\2.6.7\spring-boot-starter-data-jpa-2.6.7.jar;C:\Users\ilham\.m2\repository\org\springframework\boot\spring-boot-starter-aop\2.6.7\spring-boot-starter-aop-2.6.7.jar;C:\Users\ilham\.m2\repository\org\aspectj\aspectjweaver\1.9.7\aspectjweaver-1.9.7.jar;C:\Users\ilham\.m2\repository\jakarta\transaction\jakarta.transaction-api\1.3.3\jakarta.transaction-api-1.3.3.jar;C:\Users\ilham\.m2\repository\org\springframework\spring-aspects\5.3.19\spring-aspects-5.3.19.jar;C:\Users\ilham\.m2\repository\org\jasypt\jasypt\1.9.3\jasypt-1.9.3.jar;C:\Users\ilham\.m2\repository\org\springframework\security\spring-security-web\5.5.0\spring-security-web-5.5.0.jar;C:\Users\ilham\.m2\repository\org\springframework\security\spring-security-core\5.6.3\spring-security-core-5.6.3.jar;C:\Users\ilham\.m2\repository\org\springframework\security\spring-security-crypto\5.6.3\spring-security-crypto-5.6.3.jar;C:\Users\ilham\.m2\repository\org\springframework\spring-core\5.3.19\spring-core-5.3.19.jar;C:\Users\ilham\.m2\repository\org\springframework\spring-jcl\5.3.19\spring-jcl-5.3.19.jar;C:\Users\ilham\.m2\repository\org\springframework\spring-aop\5.3.19\spring-aop-5.3.19.jar;C:\Users\ilham\.m2\repository\org\springframework\spring-context\5.3.19\spring-context-5.3.19.jar;C:\Users\ilham\.m2\repository\org\springframework\spring-expression\5.3.19\spring-expression-5.3.19.jar;C:\Users\ilham\.m2\repository\org\springframework\spring-web\5.3.9\spring-web-5.3.9.jar;C:\Users\ilham\.m2\repository\com\fasterxml\jackson\core\jackson-databind\2.12.3\jackson-databind-2.12.3.jar;C:\Users\ilham\.m2\repository\com\fasterxml\jackson\core\jackson-annotations\2.13.2\jackson-annotations-2.13.2.jar;C:\Users\ilham\.m2\repository\com\fasterxml\jackson\core\jackson-core\2.13.2\jackson-core-2.13.2.jar;C:\Users\ilham\.m2\repository\org\springframework\boot
Launcher Type: SUN_STANDARD

[Global flags]
     intx CICompilerCount                          = 4                                         {product} {ergonomic}
     uint ConcGCThreads                            = 2                                         {product} {ergonomic}
     uint G1ConcRefinementThreads                  = 8                                         {product} {ergonomic}
   size_t G1HeapRegionSize                         = 1048576                                   {product} {ergonomic}
    uintx GCDrainStackTargetSize                   = 64                                        {product} {ergonomic}
   size_t InitialHeapSize                          = 132120576                                 {product} {ergonomic}
   size_t MarkStackSize                            = 4194304                                   {product} {ergonomic}
   size_t MaxHeapSize                              = 2090860544                                {product} {ergonomic}
   size_t MaxNewSize                               = 1254096896                                {product} {ergonomic}
   size_t MinHeapDeltaBytes                        = 1048576                                   {product} {ergonomic}
   size_t MinHeapSize                              = 8388608                                   {product} {ergonomic}
    uintx NonNMethodCodeHeapSize                   = 5839372                                {pd product} {ergonomic}
    uintx NonProfiledCodeHeapSize                  = 122909434                              {pd product} {ergonomic}
    uintx ProfiledCodeHeapSize                     = 122909434                              {pd product} {ergonomic}
    uintx ReservedCodeCacheSize                    = 251658240                              {pd product} {ergonomic}
     bool SegmentedCodeCache                       = true                                      {product} {ergonomic}
   size_t SoftMaxHeapSize                          = 2090860544                             {manageable} {ergonomic}
     bool UseCompressedClassPointers               = true                           {product lp64_product} {ergonomic}
     bool UseCompressedOops                        = true                           {product lp64_product} {ergonomic}
     bool UseG1GC                                  = true                                      {product} {ergonomic}
     bool UseLargePagesIndividualAllocation        = false                                  {pd product} {ergonomic}

Logging:
Log output configuration:
 #0: stdout all=warning uptime,level,tags
 #1: stderr all=off uptime,level,tags

Environment Variables:
PATH=C:\Python311\Scripts\;C:\Python311\;C:\Program Files\Common Files\Oracle\Java\javapath;C:\WINDOWS\system32;C:\WINDOWS;C:\WINDOWS\System32\Wbem;C:\WINDOWS\System32\WindowsPowerShell\v1.0\;C:\WINDOWS\System32\OpenSSH\;C:\Program Files (x86)\PuTTY\;C:\wamp64\bin\php\php8.1.13;C:\ProgramData\ComposerSetup\bin;C:\Program Files\Git\cmd;C:\Program Files\Java\jdk-17\bin;C:\Users\ilham\Downloads\apache-maven-3.9.1-bin\apache-maven-3.9.1\bin;C:\Program Files\MySQL\MySQL Shell 8.0\bin;C:\ProgramData\chocolatey\bin;C:\Program Files\nodejs\;C:\Program Files\MySQL\MySQL Shell 8.0\bin\;C:\Users\ilham\AppData\Local\Microsoft\WindowsApps;C:\Users\ilham\AppData\Roaming\Composer\vendor\bin;C:\Users\ilham\AppData\Local\Programs\Microsoft VS Code\bin;C:\Program Files\JetBrains\IntelliJ IDEA Community Edition 2023.1\bin;;C:\Users\ilham\Downloads\apache-maven-3.9.1-bin\apache-maven-3.9.1;C:\Users\ilham\AppData\Roaming\npm;C:\Windows\System32;
USERNAME=ilham
OS=Windows_NT
PROCESSOR_IDENTIFIER=Intel64 Family 6 Model 126 Stepping 5, GenuineIntel



---------------  S Y S T E M  ---------------

OS:
 Windows 11 , 64 bit Build 22621 (10.0.22621.1635)
OS uptime: 26 days 7:23 hours

CPU: total 8 (initial active 8) (4 cores per cpu, 2 threads per core) family 6 model 126 stepping 5 microcode 0xa0, cx8, cmov, fxsr, ht, mmx, 3dnowpref, sse, sse2, sse3, ssse3, sse4.1, sse4.2, popcnt, lzcnt, tsc, tscinvbit, avx, avx2, aes, erms, clmul, bmi1, bmi2, adx, avx512f, avx512dq, avx512cd, avx512bw, avx512vl, sha, fma, vzeroupper, avx512_vpopcntdq, avx512_vpclmulqdq, avx512_vaes, avx512_vnni, clflush, clflushopt, avx512_vbmi2, avx512_vbmi

Memory: 4k page, system-wide physical 7973M (339M free)
TotalPageFile size 32549M (AvailPageFile size 248M)
current process WorkingSet (physical memory assigned to process): 355M, peak: 380M
current process commit charge ("private bytes"): 408M, peak: 772M

vm_info: Java HotSpot(TM) 64-Bit Server VM (17.0.6+9-LTS-190) for windows-amd64 JRE (17.0.6+9-LTS-190), built on Dec  6 2022 15:53:54 by "mach5one" with MS VC++ 17.1 (VS2022)

END.
