#
# There is insufficient memory for the Java Runtime Environment to continue.
# Native memory allocation (mmap) failed to map 520093696 bytes for G1 virtual space
# Possible reasons:
#   The system is out of physical RAM or swap space
#   The process is running with CompressedOops enabled, and the Java Heap may be blocking the growth of the native heap
# Possible solutions:
#   Reduce memory load on the system
#   Increase physical memory or swap space
#   Check if swap backing store is full
#   Decrease Java heap size (-Xmx/-Xms)
#   Decrease number of Java threads
#   Decrease Java thread stack sizes (-Xss)
#   Set larger code cache with -XX:ReservedCodeCacheSize=
#   JVM is running with Unscaled Compressed Oops mode in which the Java heap is
#     placed in the first 4GB address space. The Java Heap base address is the
#     maximum limit for the native heap growth. Please use -XX:HeapBaseMinAddress
#     to set the Java Heap base and to place the Java Heap above 4GB virtual address.
# This output file may be truncated or incomplete.
#
#  Out of Memory Error (os_windows.cpp:3550), pid=127908, tid=127024
#
# JRE version: Java(TM) SE Runtime Environment (17.0.6+9) (build 17.0.6+9-LTS-190)
# Java VM: Java HotSpot(TM) 64-Bit Server VM (17.0.6+9-LTS-190, mixed mode, sharing, tiered, compressed oops, compressed class ptrs, g1 gc, windows-amd64)
# No core dump will be written. Minidumps are not enabled by default on client versions of Windows
#

---------------  S U M M A R Y ------------

Command Line: -javaagent:C:\Program Files\JetBrains\IntelliJ IDEA Community Edition 2023.1\lib\idea_rt.jar=49708:C:\Program Files\JetBrains\IntelliJ IDEA Community Edition 2023.1\bin -Dfile.encoding=UTF-8 org.example.Main

Host: Intel(R) Core(TM) i5-1035G1 CPU @ 1.00GHz, 8 cores, 7G,  Windows 11 , 64 bit Build 22621 (10.0.22621.1635)
Time: Mon Jun  5 21:19:42 2023 Paris, Madrid (heure duild 22621 (10.0.22621.1635) elapsed time: 129.613687 seconds (0d 0h 2m 9s)

---------------  T H R E A D  ---------------

Current thread (0x000001fda3c10d90):  VMThread "VM Thread" [stack: 0x000000b99c800000,0x000000b99c900000] [id=127024]

Stack: [0x000000b99c800000,0x000000b99c900000]
Native frames: (J=compiled Java code, j=interpreted, Vv=VM code, C=native code)
V  [jvm.dll+0x6734ea]
V  [jvm.dll+0x7d18f4]
V  [jvm.dll+0x7d309e]
V  [jvm.dll+0x7d3703]
V  [jvm.dll+0x2433c5]
V  [jvm.dll+0x6703f9]
V  [jvm.dll+0x664d32]
V  [jvm.dll+0x300086]
V  [jvm.dll+0x307606]
V  [jvm.dll+0x356c1e]
V  [jvm.dll+0x356e4f]
V  [jvm.dll+0x2d72e8]
V  [jvm.dll+0x2d57e5]
V  [jvm.dll+0x2d4dec]
V  [jvm.dll+0x3186a1]
V  [jvm.dll+0x7d7f0b]
V  [jvm.dll+0x7d8c44]
V  [jvm.dll+0x7d915d]
V  [jvm.dll+0x7d9534]
V  [jvm.dll+0x7d9600]
V  [jvm.dll+0x781a7a]
V  [jvm.dll+0x672375]
C  [ucrtbase.dll+0x29363]
C  [KERNEL32.DLL+0x126ad]
C  [ntdll.dll+0x5a9f8]

VM_Operation (0x000000b99f7fdfe8): G1TryInitiateConcMark, mode: safepoint, requested by thread 0x000001fdabe7c710


---------------  P R O C E S S  ---------------

Threads class SMR info:
_java_thread_list=0x000001fda5b6d4f0, length=38, elements={
0x000001fd85bfc690, 0x000001fda3c16c70, 0x000001fda3c17820, 0x000001fda3c2bd40,
0x000001fda3c2d810, 0x000001fda3c30970, 0x000001fda3c31ac0, 0x000001fda3c36440,
0x000001fda3c395e0, 0x000001fda3c3ab80, 0x000001fda48c7680, 0x000001fda4ce2630,
0x000001fda4d924d0, 0x000001fda56d3040, 0x000001fda524ff70, 0x000001fda573f6f0,
0x000001fda573fbc0, 0x000001fda573dee0, 0x000001fda5740560, 0x000001fda5740a30,
0x000001fda573e3b0, 0x000001fda5740090, 0x000001fda57413d0, 0x000001fdabe7e8c0,
0x000001fdabe82750, 0x000001fdabe7fc00, 0x000001fdabe7e3f0, 0x000001fdabe82c20,
0x000001fdabe7cbe0, 0x000001fdabe7d0b0, 0x000001fdabe7ed90, 0x000001fdabe805a0,
0x000001fdabe82280, 0x000001fdabe800d0, 0x000001fdabe7bd70, 0x000001fdabe7c710,
0x000001fdabe7b8a0, 0x000001fdabe7f260
}

Java Threads: ( => current thread )
  0x000001fd85bfc690 JavaThread "main" [_thread_blocked, id=128296, stack(0x000000b99c200000,0x000000b99c300000)]
  0x000001fda3c16c70 JavaThread "Reference Handler" daemon [_thread_blocked, id=128568, stack(0x000000b99c900000,0x000000b99ca00000)]
  0x000001fda3c17820 JavaThread "Finalizer" daemon [_thread_blocked, id=87448, stack(0x000000b99ca00000,0x000000b99cb00000)]
  0x000001fda3c2bd40 JavaThread "Signal Dispatcher" daemon [_thread_blocked, id=56012, stack(0x000000b99cb00000,0x000000b99cc00000)]
  0x000001fda3c2d810 JavaThread "Attach Listener" daemon [_thread_blocked, id=111016, stack(0x000000b99cc00000,0x000000b99cd00000)]
  0x000001fda3c30970 JavaThread "Service Thread" daemon [_thread_blocked, id=123160, stack(0x000000b99cd00000,0x000000b99ce00000)]
  0x000001fda3c31ac0 JavaThread "Monitor Deflation Thread" daemon [_thread_blocked, id=129196, stack(0x000000b99ce00000,0x000000b99cf00000)]
  0x000001fda3c36440 JavaThread "C2 CompilerThread0" daemon [_thread_blocked, id=55368, stack(0x000000b99cf00000,0x000000b99d000000)]
  0x000001fda3c395e0 JavaThread "C1 CompilerThread0" daemon [_thread_blocked, id=128240, stack(0x000000b99d000000,0x000000b99d100000)]
  0x000001fda3c3ab80 JavaThread "Sweeper thread" daemon [_thread_blocked, id=129036, stack(0x000000b99d100000,0x000000b99d200000)]
  0x000001fda48c7680 JavaThread "Common-Cleaner" daemon [_thread_blocked, id=121292, stack(0x000000b99d200000,0x000000b99d300000)]
  0x000001fda4ce2630 JavaThread "Monitor Ctrl-Break" daemon [_thread_in_native, id=125888, stack(0x000000b99d300000,0x000000b99d400000)]
  0x000001fda4d924d0 JavaThread "Notification Thread" daemon [_thread_blocked, id=129708, stack(0x000000b99d400000,0x000000b99d500000)]
  0x000001fda56d3040 JavaThread "Thread-0" [_thread_blocked, id=129948, stack(0x000000b99d700000,0x000000b99d800000)]
  0x000001fda524ff70 JavaThread "restartedMain" [_thread_blocked, id=127280, stack(0x000000b99d800000,0x000000b99d900000)]
  0x000001fda573f6f0 JavaThread "mysql-cj-abandoned-connection-cleanup" daemon [_thread_blocked, id=20132, stack(0x000000b99e200000,0x000000b99e300000)]
  0x000001fda573fbc0 JavaThread "sncf housekeeper" daemon [_thread_blocked, id=44152, stack(0x000000b99e400000,0x000000b99e500000)]
  0x000001fda573dee0 JavaThread "Catalina-utility-1" [_thread_blocked, id=32292, stack(0x000000b99e600000,0x000000b99e700000)]
  0x000001fda5740560 JavaThread "Catalina-utility-2" [_thread_blocked, id=126280, stack(0x000000b99e700000,0x000000b99e800000)]
  0x000001fda5740a30 JavaThread "container-0" [_thread_blocked, id=126604, stack(0x000000b99e800000,0x000000b99e900000)]
  0x000001fda573e3b0 JavaThread "File Watcher" daemon [_thread_blocked, id=125596, stack(0x000000b99e500000,0x000000b99e600000)]
  0x000001fda5740090 JavaThread "Live Reload Server" daemon [_thread_in_native, id=108664, stack(0x000000b99ea00000,0x000000b99eb00000)]
  0x000001fda57413d0 JavaThread "http-nio-8080-exec-1" daemon [_thread_blocked, id=124556, stack(0x000000b99e900000,0x000000b99ea00000)]
  0x000001fdabe7e8c0 JavaThread "http-nio-8080-exec-2" daemon [_thread_blocked, id=129468, stack(0x000000b99eb00000,0x000000b99ec00000)]
  0x000001fdabe82750 JavaThread "http-nio-8080-exec-3" daemon [_thread_blocked, id=125828, stack(0x000000b99ec00000,0x000000b99ed00000)]
  0x000001fdabe7fc00 JavaThread "http-nio-8080-exec-4" daemon [_thread_blocked, id=96952, stack(0x000000b99ed00000,0x000000b99ee00000)]
  0x000001fdabe7e3f0 JavaThread "http-nio-8080-exec-5" daemon [_thread_blocked, id=128884, stack(0x000000b99ee00000,0x000000b99ef00000)]
  0x000001fdabe82c20 JavaThread "http-nio-8080-exec-6" daemon [_thread_blocked, id=17272, stack(0x000000b99ef00000,0x000000b99f000000)]
  0x000001fdabe7cbe0 JavaThread "http-nio-8080-exec-7" daemon [_thread_blocked, id=14608, stack(0x000000b99f000000,0x000000b99f100000)]
  0x000001fdabe7d0b0 JavaThread "http-nio-8080-exec-8" daemon [_thread_blocked, id=20460, stack(0x000000b99f100000,0x000000b99f200000)]
  0x000001fdabe7ed90 JavaThread "http-nio-8080-exec-9" daemon [_thread_blocked, id=126824, stack(0x000000b99f200000,0x000000b99f300000)]
  0x000001fdabe805a0 JavaThread "http-nio-8080-exec-10" daemon [_thread_blocked, id=120724, stack(0x000000b99f300000,0x000000b99f400000)]
  0x000001fdabe82280 JavaThread "http-nio-8080-Poller" daemon [_thread_in_native, id=38784, stack(0x000000b99f400000,0x000000b99f500000)]
  0x000001fdabe800d0 JavaThread "http-nio-8080-Acceptor" daemon [_thread_in_native, id=126468, stack(0x000000b99f500000,0x000000b99f600000)]
  0x000001fdabe7bd70 JavaThread "Thread-7" [_thread_blocked, id=128692, stack(0x000000b99f600000,0x000000b99f700000)]
  0x000001fdabe7c710 JavaThread "Thread-8" [_thread_blocked, id=126436, stack(0x000000b99f700000,0x000000b99f800000)]
  0x000001fdabe7b8a0 JavaThread "FileSystemWatchService" daemon [_thread_in_native, id=19024, stack(0x000000b99f800000,0x000000b99f900000)]
  0x000001fdabe7f260 JavaThread "Keep-Alive-Timer" daemon [_thread_blocked, id=30708, stack(0x000000b99bf00000,0x000000b99c000000)]

Other Threads:
=>0x000001fda3c10d90 VMThread "VM Thread" [stack: 0x000000b99c800000,0x000000b99c900000] [id=127024]
  0x000001fda4d969c0 WatcherThread [stack: 0x000000b99d500000,0x000000b99d600000] [id=126736]
  0x000001fd85c55e60 GCTaskThread "GC Thread#0" [stack: 0x000000b99c300000,0x000000b99c400000] [id=127172]
  0x000001fda584d9a0 GCTaskThread "GC Thread#1" [stack: 0x000000b99d900000,0x000000b99da00000] [id=129092]
  0x000001fda584dc50 GCTaskThread "GC Thread#2" [stack: 0x000000b99da00000,0x000000b99db00000] [id=128200]
  0x000001fda58af8b0 GCTaskThread "GC Thread#3" [stack: 0x000000b99db00000,0x000000b99dc00000] [id=129936]
  0x000001fda58afb60 GCTaskThread "GC Thread#4" [stack: 0x000000b99dc00000,0x000000b99dd00000] [id=72292]
  0x000001fda58afe10 GCTaskThread "GC Thread#5" [stack: 0x000000b99dd00000,0x000000b99de00000] [id=99236]
  0x000001fda4fe68d0 GCTaskThread "GC Thread#6" [stack: 0x000000b99de00000,0x000000b99df00000] [id=127888]
  0x000001fda56b1660 GCTaskThread "GC Thread#7" [stack: 0x000000b99df00000,0x000000b99e000000] [id=23500]
  0x000001fd85c66840 ConcurrentGCThread "G1 Main Marker" [stack: 0x000000b99c400000,0x000000b99c500000] [id=129804]
  0x000001fd85c679f0 ConcurrentGCThread "G1 Conc#0" [stack: 0x000000b99c500000,0x000000b99c600000] [id=116536]
  0x000001fda60bc520 ConcurrentGCThread "G1 Conc#1" [stack: 0x000000b99e100000,0x000000b99e200000] [id=126116]
  0x000001fd85cbec70 ConcurrentGCThread "G1 Refine#0" [stack: 0x000000b99c600000,0x000000b99c700000] [id=45444]
  0x000001fda541acb0 ConcurrentGCThread "G1 Refine#1" [stack: 0x000000b99e000000,0x000000b99e100000] [id=127820]
  0x000001fda6101600 ConcurrentGCThread "G1 Refine#2" [stack: 0x000000b99f900000,0x000000b99fa00000] [id=126836]
  0x000001fda7730080 ConcurrentGCThread "G1 Refine#3" [stack: 0x000000b99fa00000,0x000000b99fb00000] [id=118168]
  0x000001fda7733a00 ConcurrentGCThread "G1 Refine#4" [stack: 0x000000b99d600000,0x000000b99d700000] [id=122772]
  0x000001fda7730920 ConcurrentGCThread "G1 Refine#5" [stack: 0x000000b99fc00000,0x000000b99fd00000] [id=126156]
  0x000001fda77325e0 ConcurrentGCThread "G1 Refine#6" [stack: 0x000000b99fd00000,0x000000b99fe00000] [id=99076]
  0x000001fda7733160 ConcurrentGCThread "G1 Refine#7" [stack: 0x000000b99fe00000,0x000000b99ff00000] [id=128092]
  0x000001fda3acdba0 ConcurrentGCThread "G1 Service" [stack: 0x000000b99c700000,0x000000b99c800000] [id=114864]

Threads with active compile tasks:
C2 CompilerThread0   129687 11715       4       org.jboss.logging.Logger::isDebugEnabled (8 bytes)

VM state: at safepoint (normal execution)

VM Mutex/Monitor currently owned by a thread:  ([mutex/lock_event])
[0x000001fd85bf8a00] Threads_lock - owner thread: 0x000001fda3c10d90
[0x000001fd85bf90c0] Heap_lock - owner thread: 0x000001fdabe7c710

Heap address: 0x0000000083600000, size: 1994 MB, Compressed Oops mode: 32-bit

CDS archive(s) mapped at: [0x0000000800000000-0x0000000800bd0000-0x0000000800bd0000), size 12386304, SharedBaseAddress: 0x0000000800000000, ArchiveRelocationMode: 0.
Compressed class space mapped at: 0x0000000800c00000-0x0000000840c00000, reserved size: 1073741824
Narrow klass base: 0x0000000800000000, Narrow klass shift: 0, Narrow klass range: 0x100000000

GC Precious Log:
 CPUs: 8 total, 8 available
 Memory: 7973M
 Large Page Support: Disabled
 NUMA Support: Disabled
 Compressed Oops: Enabled (32-bit)
 Heap Region Size: 1M
 Heap Min Capacity: 8M
 Heap Initial Capacity: 126M
 Heap Max Capacity: 1994M
 Pre-touch: Disabled
 Parallel Workers: 8
 Concurrent Workers: 2
 Concurrent Refinement Workers: 8
 Periodic GC: Disabled

Heap:
 garbage-first heap   total 395264K, used 103566K [0x0000000083600000, 0x0000000100000000)
  region size 1024K, 3 young (3072K), 3 survivors (3072K)
 Metaspace       used 76795K, committed 77312K, reserved 1122304K
  class space    used 9751K, committed 9984K, reserved 1048576K

Heap Regions: E=young(eden), S=young(survivor), O=old, HS=humongous(starts), HC=humongous(continues), CS=collection set, F=free, OA=open archive, CA=closed archive, TAMS=top-at-mark-start (previous, next)
|   0|0x0000000083600000, 0x0000000083700000, 0x0000000083700000|100%|HS|  |TAMS 0x0000000083700000, 0x0000000083700000| Complete 
|   1|0x0000000083700000, 0x0000000083800000, 0x0000000083800000|100%| O|  |TAMS 0x0000000083800000, 0x0000000083800000| Untracked 
|   2|0x0000000083800000, 0x0000000083900000, 0x0000000083900000|100%| O|  |TAMS 0x0000000083900000, 0x0000000083900000| Untracked 
|   3|0x0000000083900000, 0x0000000083a00000, 0x0000000083a00000|100%| O|  |TAMS 0x0000000083a00000, 0x0000000083a00000| Untracked 
|   4|0x0000000083a00000, 0x0000000083b00000, 0x0000000083b00000|100%| O|  |TAMS 0x0000000083b00000, 0x0000000083b00000| Untracked 
|   5|0x0000000083b00000, 0x0000000083c00000, 0x0000000083c00000|100%| O|  |TAMS 0x0000000083c00000, 0x0000000083c00000| Untracked 
|   6|0x0000000083c00000, 0x0000000083d00000, 0x0000000083d00000|100%| O|  |TAMS 0x0000000083d00000, 0x0000000083d00000| Untracked 
|   7|0x0000000083d00000, 0x0000000083e00000, 0x0000000083e00000|100%| O|  |TAMS 0x0000000083e00000, 0x0000000083e00000| Untracked 
|   8|0x0000000083e00000, 0x0000000083f00000, 0x0000000083f00000|100%| O|  |TAMS 0x0000000083f00000, 0x0000000083f00000| Untracked 
|   9|0x0000000083f00000, 0x0000000084000000, 0x0000000084000000|100%| O|  |TAMS 0x0000000084000000, 0x0000000084000000| Untracked 
|  10|0x0000000084000000, 0x0000000084100000, 0x0000000084100000|100%| O|  |TAMS 0x0000000084100000, 0x0000000084100000| Untracked 
|  11|0x0000000084100000, 0x0000000084200000, 0x0000000084200000|100%| O|  |TAMS 0x0000000084200000, 0x0000000084200000| Untracked 
|  12|0x0000000084200000, 0x0000000084300000, 0x0000000084300000|100%| O|  |TAMS 0x0000000084300000, 0x0000000084300000| Untracked 
|  13|0x0000000084300000, 0x0000000084400000, 0x0000000084400000|100%| O|  |TAMS 0x0000000084400000, 0x0000000084400000| Untracked 
|  14|0x0000000084400000, 0x0000000084500000, 0x0000000084500000|100%| O|  |TAMS 0x0000000084500000, 0x0000000084500000| Untracked 
|  15|0x0000000084500000, 0x0000000084600000, 0x0000000084600000|100%| O|  |TAMS 0x0000000084600000, 0x0000000084600000| Untracked 
|  16|0x0000000084600000, 0x0000000084700000, 0x0000000084700000|100%| O|  |TAMS 0x0000000084700000, 0x0000000084700000| Untracked 
|  17|0x0000000084700000, 0x0000000084800000, 0x0000000084800000|100%| O|  |TAMS 0x0000000084800000, 0x0000000084800000| Untracked 
|  18|0x0000000084800000, 0x0000000084900000, 0x0000000084900000|100%| O|  |TAMS 0x0000000084900000, 0x0000000084900000| Untracked 
|  19|0x0000000084900000, 0x0000000084a00000, 0x0000000084a00000|100%| O|  |TAMS 0x0000000084a00000, 0x0000000084a00000| Untracked 
|  20|0x0000000084a00000, 0x0000000084b00000, 0x0000000084b00000|100%| O|  |TAMS 0x0000000084b00000, 0x0000000084b00000| Untracked 
|  21|0x0000000084b00000, 0x0000000084c00000, 0x0000000084c00000|100%| O|  |TAMS 0x0000000084c00000, 0x0000000084c00000| Untracked 
|  22|0x0000000084c00000, 0x0000000084d00000, 0x0000000084d00000|100%| O|  |TAMS 0x0000000084d00000, 0x0000000084d00000| Untracked 
|  23|0x0000000084d00000, 0x0000000084e00000, 0x0000000084e00000|100%| O|  |TAMS 0x0000000084e00000, 0x0000000084e00000| Untracked 
|  24|0x0000000084e00000, 0x0000000084f00000, 0x0000000084f00000|100%| O|  |TAMS 0x0000000084f00000, 0x0000000084f00000| Untracked 
|  25|0x0000000084f00000, 0x0000000085000000, 0x0000000085000000|100%| O|  |TAMS 0x0000000084f00000, 0x0000000085000000| Untracked 
|  26|0x0000000085000000, 0x0000000085100000, 0x0000000085100000|100%| O|  |TAMS 0x0000000085100000, 0x0000000085100000| Untracked 
|  27|0x0000000085100000, 0x0000000085200000, 0x0000000085200000|100%| O|  |TAMS 0x0000000085200000, 0x0000000085200000| Untracked 
|  28|0x0000000085200000, 0x0000000085300000, 0x0000000085300000|100%| O|  |TAMS 0x0000000085300000, 0x0000000085300000| Untracked 
|  29|0x0000000085300000, 0x0000000085400000, 0x0000000085400000|100%| O|  |TAMS 0x0000000085400000, 0x0000000085400000| Untracked 
|  30|0x0000000085400000, 0x0000000085500000, 0x0000000085500000|100%| O|  |TAMS 0x0000000085500000, 0x0000000085500000| Untracked 
|  31|0x0000000085500000, 0x0000000085600000, 0x0000000085600000|100%| O|  |TAMS 0x0000000085600000, 0x0000000085600000| Untracked 
|  32|0x0000000085600000, 0x0000000085700000, 0x0000000085700000|100%| O|  |TAMS 0x0000000085700000, 0x0000000085700000| Untracked 
|  33|0x0000000085700000, 0x0000000085800000, 0x0000000085800000|100%| O|  |TAMS 0x0000000085700000, 0x0000000085800000| Untracked 
|  34|0x0000000085800000, 0x0000000085900000, 0x0000000085900000|100%| O|  |TAMS 0x0000000085800000, 0x0000000085900000| Untracked 
|  35|0x0000000085900000, 0x0000000085a00000, 0x0000000085a00000|100%| O|  |TAMS 0x0000000085a00000, 0x0000000085a00000| Untracked 
|  36|0x0000000085a00000, 0x0000000085b00000, 0x0000000085b00000|100%| O|  |TAMS 0x0000000085b00000, 0x0000000085b00000| Untracked 
|  37|0x0000000085b00000, 0x0000000085c00000, 0x0000000085c00000|100%| O|  |TAMS 0x0000000085c00000, 0x0000000085c00000| Untracked 
|  38|0x0000000085c00000, 0x0000000085d00000, 0x0000000085d00000|100%| O|  |TAMS 0x0000000085d00000, 0x0000000085d00000| Untracked 
|  39|0x0000000085d00000, 0x0000000085e00000, 0x0000000085e00000|100%| O|  |TAMS 0x0000000085e00000, 0x0000000085e00000| Untracked 
|  40|0x0000000085e00000, 0x0000000085f00000, 0x0000000085f00000|100%| O|  |TAMS 0x0000000085f00000, 0x0000000085f00000| Untracked 
|  41|0x0000000085f00000, 0x0000000086000000, 0x0000000086000000|100%| O|  |TAMS 0x0000000086000000, 0x0000000086000000| Untracked 
|  42|0x0000000086000000, 0x0000000086100000, 0x0000000086100000|100%|HS|  |TAMS 0x0000000086000000, 0x0000000086100000| Complete 
|  43|0x0000000086100000, 0x0000000086200000, 0x0000000086200000|100%|HC|  |TAMS 0x0000000086100000, 0x0000000086200000| Complete 
|  44|0x0000000086200000, 0x0000000086300000, 0x0000000086300000|100%| O|  |TAMS 0x0000000086200000, 0x0000000086300000| Untracked 
|  45|0x0000000086300000, 0x0000000086400000, 0x0000000086400000|100%| O|  |TAMS 0x0000000086400000, 0x0000000086400000| Untracked 
|  46|0x0000000086400000, 0x0000000086500000, 0x0000000086500000|100%| O|  |TAMS 0x0000000086400000, 0x0000000086500000| Untracked 
|  47|0x0000000086500000, 0x0000000086600000, 0x0000000086600000|100%| O|  |TAMS 0x0000000086600000, 0x0000000086600000| Untracked 
|  48|0x0000000086600000, 0x0000000086700000, 0x0000000086700000|100%| O|  |TAMS 0x0000000086700000, 0x0000000086700000| Untracked 
|  49|0x0000000086700000, 0x0000000086700000, 0x0000000086800000|  0%| F|  |TAMS 0x0000000086700000, 0x0000000086700000| Untracked 
|  50|0x0000000086800000, 0x0000000086900000, 0x0000000086900000|100%| O|  |TAMS 0x0000000086900000, 0x0000000086900000| Untracked 
|  51|0x0000000086900000, 0x0000000086a00000, 0x0000000086a00000|100%| O|  |TAMS 0x0000000086a00000, 0x0000000086a00000| Untracked 
|  52|0x0000000086a00000, 0x0000000086b00000, 0x0000000086b00000|100%|HS|  |TAMS 0x0000000086b00000, 0x0000000086b00000| Complete 
|  53|0x0000000086b00000, 0x0000000086c00000, 0x0000000086c00000|100%|HC|  |TAMS 0x0000000086c00000, 0x0000000086c00000| Complete 
|  54|0x0000000086c00000, 0x0000000086d00000, 0x0000000086d00000|100%| O|  |TAMS 0x0000000086c00000, 0x0000000086d00000| Untracked 
|  55|0x0000000086d00000, 0x0000000086e00000, 0x0000000086e00000|100%| O|  |TAMS 0x0000000086d00000, 0x0000000086e00000| Untracked 
|  56|0x0000000086e00000, 0x0000000086f00000, 0x0000000086f00000|100%| O|  |TAMS 0x0000000086f00000, 0x0000000086f00000| Untracked 
|  57|0x0000000086f00000, 0x0000000086faf600, 0x0000000087000000| 68%| O|  |TAMS 0x0000000086faf600, 0x0000000086faf600| Untracked 
|  58|0x0000000087000000, 0x0000000087100000, 0x0000000087100000|100%| O|  |TAMS 0x0000000087000000, 0x0000000087100000| Untracked 
|  59|0x0000000087100000, 0x0000000087200000, 0x0000000087200000|100%| O|  |TAMS 0x0000000087100000, 0x0000000087200000| Untracked 
|  60|0x0000000087200000, 0x0000000087300000, 0x0000000087300000|100%| O|  |TAMS 0x0000000087300000, 0x0000000087300000| Untracked 
|  61|0x0000000087300000, 0x0000000087400000, 0x0000000087400000|100%| O|  |TAMS 0x0000000087300000, 0x0000000087400000| Untracked 
|  62|0x0000000087400000, 0x0000000087500000, 0x0000000087500000|100%| O|  |TAMS 0x0000000087500000, 0x0000000087500000| Untracked 
|  63|0x0000000087500000, 0x0000000087600000, 0x0000000087600000|100%| O|  |TAMS 0x0000000087600000, 0x0000000087600000| Untracked 
|  64|0x0000000087600000, 0x0000000087700000, 0x0000000087700000|100%| O|  |TAMS 0x0000000087700000, 0x0000000087700000| Untracked 
|  65|0x0000000087700000, 0x0000000087800000, 0x0000000087800000|100%| O|  |TAMS 0x0000000087700000, 0x0000000087800000| Untracked 
|  66|0x0000000087800000, 0x0000000087900000, 0x0000000087900000|100%| O|  |TAMS 0x0000000087800000, 0x0000000087900000| Untracked 
|  67|0x0000000087900000, 0x0000000087a00000, 0x0000000087a00000|100%| O|  |TAMS 0x0000000087900000, 0x0000000087a00000| Untracked 
|  68|0x0000000087a00000, 0x0000000087b00000, 0x0000000087b00000|100%| O|  |TAMS 0x0000000087a00000, 0x0000000087b00000| Untracked 
|  69|0x0000000087b00000, 0x0000000087c00000, 0x0000000087c00000|100%| O|  |TAMS 0x0000000087b00000, 0x0000000087c00000| Untracked 
|  70|0x0000000087c00000, 0x0000000087d00000, 0x0000000087d00000|100%| O|  |TAMS 0x0000000087c00000, 0x0000000087d00000| Untracked 
|  71|0x0000000087d00000, 0x0000000087e00000, 0x0000000087e00000|100%| O|  |TAMS 0x0000000087d00000, 0x0000000087e00000| Untracked 
|  72|0x0000000087e00000, 0x0000000087f00000, 0x0000000087f00000|100%| O|  |TAMS 0x0000000087e00000, 0x0000000087f00000| Untracked 
|  73|0x0000000087f00000, 0x0000000088000000, 0x0000000088000000|100%| O|  |TAMS 0x0000000087f00000, 0x0000000088000000| Untracked 
|  74|0x0000000088000000, 0x0000000088100000, 0x0000000088100000|100%| O|  |TAMS 0x0000000088100000, 0x0000000088100000| Untracked 
|  75|0x0000000088100000, 0x0000000088200000, 0x0000000088200000|100%| O|  |TAMS 0x0000000088100000, 0x0000000088200000| Untracked 
|  76|0x0000000088200000, 0x0000000088300000, 0x0000000088300000|100%| O|  |TAMS 0x0000000088200000, 0x0000000088300000| Untracked 
|  77|0x0000000088300000, 0x0000000088400000, 0x0000000088400000|100%| O|  |TAMS 0x0000000088300000, 0x0000000088400000| Untracked 
|  78|0x0000000088400000, 0x0000000088500000, 0x0000000088500000|100%| O|  |TAMS 0x0000000088500000, 0x0000000088500000| Untracked 
|  79|0x0000000088500000, 0x0000000088600000, 0x0000000088600000|100%| O|  |TAMS 0x0000000088500000, 0x0000000088600000| Untracked 
|  80|0x0000000088600000, 0x0000000088700000, 0x0000000088700000|100%| O|  |TAMS 0x0000000088600000, 0x0000000088700000| Untracked 
|  81|0x0000000088700000, 0x0000000088800000, 0x0000000088800000|100%| O|  |TAMS 0x0000000088800000, 0x0000000088800000| Untracked 
|  82|0x0000000088800000, 0x0000000088900000, 0x0000000088900000|100%| O|  |TAMS 0x0000000088900000, 0x0000000088900000| Untracked 
|  83|0x0000000088900000, 0x0000000088a00000, 0x0000000088a00000|100%| O|  |TAMS 0x0000000088900000, 0x0000000088a00000| Untracked 
|  84|0x0000000088a00000, 0x0000000088b00000, 0x0000000088b00000|100%| O|  |TAMS 0x0000000088a00000, 0x0000000088b00000| Untracked 
|  85|0x0000000088b00000, 0x0000000088c00000, 0x0000000088c00000|100%| O|  |TAMS 0x0000000088b00000, 0x0000000088c00000| Untracked 
|  86|0x0000000088c00000, 0x0000000088c00000, 0x0000000088d00000|  0%| F|  |TAMS 0x0000000088c00000, 0x0000000088c00000| Untracked 
|  87|0x0000000088d00000, 0x0000000088e00000, 0x0000000088e00000|100%| O|  |TAMS 0x0000000088d00000, 0x0000000088e00000| Untracked 
|  88|0x0000000088e00000, 0x0000000088f00000, 0x0000000088f00000|100%| O|  |TAMS 0x0000000088e00000, 0x0000000088f00000| Untracked 
|  89|0x0000000088f00000, 0x0000000089000000, 0x0000000089000000|100%| O|  |TAMS 0x0000000088f00000, 0x0000000089000000| Untracked 
|  90|0x0000000089000000, 0x0000000089100000, 0x0000000089100000|100%| O|  |TAMS 0x0000000089100000, 0x0000000089100000| Untracked 
|  91|0x0000000089100000, 0x0000000089200000, 0x0000000089200000|100%| O|  |TAMS 0x0000000089100000, 0x0000000089200000| Untracked 
|  92|0x0000000089200000, 0x0000000089300000, 0x0000000089300000|100%| O|  |TAMS 0x0000000089200000, 0x0000000089300000| Untracked 
|  93|0x0000000089300000, 0x0000000089400000, 0x0000000089400000|100%| O|  |TAMS 0x0000000089300000, 0x0000000089400000| Untracked 
|  94|0x0000000089400000, 0x0000000089500000, 0x0000000089500000|100%| O|  |TAMS 0x0000000089500000, 0x0000000089500000| Untracked 
|  95|0x0000000089500000, 0x0000000089600000, 0x0000000089600000|100%| O|  |TAMS 0x0000000089500000, 0x0000000089600000| Untracked 
|  96|0x0000000089600000, 0x0000000089700000, 0x0000000089700000|100%| O|  |TAMS 0x0000000089600000, 0x0000000089700000| Untracked 
|  97|0x0000000089700000, 0x0000000089700000, 0x0000000089800000|  0%| F|  |TAMS 0x0000000089700000, 0x0000000089700000| Untracked 
|  98|0x0000000089800000, 0x0000000089800000, 0x0000000089900000|  0%| F|  |TAMS 0x0000000089800000, 0x0000000089800000| Untracked 
|  99|0x0000000089900000, 0x0000000089900000, 0x0000000089a00000|  0%| F|  |TAMS 0x0000000089900000, 0x0000000089900000| Untracked 
| 100|0x0000000089a00000, 0x0000000089a00000, 0x0000000089b00000|  0%| F|  |TAMS 0x0000000089a00000, 0x0000000089a00000| Untracked 
| 101|0x0000000089b00000, 0x0000000089c00000, 0x0000000089c00000|100%| O|  |TAMS 0x0000000089b00000, 0x0000000089c00000| Untracked 
| 102|0x0000000089c00000, 0x0000000089d00000, 0x0000000089d00000|100%| O|  |TAMS 0x0000000089c00000, 0x0000000089d00000| Untracked 
| 103|0x0000000089d00000, 0x0000000089e00000, 0x0000000089e00000|100%| O|  |TAMS 0x0000000089d00000, 0x0000000089e00000| Untracked 
| 104|0x0000000089e00000, 0x0000000089e00000, 0x0000000089f00000|  0%| F|  |TAMS 0x0000000089e00000, 0x0000000089e00000| Untracked 
| 105|0x0000000089f00000, 0x0000000089f00000, 0x000000008a000000|  0%| F|  |TAMS 0x0000000089f00000, 0x0000000089f00000| Untracked 
| 106|0x000000008a000000, 0x000000008a100000, 0x000000008a100000|100%| O|  |TAMS 0x000000008a100000, 0x000000008a100000| Untracked 
| 107|0x000000008a100000, 0x000000008a100000, 0x000000008a200000|  0%| F|  |TAMS 0x000000008a100000, 0x000000008a100000| Untracked 
| 108|0x000000008a200000, 0x000000008a200000, 0x000000008a300000|  0%| F|  |TAMS 0x000000008a200000, 0x000000008a200000| Untracked 
| 109|0x000000008a300000, 0x000000008a300000, 0x000000008a400000|  0%| F|  |TAMS 0x000000008a300000, 0x000000008a300000| Untracked 
| 110|0x000000008a400000, 0x000000008a400000, 0x000000008a500000|  0%| F|  |TAMS 0x000000008a400000, 0x000000008a400000| Untracked 
| 111|0x000000008a500000, 0x000000008a500000, 0x000000008a600000|  0%| F|  |TAMS 0x000000008a500000, 0x000000008a500000| Untracked 
| 112|0x000000008a600000, 0x000000008a600000, 0x000000008a700000|  0%| F|  |TAMS 0x000000008a600000, 0x000000008a600000| Untracked 
| 113|0x000000008a700000, 0x000000008a700000, 0x000000008a800000|  0%| F|  |TAMS 0x000000008a700000, 0x000000008a700000| Untracked 
| 114|0x000000008a800000, 0x000000008a800000, 0x000000008a900000|  0%| F|  |TAMS 0x000000008a800000, 0x000000008a800000| Untracked 
| 115|0x000000008a900000, 0x000000008a900000, 0x000000008aa00000|  0%| F|  |TAMS 0x000000008a900000, 0x000000008a900000| Untracked 
| 116|0x000000008aa00000, 0x000000008aa00000, 0x000000008ab00000|  0%| F|  |TAMS 0x000000008aa00000, 0x000000008aa00000| Untracked 
| 117|0x000000008ab00000, 0x000000008ab00000, 0x000000008ac00000|  0%| F|  |TAMS 0x000000008ab00000, 0x000000008ab00000| Untracked 
| 118|0x000000008ac00000, 0x000000008ac00000, 0x000000008ad00000|  0%| F|  |TAMS 0x000000008ac00000, 0x000000008ac00000| Untracked 
| 119|0x000000008ad00000, 0x000000008ad00000, 0x000000008ae00000|  0%| F|  |TAMS 0x000000008ad00000, 0x000000008ad00000| Untracked 
| 120|0x000000008ae00000, 0x000000008ae00000, 0x000000008af00000|  0%| F|  |TAMS 0x000000008ae00000, 0x000000008ae00000| Untracked 
| 121|0x000000008af00000, 0x000000008af00000, 0x000000008b000000|  0%| F|  |TAMS 0x000000008af00000, 0x000000008af00000| Untracked 
| 122|0x000000008b000000, 0x000000008b000000, 0x000000008b100000|  0%| F|  |TAMS 0x000000008b000000, 0x000000008b000000| Untracked 
| 123|0x000000008b100000, 0x000000008b100000, 0x000000008b200000|  0%| F|  |TAMS 0x000000008b100000, 0x000000008b100000| Untracked 
| 124|0x000000008b200000, 0x000000008b200000, 0x000000008b300000|  0%| F|  |TAMS 0x000000008b200000, 0x000000008b200000| Untracked 
| 125|0x000000008b300000, 0x000000008b300000, 0x000000008b400000|  0%| F|  |TAMS 0x000000008b300000, 0x000000008b300000| Untracked 
| 126|0x000000008b400000, 0x000000008b400000, 0x000000008b500000|  0%| F|  |TAMS 0x000000008b400000, 0x000000008b400000| Untracked 
| 127|0x000000008b500000, 0x000000008b500000, 0x000000008b600000|  0%| F|  |TAMS 0x000000008b500000, 0x000000008b500000| Untracked 
| 128|0x000000008b600000, 0x000000008b600000, 0x000000008b700000|  0%| F|  |TAMS 0x000000008b600000, 0x000000008b600000| Untracked 
| 129|0x000000008b700000, 0x000000008b700000, 0x000000008b800000|  0%| F|  |TAMS 0x000000008b700000, 0x000000008b700000| Untracked 
| 130|0x000000008b800000, 0x000000008b800000, 0x000000008b900000|  0%| F|  |TAMS 0x000000008b800000, 0x000000008b800000| Untracked 
| 131|0x000000008b900000, 0x000000008b900000, 0x000000008ba00000|  0%| F|  |TAMS 0x000000008b900000, 0x000000008b900000| Untracked 
| 132|0x000000008ba00000, 0x000000008ba00000, 0x000000008bb00000|  0%| F|  |TAMS 0x000000008ba00000, 0x000000008ba00000| Untracked 
| 133|0x000000008bb00000, 0x000000008bb00000, 0x000000008bc00000|  0%| F|  |TAMS 0x000000008bb00000, 0x000000008bb00000| Untracked 
| 134|0x000000008bc00000, 0x000000008bc00000, 0x000000008bd00000|  0%| F|  |TAMS 0x000000008bc00000, 0x000000008bc00000| Untracked 
| 135|0x000000008bd00000, 0x000000008bd00000, 0x000000008be00000|  0%| F|  |TAMS 0x000000008bd00000, 0x000000008bd00000| Untracked 
| 136|0x000000008be00000, 0x000000008be00000, 0x000000008bf00000|  0%| F|  |TAMS 0x000000008be00000, 0x000000008be00000| Untracked 
| 137|0x000000008bf00000, 0x000000008bf00000, 0x000000008c000000|  0%| F|  |TAMS 0x000000008bf00000, 0x000000008bf00000| Untracked 
| 138|0x000000008c000000, 0x000000008c000000, 0x000000008c100000|  0%| F|  |TAMS 0x000000008c000000, 0x000000008c000000| Untracked 
| 139|0x000000008c100000, 0x000000008c100000, 0x000000008c200000|  0%| F|  |TAMS 0x000000008c100000, 0x000000008c100000| Untracked 
| 140|0x000000008c200000, 0x000000008c200000, 0x000000008c300000|  0%| F|  |TAMS 0x000000008c200000, 0x000000008c200000| Untracked 
| 141|0x000000008c300000, 0x000000008c300000, 0x000000008c400000|  0%| F|  |TAMS 0x000000008c300000, 0x000000008c300000| Untracked 
| 142|0x000000008c400000, 0x000000008c400000, 0x000000008c500000|  0%| F|  |TAMS 0x000000008c400000, 0x000000008c400000| Untracked 
| 143|0x000000008c500000, 0x000000008c500000, 0x000000008c600000|  0%| F|  |TAMS 0x000000008c500000, 0x000000008c500000| Untracked 
| 144|0x000000008c600000, 0x000000008c600000, 0x000000008c700000|  0%| F|  |TAMS 0x000000008c600000, 0x000000008c600000| Untracked 
| 145|0x000000008c700000, 0x000000008c700000, 0x000000008c800000|  0%| F|  |TAMS 0x000000008c700000, 0x000000008c700000| Untracked 
| 146|0x000000008c800000, 0x000000008c800000, 0x000000008c900000|  0%| F|  |TAMS 0x000000008c800000, 0x000000008c800000| Untracked 
| 147|0x000000008c900000, 0x000000008c900000, 0x000000008ca00000|  0%| F|  |TAMS 0x000000008c900000, 0x000000008c900000| Untracked 
| 148|0x000000008ca00000, 0x000000008ca00000, 0x000000008cb00000|  0%| F|  |TAMS 0x000000008ca00000, 0x000000008ca00000| Untracked 
| 149|0x000000008cb00000, 0x000000008cb00000, 0x000000008cc00000|  0%| F|  |TAMS 0x000000008cb00000, 0x000000008cb00000| Untracked 
| 150|0x000000008cc00000, 0x000000008cc00000, 0x000000008cd00000|  0%| F|  |TAMS 0x000000008cc00000, 0x000000008cc00000| Untracked 
| 151|0x000000008cd00000, 0x000000008cd00000, 0x000000008ce00000|  0%| F|  |TAMS 0x000000008cd00000, 0x000000008cd00000| Untracked 
| 152|0x000000008ce00000, 0x000000008ce00000, 0x000000008cf00000|  0%| F|  |TAMS 0x000000008ce00000, 0x000000008ce00000| Untracked 
| 153|0x000000008cf00000, 0x000000008cf00000, 0x000000008d000000|  0%| F|  |TAMS 0x000000008cf00000, 0x000000008cf00000| Untracked 
| 154|0x000000008d000000, 0x000000008d000000, 0x000000008d100000|  0%| F|  |TAMS 0x000000008d000000, 0x000000008d000000| Untracked 
| 155|0x000000008d100000, 0x000000008d100000, 0x000000008d200000|  0%| F|  |TAMS 0x000000008d100000, 0x000000008d100000| Untracked 
| 156|0x000000008d200000, 0x000000008d200000, 0x000000008d300000|  0%| F|  |TAMS 0x000000008d200000, 0x000000008d200000| Untracked 
| 157|0x000000008d300000, 0x000000008d300000, 0x000000008d400000|  0%| F|  |TAMS 0x000000008d300000, 0x000000008d300000| Untracked 
| 158|0x000000008d400000, 0x000000008d400000, 0x000000008d500000|  0%| F|  |TAMS 0x000000008d400000, 0x000000008d400000| Untracked 
| 159|0x000000008d500000, 0x000000008d500000, 0x000000008d600000|  0%| F|  |TAMS 0x000000008d500000, 0x000000008d500000| Untracked 
| 160|0x000000008d600000, 0x000000008d600000, 0x000000008d700000|  0%| F|  |TAMS 0x000000008d600000, 0x000000008d600000| Untracked 
| 161|0x000000008d700000, 0x000000008d700000, 0x000000008d800000|  0%| F|  |TAMS 0x000000008d700000, 0x000000008d700000| Untracked 
| 162|0x000000008d800000, 0x000000008d800000, 0x000000008d900000|  0%| F|  |TAMS 0x000000008d800000, 0x000000008d800000| Untracked 
| 163|0x000000008d900000, 0x000000008d900000, 0x000000008da00000|  0%| F|  |TAMS 0x000000008d900000, 0x000000008d900000| Untracked 
| 164|0x000000008da00000, 0x000000008da00000, 0x000000008db00000|  0%| F|  |TAMS 0x000000008da00000, 0x000000008da00000| Untracked 
| 165|0x000000008db00000, 0x000000008db00000, 0x000000008dc00000|  0%| F|  |TAMS 0x000000008db00000, 0x000000008db00000| Untracked 
| 166|0x000000008dc00000, 0x000000008dc00000, 0x000000008dd00000|  0%| F|  |TAMS 0x000000008dc00000, 0x000000008dc00000| Untracked 
| 167|0x000000008dd00000, 0x000000008dd00000, 0x000000008de00000|  0%| F|  |TAMS 0x000000008dd00000, 0x000000008dd00000| Untracked 
| 168|0x000000008de00000, 0x000000008de00000, 0x000000008df00000|  0%| F|  |TAMS 0x000000008de00000, 0x000000008de00000| Untracked 
| 169|0x000000008df00000, 0x000000008df00000, 0x000000008e000000|  0%| F|  |TAMS 0x000000008df00000, 0x000000008df00000| Untracked 
| 170|0x000000008e000000, 0x000000008e000000, 0x000000008e100000|  0%| F|  |TAMS 0x000000008e000000, 0x000000008e000000| Untracked 
| 171|0x000000008e100000, 0x000000008e100000, 0x000000008e200000|  0%| F|  |TAMS 0x000000008e100000, 0x000000008e100000| Untracked 
| 172|0x000000008e200000, 0x000000008e200000, 0x000000008e300000|  0%| F|  |TAMS 0x000000008e200000, 0x000000008e200000| Untracked 
| 173|0x000000008e300000, 0x000000008e300000, 0x000000008e400000|  0%| F|  |TAMS 0x000000008e300000, 0x000000008e300000| Untracked 
| 174|0x000000008e400000, 0x000000008e400000, 0x000000008e500000|  0%| F|  |TAMS 0x000000008e400000, 0x000000008e400000| Untracked 
| 175|0x000000008e500000, 0x000000008e500000, 0x000000008e600000|  0%| F|  |TAMS 0x000000008e500000, 0x000000008e500000| Untracked 
| 176|0x000000008e600000, 0x000000008e600000, 0x000000008e700000|  0%| F|  |TAMS 0x000000008e600000, 0x000000008e600000| Untracked 
| 177|0x000000008e700000, 0x000000008e700000, 0x000000008e800000|  0%| F|  |TAMS 0x000000008e700000, 0x000000008e700000| Untracked 
| 178|0x000000008e800000, 0x000000008e800000, 0x000000008e900000|  0%| F|  |TAMS 0x000000008e800000, 0x000000008e800000| Untracked 
| 179|0x000000008e900000, 0x000000008e900000, 0x000000008ea00000|  0%| F|  |TAMS 0x000000008e900000, 0x000000008e900000| Untracked 
| 180|0x000000008ea00000, 0x000000008ea00000, 0x000000008eb00000|  0%| F|  |TAMS 0x000000008ea00000, 0x000000008ea00000| Untracked 
| 181|0x000000008eb00000, 0x000000008eb00000, 0x000000008ec00000|  0%| F|  |TAMS 0x000000008eb00000, 0x000000008eb00000| Untracked 
| 182|0x000000008ec00000, 0x000000008ec00000, 0x000000008ed00000|  0%| F|  |TAMS 0x000000008ec00000, 0x000000008ec00000| Untracked 
| 183|0x000000008ed00000, 0x000000008ed00000, 0x000000008ee00000|  0%| F|  |TAMS 0x000000008ed00000, 0x000000008ed00000| Untracked 
| 184|0x000000008ee00000, 0x000000008ee00000, 0x000000008ef00000|  0%| F|  |TAMS 0x000000008ee00000, 0x000000008ee00000| Untracked 
| 185|0x000000008ef00000, 0x000000008ef00000, 0x000000008f000000|  0%| F|  |TAMS 0x000000008ef00000, 0x000000008ef00000| Untracked 
| 186|0x000000008f000000, 0x000000008f000000, 0x000000008f100000|  0%| F|  |TAMS 0x000000008f000000, 0x000000008f000000| Untracked 
| 187|0x000000008f100000, 0x000000008f100000, 0x000000008f200000|  0%| F|  |TAMS 0x000000008f100000, 0x000000008f100000| Untracked 
| 188|0x000000008f200000, 0x000000008f200000, 0x000000008f300000|  0%| F|  |TAMS 0x000000008f200000, 0x000000008f200000| Untracked 
| 189|0x000000008f300000, 0x000000008f300000, 0x000000008f400000|  0%| F|  |TAMS 0x000000008f300000, 0x000000008f300000| Untracked 
| 190|0x000000008f400000, 0x000000008f400000, 0x000000008f500000|  0%| F|  |TAMS 0x000000008f400000, 0x000000008f400000| Untracked 
| 191|0x000000008f500000, 0x000000008f500000, 0x000000008f600000|  0%| F|  |TAMS 0x000000008f500000, 0x000000008f500000| Untracked 
| 192|0x000000008f600000, 0x000000008f600000, 0x000000008f700000|  0%| F|  |TAMS 0x000000008f600000, 0x000000008f600000| Untracked 
| 193|0x000000008f700000, 0x000000008f700000, 0x000000008f800000|  0%| F|  |TAMS 0x000000008f700000, 0x000000008f700000| Untracked 
| 194|0x000000008f800000, 0x000000008f800000, 0x000000008f900000|  0%| F|  |TAMS 0x000000008f800000, 0x000000008f800000| Untracked 
| 195|0x000000008f900000, 0x000000008f900000, 0x000000008fa00000|  0%| F|  |TAMS 0x000000008f900000, 0x000000008f900000| Untracked 
| 196|0x000000008fa00000, 0x000000008fa00000, 0x000000008fb00000|  0%| F|  |TAMS 0x000000008fa00000, 0x000000008fa00000| Untracked 
| 197|0x000000008fb00000, 0x000000008fb00000, 0x000000008fc00000|  0%| F|  |TAMS 0x000000008fb00000, 0x000000008fb00000| Untracked 
| 198|0x000000008fc00000, 0x000000008fc00000, 0x000000008fd00000|  0%| F|  |TAMS 0x000000008fc00000, 0x000000008fc00000| Untracked 
| 199|0x000000008fd00000, 0x000000008fd00000, 0x000000008fe00000|  0%| F|  |TAMS 0x000000008fd00000, 0x000000008fd00000| Untracked 
| 200|0x000000008fe00000, 0x000000008fe00000, 0x000000008ff00000|  0%| F|  |TAMS 0x000000008fe00000, 0x000000008fe00000| Untracked 
| 201|0x000000008ff00000, 0x000000008ff00000, 0x0000000090000000|  0%| F|  |TAMS 0x000000008ff00000, 0x000000008ff00000| Untracked 
| 202|0x0000000090000000, 0x0000000090000000, 0x0000000090100000|  0%| F|  |TAMS 0x0000000090000000, 0x0000000090000000| Untracked 
| 203|0x0000000090100000, 0x0000000090100000, 0x0000000090200000|  0%| F|  |TAMS 0x0000000090100000, 0x0000000090100000| Untracked 
| 204|0x0000000090200000, 0x0000000090200000, 0x0000000090300000|  0%| F|  |TAMS 0x0000000090200000, 0x0000000090200000| Untracked 
| 205|0x0000000090300000, 0x0000000090300000, 0x0000000090400000|  0%| F|  |TAMS 0x0000000090300000, 0x0000000090300000| Untracked 
| 206|0x0000000090400000, 0x0000000090400000, 0x0000000090500000|  0%| F|  |TAMS 0x0000000090400000, 0x0000000090400000| Untracked 
| 207|0x0000000090500000, 0x0000000090500000, 0x0000000090600000|  0%| F|  |TAMS 0x0000000090500000, 0x0000000090500000| Untracked 
| 208|0x0000000090600000, 0x0000000090600000, 0x0000000090700000|  0%| F|  |TAMS 0x0000000090600000, 0x0000000090600000| Untracked 
| 209|0x0000000090700000, 0x0000000090700000, 0x0000000090800000|  0%| F|  |TAMS 0x0000000090700000, 0x0000000090700000| Untracked 
| 210|0x0000000090800000, 0x0000000090800000, 0x0000000090900000|  0%| F|  |TAMS 0x0000000090800000, 0x0000000090800000| Untracked 
| 211|0x0000000090900000, 0x0000000090900000, 0x0000000090a00000|  0%| F|  |TAMS 0x0000000090900000, 0x0000000090900000| Untracked 
| 212|0x0000000090a00000, 0x0000000090a00000, 0x0000000090b00000|  0%| F|  |TAMS 0x0000000090a00000, 0x0000000090a00000| Untracked 
| 213|0x0000000090b00000, 0x0000000090b00000, 0x0000000090c00000|  0%| F|  |TAMS 0x0000000090b00000, 0x0000000090b00000| Untracked 
| 214|0x0000000090c00000, 0x0000000090c00000, 0x0000000090d00000|  0%| F|  |TAMS 0x0000000090c00000, 0x0000000090c00000| Untracked 
| 215|0x0000000090d00000, 0x0000000090d00000, 0x0000000090e00000|  0%| F|  |TAMS 0x0000000090d00000, 0x0000000090d00000| Untracked 
| 216|0x0000000090e00000, 0x0000000090e00000, 0x0000000090f00000|  0%| F|  |TAMS 0x0000000090e00000, 0x0000000090e00000| Untracked 
| 217|0x0000000090f00000, 0x0000000090f00000, 0x0000000091000000|  0%| F|  |TAMS 0x0000000090f00000, 0x0000000090f00000| Untracked 
| 218|0x0000000091000000, 0x0000000091000000, 0x0000000091100000|  0%| F|  |TAMS 0x0000000091000000, 0x0000000091000000| Untracked 
| 219|0x0000000091100000, 0x0000000091100000, 0x0000000091200000|  0%| F|  |TAMS 0x0000000091100000, 0x0000000091100000| Untracked 
| 220|0x0000000091200000, 0x0000000091200000, 0x0000000091300000|  0%| F|  |TAMS 0x0000000091200000, 0x0000000091200000| Untracked 
| 221|0x0000000091300000, 0x0000000091300000, 0x0000000091400000|  0%| F|  |TAMS 0x0000000091300000, 0x0000000091300000| Untracked 
| 222|0x0000000091400000, 0x0000000091400000, 0x0000000091500000|  0%| F|  |TAMS 0x0000000091400000, 0x0000000091400000| Untracked 
| 223|0x0000000091500000, 0x0000000091500000, 0x0000000091600000|  0%| F|  |TAMS 0x0000000091500000, 0x0000000091500000| Untracked 
| 224|0x0000000091600000, 0x0000000091600000, 0x0000000091700000|  0%| F|  |TAMS 0x0000000091600000, 0x0000000091600000| Untracked 
| 225|0x0000000091700000, 0x0000000091700000, 0x0000000091800000|  0%| F|  |TAMS 0x0000000091700000, 0x0000000091700000| Untracked 
| 226|0x0000000091800000, 0x0000000091800000, 0x0000000091900000|  0%| F|  |TAMS 0x0000000091800000, 0x0000000091800000| Untracked 
| 227|0x0000000091900000, 0x0000000091900000, 0x0000000091a00000|  0%| F|  |TAMS 0x0000000091900000, 0x0000000091900000| Untracked 
| 228|0x0000000091a00000, 0x0000000091a00000, 0x0000000091b00000|  0%| F|  |TAMS 0x0000000091a00000, 0x0000000091a00000| Untracked 
| 229|0x0000000091b00000, 0x0000000091b00000, 0x0000000091c00000|  0%| F|  |TAMS 0x0000000091b00000, 0x0000000091b00000| Untracked 
| 230|0x0000000091c00000, 0x0000000091c00000, 0x0000000091d00000|  0%| F|  |TAMS 0x0000000091c00000, 0x0000000091c00000| Untracked 
| 231|0x0000000091d00000, 0x0000000091d00000, 0x0000000091e00000|  0%| F|  |TAMS 0x0000000091d00000, 0x0000000091d00000| Untracked 
| 232|0x0000000091e00000, 0x0000000091e00000, 0x0000000091f00000|  0%| F|  |TAMS 0x0000000091e00000, 0x0000000091e00000| Untracked 
| 233|0x0000000091f00000, 0x0000000091f00000, 0x0000000092000000|  0%| F|  |TAMS 0x0000000091f00000, 0x0000000091f00000| Untracked 
| 234|0x0000000092000000, 0x0000000092000000, 0x0000000092100000|  0%| F|  |TAMS 0x0000000092000000, 0x0000000092000000| Untracked 
| 235|0x0000000092100000, 0x0000000092100000, 0x0000000092200000|  0%| F|  |TAMS 0x0000000092100000, 0x0000000092100000| Untracked 
| 236|0x0000000092200000, 0x0000000092200000, 0x0000000092300000|  0%| F|  |TAMS 0x0000000092200000, 0x0000000092200000| Untracked 
| 237|0x0000000092300000, 0x0000000092300000, 0x0000000092400000|  0%| F|  |TAMS 0x0000000092300000, 0x0000000092300000| Untracked 
| 238|0x0000000092400000, 0x0000000092400000, 0x0000000092500000|  0%| F|  |TAMS 0x0000000092400000, 0x0000000092400000| Untracked 
| 239|0x0000000092500000, 0x0000000092500000, 0x0000000092600000|  0%| F|  |TAMS 0x0000000092500000, 0x0000000092500000| Untracked 
| 240|0x0000000092600000, 0x0000000092600000, 0x0000000092700000|  0%| F|  |TAMS 0x0000000092600000, 0x0000000092600000| Untracked 
| 241|0x0000000092700000, 0x0000000092700000, 0x0000000092800000|  0%| F|  |TAMS 0x0000000092700000, 0x0000000092700000| Untracked 
| 242|0x0000000092800000, 0x0000000092800000, 0x0000000092900000|  0%| F|  |TAMS 0x0000000092800000, 0x0000000092800000| Untracked 
| 243|0x0000000092900000, 0x0000000092900000, 0x0000000092a00000|  0%| F|  |TAMS 0x0000000092900000, 0x0000000092900000| Untracked 
| 244|0x0000000092a00000, 0x0000000092a00000, 0x0000000092b00000|  0%| F|  |TAMS 0x0000000092a00000, 0x0000000092a00000| Untracked 
| 245|0x0000000092b00000, 0x0000000092b00000, 0x0000000092c00000|  0%| F|  |TAMS 0x0000000092b00000, 0x0000000092b00000| Untracked 
| 246|0x0000000092c00000, 0x0000000092c00000, 0x0000000092d00000|  0%| F|  |TAMS 0x0000000092c00000, 0x0000000092c00000| Untracked 
| 247|0x0000000092d00000, 0x0000000092d00000, 0x0000000092e00000|  0%| F|  |TAMS 0x0000000092d00000, 0x0000000092d00000| Untracked 
| 248|0x0000000092e00000, 0x0000000092e00000, 0x0000000092f00000|  0%| F|  |TAMS 0x0000000092e00000, 0x0000000092e00000| Untracked 
| 249|0x0000000092f00000, 0x0000000092f00000, 0x0000000093000000|  0%| F|  |TAMS 0x0000000092f00000, 0x0000000092f00000| Untracked 
| 250|0x0000000093000000, 0x0000000093000000, 0x0000000093100000|  0%| F|  |TAMS 0x0000000093000000, 0x0000000093000000| Untracked 
| 251|0x0000000093100000, 0x0000000093100000, 0x0000000093200000|  0%| F|  |TAMS 0x0000000093100000, 0x0000000093100000| Untracked 
| 252|0x0000000093200000, 0x0000000093200000, 0x0000000093300000|  0%| F|  |TAMS 0x0000000093200000, 0x0000000093200000| Untracked 
| 253|0x0000000093300000, 0x0000000093300000, 0x0000000093400000|  0%| F|  |TAMS 0x0000000093300000, 0x0000000093300000| Untracked 
| 254|0x0000000093400000, 0x0000000093400000, 0x0000000093500000|  0%| F|  |TAMS 0x0000000093400000, 0x0000000093400000| Untracked 
| 255|0x0000000093500000, 0x0000000093500000, 0x0000000093600000|  0%| F|  |TAMS 0x0000000093500000, 0x0000000093500000| Untracked 
| 256|0x0000000093600000, 0x0000000093600000, 0x0000000093700000|  0%| F|  |TAMS 0x0000000093600000, 0x0000000093600000| Untracked 
| 257|0x0000000093700000, 0x0000000093700000, 0x0000000093800000|  0%| F|  |TAMS 0x0000000093700000, 0x0000000093700000| Untracked 
| 258|0x0000000093800000, 0x0000000093800000, 0x0000000093900000|  0%| F|  |TAMS 0x0000000093800000, 0x0000000093800000| Untracked 
| 259|0x0000000093900000, 0x0000000093900000, 0x0000000093a00000|  0%| F|  |TAMS 0x0000000093900000, 0x0000000093900000| Untracked 
| 260|0x0000000093a00000, 0x0000000093a00000, 0x0000000093b00000|  0%| F|  |TAMS 0x0000000093a00000, 0x0000000093a00000| Untracked 
| 261|0x0000000093b00000, 0x0000000093b00000, 0x0000000093c00000|  0%| F|  |TAMS 0x0000000093b00000, 0x0000000093b00000| Untracked 
| 262|0x0000000093c00000, 0x0000000093c00000, 0x0000000093d00000|  0%| F|  |TAMS 0x0000000093c00000, 0x0000000093c00000| Untracked 
| 263|0x0000000093d00000, 0x0000000093d00000, 0x0000000093e00000|  0%| F|  |TAMS 0x0000000093d00000, 0x0000000093d00000| Untracked 
| 264|0x0000000093e00000, 0x0000000093e00000, 0x0000000093f00000|  0%| F|  |TAMS 0x0000000093e00000, 0x0000000093e00000| Untracked 
| 265|0x0000000093f00000, 0x0000000093f00000, 0x0000000094000000|  0%| F|  |TAMS 0x0000000093f00000, 0x0000000093f00000| Untracked 
| 266|0x0000000094000000, 0x0000000094000000, 0x0000000094100000|  0%| F|  |TAMS 0x0000000094000000, 0x0000000094000000| Untracked 
| 267|0x0000000094100000, 0x0000000094100000, 0x0000000094200000|  0%| F|  |TAMS 0x0000000094100000, 0x0000000094100000| Untracked 
| 268|0x0000000094200000, 0x0000000094200000, 0x0000000094300000|  0%| F|  |TAMS 0x0000000094200000, 0x0000000094200000| Untracked 
| 269|0x0000000094300000, 0x0000000094300000, 0x0000000094400000|  0%| F|  |TAMS 0x0000000094300000, 0x0000000094300000| Untracked 
| 270|0x0000000094400000, 0x0000000094400000, 0x0000000094500000|  0%| F|  |TAMS 0x0000000094400000, 0x0000000094400000| Untracked 
| 271|0x0000000094500000, 0x0000000094500000, 0x0000000094600000|  0%| F|  |TAMS 0x0000000094500000, 0x0000000094500000| Untracked 
| 272|0x0000000094600000, 0x0000000094600000, 0x0000000094700000|  0%| F|  |TAMS 0x0000000094600000, 0x0000000094600000| Untracked 
| 273|0x0000000094700000, 0x0000000094700000, 0x0000000094800000|  0%| F|  |TAMS 0x0000000094700000, 0x0000000094700000| Untracked 
| 274|0x0000000094800000, 0x0000000094800000, 0x0000000094900000|  0%| F|  |TAMS 0x0000000094800000, 0x0000000094800000| Untracked 
| 275|0x0000000094900000, 0x0000000094900000, 0x0000000094a00000|  0%| F|  |TAMS 0x0000000094900000, 0x0000000094900000| Untracked 
| 276|0x0000000094a00000, 0x0000000094a00000, 0x0000000094b00000|  0%| F|  |TAMS 0x0000000094a00000, 0x0000000094a00000| Untracked 
| 277|0x0000000094b00000, 0x0000000094b00000, 0x0000000094c00000|  0%| F|  |TAMS 0x0000000094b00000, 0x0000000094b00000| Untracked 
| 278|0x0000000094c00000, 0x0000000094c00000, 0x0000000094d00000|  0%| F|  |TAMS 0x0000000094c00000, 0x0000000094c00000| Untracked 
| 279|0x0000000094d00000, 0x0000000094d00000, 0x0000000094e00000|  0%| F|  |TAMS 0x0000000094d00000, 0x0000000094d00000| Untracked 
| 280|0x0000000094e00000, 0x0000000094e00000, 0x0000000094f00000|  0%| F|  |TAMS 0x0000000094e00000, 0x0000000094e00000| Untracked 
| 281|0x0000000094f00000, 0x0000000094f00000, 0x0000000095000000|  0%| F|  |TAMS 0x0000000094f00000, 0x0000000094f00000| Untracked 
| 282|0x0000000095000000, 0x0000000095074590, 0x0000000095100000| 45%| S|CS|TAMS 0x0000000095000000, 0x0000000095000000| Complete 
| 283|0x0000000095100000, 0x0000000095200000, 0x0000000095200000|100%| S|CS|TAMS 0x0000000095100000, 0x0000000095100000| Complete 
| 284|0x0000000095200000, 0x0000000095300000, 0x0000000095300000|100%| S|CS|TAMS 0x0000000095200000, 0x0000000095200000| Complete 
| 285|0x0000000095300000, 0x0000000095300000, 0x0000000095400000|  0%| F|  |TAMS 0x0000000095300000, 0x0000000095300000| Untracked 
| 286|0x0000000095400000, 0x0000000095400000, 0x0000000095500000|  0%| F|  |TAMS 0x0000000095400000, 0x0000000095400000| Untracked 
| 287|0x0000000095500000, 0x0000000095500000, 0x0000000095600000|  0%| F|  |TAMS 0x0000000095500000, 0x0000000095500000| Untracked 
| 288|0x0000000095600000, 0x0000000095600000, 0x0000000095700000|  0%| F|  |TAMS 0x0000000095600000, 0x0000000095600000| Untracked 
| 289|0x0000000095700000, 0x0000000095700000, 0x0000000095800000|  0%| F|  |TAMS 0x0000000095700000, 0x0000000095700000| Untracked 
| 290|0x0000000095800000, 0x0000000095800000, 0x0000000095900000|  0%| F|  |TAMS 0x0000000095800000, 0x0000000095800000| Untracked 
| 291|0x0000000095900000, 0x0000000095900000, 0x0000000095a00000|  0%| F|  |TAMS 0x0000000095900000, 0x0000000095900000| Untracked 
| 292|0x0000000095a00000, 0x0000000095a00000, 0x0000000095b00000|  0%| F|  |TAMS 0x0000000095a00000, 0x0000000095a00000| Untracked 
| 293|0x0000000095b00000, 0x0000000095b00000, 0x0000000095c00000|  0%| F|  |TAMS 0x0000000095b00000, 0x0000000095b00000| Untracked 
| 294|0x0000000095c00000, 0x0000000095c00000, 0x0000000095d00000|  0%| F|  |TAMS 0x0000000095c00000, 0x0000000095c00000| Untracked 
| 295|0x0000000095d00000, 0x0000000095d00000, 0x0000000095e00000|  0%| F|  |TAMS 0x0000000095d00000, 0x0000000095d00000| Untracked 
| 296|0x0000000095e00000, 0x0000000095e00000, 0x0000000095f00000|  0%| F|  |TAMS 0x0000000095e00000, 0x0000000095e00000| Untracked 
| 297|0x0000000095f00000, 0x0000000095f00000, 0x0000000096000000|  0%| F|  |TAMS 0x0000000095f00000, 0x0000000095f00000| Untracked 
| 298|0x0000000096000000, 0x0000000096000000, 0x0000000096100000|  0%| F|  |TAMS 0x0000000096000000, 0x0000000096000000| Untracked 
| 299|0x0000000096100000, 0x0000000096100000, 0x0000000096200000|  0%| F|  |TAMS 0x0000000096100000, 0x0000000096100000| Untracked 
| 300|0x0000000096200000, 0x0000000096200000, 0x0000000096300000|  0%| F|  |TAMS 0x0000000096200000, 0x0000000096200000| Untracked 
| 301|0x0000000096300000, 0x0000000096300000, 0x0000000096400000|  0%| F|  |TAMS 0x0000000096300000, 0x0000000096300000| Untracked 
| 302|0x0000000096400000, 0x0000000096400000, 0x0000000096500000|  0%| F|  |TAMS 0x0000000096400000, 0x0000000096400000| Untracked 
| 303|0x0000000096500000, 0x0000000096500000, 0x0000000096600000|  0%| F|  |TAMS 0x0000000096500000, 0x0000000096500000| Untracked 
| 304|0x0000000096600000, 0x0000000096600000, 0x0000000096700000|  0%| F|  |TAMS 0x0000000096600000, 0x0000000096600000| Untracked 
| 305|0x0000000096700000, 0x0000000096700000, 0x0000000096800000|  0%| F|  |TAMS 0x0000000096700000, 0x0000000096700000| Untracked 
| 306|0x0000000096800000, 0x0000000096800000, 0x0000000096900000|  0%| F|  |TAMS 0x0000000096800000, 0x0000000096800000| Untracked 
| 307|0x0000000096900000, 0x0000000096900000, 0x0000000096a00000|  0%| F|  |TAMS 0x0000000096900000, 0x0000000096900000| Untracked 
| 308|0x0000000096a00000, 0x0000000096a00000, 0x0000000096b00000|  0%| F|  |TAMS 0x0000000096a00000, 0x0000000096a00000| Untracked 
| 309|0x0000000096b00000, 0x0000000096b00000, 0x0000000096c00000|  0%| F|  |TAMS 0x0000000096b00000, 0x0000000096b00000| Untracked 
| 310|0x0000000096c00000, 0x0000000096c00000, 0x0000000096d00000|  0%| F|  |TAMS 0x0000000096c00000, 0x0000000096c00000| Untracked 
| 311|0x0000000096d00000, 0x0000000096d00000, 0x0000000096e00000|  0%| F|  |TAMS 0x0000000096d00000, 0x0000000096d00000| Untracked 
| 312|0x0000000096e00000, 0x0000000096e00000, 0x0000000096f00000|  0%| F|  |TAMS 0x0000000096e00000, 0x0000000096e00000| Untracked 
| 313|0x0000000096f00000, 0x0000000096f00000, 0x0000000097000000|  0%| F|  |TAMS 0x0000000096f00000, 0x0000000096f00000| Untracked 
| 314|0x0000000097000000, 0x0000000097000000, 0x0000000097100000|  0%| F|  |TAMS 0x0000000097000000, 0x0000000097000000| Untracked 
| 315|0x0000000097100000, 0x0000000097100000, 0x0000000097200000|  0%| F|  |TAMS 0x0000000097100000, 0x0000000097100000| Untracked 
| 316|0x0000000097200000, 0x0000000097200000, 0x0000000097300000|  0%| F|  |TAMS 0x0000000097200000, 0x0000000097200000| Untracked 
| 317|0x0000000097300000, 0x0000000097300000, 0x0000000097400000|  0%| F|  |TAMS 0x0000000097300000, 0x0000000097300000| Untracked 
| 318|0x0000000097400000, 0x0000000097400000, 0x0000000097500000|  0%| F|  |TAMS 0x0000000097400000, 0x0000000097400000| Untracked 
| 319|0x0000000097500000, 0x0000000097500000, 0x0000000097600000|  0%| F|  |TAMS 0x0000000097500000, 0x0000000097500000| Untracked 
| 320|0x0000000097600000, 0x0000000097600000, 0x0000000097700000|  0%| F|  |TAMS 0x0000000097600000, 0x0000000097600000| Untracked 
| 321|0x0000000097700000, 0x0000000097700000, 0x0000000097800000|  0%| F|  |TAMS 0x0000000097700000, 0x0000000097700000| Untracked 
| 322|0x0000000097800000, 0x0000000097800000, 0x0000000097900000|  0%| F|  |TAMS 0x0000000097800000, 0x0000000097800000| Untracked 
| 323|0x0000000097900000, 0x0000000097900000, 0x0000000097a00000|  0%| F|  |TAMS 0x0000000097900000, 0x0000000097900000| Untracked 
| 324|0x0000000097a00000, 0x0000000097a00000, 0x0000000097b00000|  0%| F|  |TAMS 0x0000000097a00000, 0x0000000097a00000| Untracked 
| 325|0x0000000097b00000, 0x0000000097b00000, 0x0000000097c00000|  0%| F|  |TAMS 0x0000000097b00000, 0x0000000097b00000| Untracked 
| 326|0x0000000097c00000, 0x0000000097c00000, 0x0000000097d00000|  0%| F|  |TAMS 0x0000000097c00000, 0x0000000097c00000| Untracked 
| 327|0x0000000097d00000, 0x0000000097d00000, 0x0000000097e00000|  0%| F|  |TAMS 0x0000000097d00000, 0x0000000097d00000| Untracked 
| 328|0x0000000097e00000, 0x0000000097e00000, 0x0000000097f00000|  0%| F|  |TAMS 0x0000000097e00000, 0x0000000097e00000| Untracked 
| 329|0x0000000097f00000, 0x0000000097f00000, 0x0000000098000000|  0%| F|  |TAMS 0x0000000097f00000, 0x0000000097f00000| Untracked 
| 330|0x0000000098000000, 0x0000000098000000, 0x0000000098100000|  0%| F|  |TAMS 0x0000000098000000, 0x0000000098000000| Untracked 
| 331|0x0000000098100000, 0x0000000098100000, 0x0000000098200000|  0%| F|  |TAMS 0x0000000098100000, 0x0000000098100000| Untracked 
| 332|0x0000000098200000, 0x0000000098200000, 0x0000000098300000|  0%| F|  |TAMS 0x0000000098200000, 0x0000000098200000| Untracked 
| 333|0x0000000098300000, 0x0000000098300000, 0x0000000098400000|  0%| F|  |TAMS 0x0000000098300000, 0x0000000098300000| Untracked 
| 334|0x0000000098400000, 0x0000000098400000, 0x0000000098500000|  0%| F|  |TAMS 0x0000000098400000, 0x0000000098400000| Untracked 
| 335|0x0000000098500000, 0x0000000098500000, 0x0000000098600000|  0%| F|  |TAMS 0x0000000098500000, 0x0000000098500000| Untracked 
| 336|0x0000000098600000, 0x0000000098600000, 0x0000000098700000|  0%| F|  |TAMS 0x0000000098600000, 0x0000000098600000| Untracked 
| 337|0x0000000098700000, 0x0000000098700000, 0x0000000098800000|  0%| F|  |TAMS 0x0000000098700000, 0x0000000098700000| Untracked 
| 338|0x0000000098800000, 0x0000000098800000, 0x0000000098900000|  0%| F|  |TAMS 0x0000000098800000, 0x0000000098800000| Untracked 
| 339|0x0000000098900000, 0x0000000098900000, 0x0000000098a00000|  0%| F|  |TAMS 0x0000000098900000, 0x0000000098900000| Untracked 
| 340|0x0000000098a00000, 0x0000000098a00000, 0x0000000098b00000|  0%| F|  |TAMS 0x0000000098a00000, 0x0000000098a00000| Untracked 
| 341|0x0000000098b00000, 0x0000000098b00000, 0x0000000098c00000|  0%| F|  |TAMS 0x0000000098b00000, 0x0000000098b00000| Untracked 
| 342|0x0000000098c00000, 0x0000000098c00000, 0x0000000098d00000|  0%| F|  |TAMS 0x0000000098c00000, 0x0000000098c00000| Untracked 
| 343|0x0000000098d00000, 0x0000000098d00000, 0x0000000098e00000|  0%| F|  |TAMS 0x0000000098d00000, 0x0000000098d00000| Untracked 
| 344|0x0000000098e00000, 0x0000000098e00000, 0x0000000098f00000|  0%| F|  |TAMS 0x0000000098e00000, 0x0000000098e00000| Untracked 
| 345|0x0000000098f00000, 0x0000000098f00000, 0x0000000099000000|  0%| F|  |TAMS 0x0000000098f00000, 0x0000000098f00000| Untracked 
| 346|0x0000000099000000, 0x0000000099000000, 0x0000000099100000|  0%| F|  |TAMS 0x0000000099000000, 0x0000000099000000| Untracked 
| 347|0x0000000099100000, 0x0000000099100000, 0x0000000099200000|  0%| F|  |TAMS 0x0000000099100000, 0x0000000099100000| Untracked 
| 348|0x0000000099200000, 0x0000000099200000, 0x0000000099300000|  0%| F|  |TAMS 0x0000000099200000, 0x0000000099200000| Untracked 
| 349|0x0000000099300000, 0x0000000099300000, 0x0000000099400000|  0%| F|  |TAMS 0x0000000099300000, 0x0000000099300000| Untracked 
| 350|0x0000000099400000, 0x0000000099400000, 0x0000000099500000|  0%| F|  |TAMS 0x0000000099400000, 0x0000000099400000| Untracked 
| 351|0x0000000099500000, 0x0000000099500000, 0x0000000099600000|  0%| F|  |TAMS 0x0000000099500000, 0x0000000099500000| Untracked 
| 352|0x0000000099600000, 0x0000000099600000, 0x0000000099700000|  0%| F|  |TAMS 0x0000000099600000, 0x0000000099600000| Untracked 
| 353|0x0000000099700000, 0x0000000099700000, 0x0000000099800000|  0%| F|  |TAMS 0x0000000099700000, 0x0000000099700000| Untracked 
| 354|0x0000000099800000, 0x0000000099800000, 0x0000000099900000|  0%| F|  |TAMS 0x0000000099800000, 0x0000000099800000| Untracked 
| 355|0x0000000099900000, 0x0000000099900000, 0x0000000099a00000|  0%| F|  |TAMS 0x0000000099900000, 0x0000000099900000| Untracked 
| 356|0x0000000099a00000, 0x0000000099a00000, 0x0000000099b00000|  0%| F|  |TAMS 0x0000000099a00000, 0x0000000099a00000| Untracked 
| 357|0x0000000099b00000, 0x0000000099b00000, 0x0000000099c00000|  0%| F|  |TAMS 0x0000000099b00000, 0x0000000099b00000| Untracked 
| 358|0x0000000099c00000, 0x0000000099c00000, 0x0000000099d00000|  0%| F|  |TAMS 0x0000000099c00000, 0x0000000099c00000| Untracked 
| 359|0x0000000099d00000, 0x0000000099d00000, 0x0000000099e00000|  0%| F|  |TAMS 0x0000000099d00000, 0x0000000099d00000| Untracked 
| 360|0x0000000099e00000, 0x0000000099e00000, 0x0000000099f00000|  0%| F|  |TAMS 0x0000000099e00000, 0x0000000099e00000| Untracked 
| 361|0x0000000099f00000, 0x0000000099f00000, 0x000000009a000000|  0%| F|  |TAMS 0x0000000099f00000, 0x0000000099f00000| Untracked 
| 362|0x000000009a000000, 0x000000009a000000, 0x000000009a100000|  0%| F|  |TAMS 0x000000009a000000, 0x000000009a000000| Untracked 
| 363|0x000000009a100000, 0x000000009a100000, 0x000000009a200000|  0%| F|  |TAMS 0x000000009a100000, 0x000000009a100000| Untracked 
| 364|0x000000009a200000, 0x000000009a200000, 0x000000009a300000|  0%| F|  |TAMS 0x000000009a200000, 0x000000009a200000| Untracked 
| 365|0x000000009a300000, 0x000000009a300000, 0x000000009a400000|  0%| F|  |TAMS 0x000000009a300000, 0x000000009a300000| Untracked 
| 366|0x000000009a400000, 0x000000009a400000, 0x000000009a500000|  0%| F|  |TAMS 0x000000009a400000, 0x000000009a400000| Untracked 
| 367|0x000000009a500000, 0x000000009a500000, 0x000000009a600000|  0%| F|  |TAMS 0x000000009a500000, 0x000000009a500000| Untracked 
| 368|0x000000009a600000, 0x000000009a600000, 0x000000009a700000|  0%| F|  |TAMS 0x000000009a600000, 0x000000009a600000| Untracked 
| 369|0x000000009a700000, 0x000000009a700000, 0x000000009a800000|  0%| F|  |TAMS 0x000000009a700000, 0x000000009a700000| Untracked 
| 370|0x000000009a800000, 0x000000009a800000, 0x000000009a900000|  0%| F|  |TAMS 0x000000009a800000, 0x000000009a800000| Untracked 
| 371|0x000000009a900000, 0x000000009a900000, 0x000000009aa00000|  0%| F|  |TAMS 0x000000009a900000, 0x000000009a900000| Untracked 
| 372|0x000000009aa00000, 0x000000009aa00000, 0x000000009ab00000|  0%| F|  |TAMS 0x000000009aa00000, 0x000000009aa00000| Untracked 
| 373|0x000000009ab00000, 0x000000009ab00000, 0x000000009ac00000|  0%| F|  |TAMS 0x000000009ab00000, 0x000000009ab00000| Untracked 
| 374|0x000000009ac00000, 0x000000009ac00000, 0x000000009ad00000|  0%| F|  |TAMS 0x000000009ac00000, 0x000000009ac00000| Untracked 
| 375|0x000000009ad00000, 0x000000009ad00000, 0x000000009ae00000|  0%| F|  |TAMS 0x000000009ad00000, 0x000000009ad00000| Untracked 
| 376|0x000000009ae00000, 0x000000009ae00000, 0x000000009af00000|  0%| F|  |TAMS 0x000000009ae00000, 0x000000009ae00000| Untracked 
| 377|0x000000009af00000, 0x000000009af00000, 0x000000009b000000|  0%| F|  |TAMS 0x000000009af00000, 0x000000009af00000| Untracked 
| 378|0x000000009b000000, 0x000000009b000000, 0x000000009b100000|  0%| F|  |TAMS 0x000000009b000000, 0x000000009b000000| Untracked 
| 379|0x000000009b100000, 0x000000009b100000, 0x000000009b200000|  0%| F|  |TAMS 0x000000009b100000, 0x000000009b100000| Untracked 
| 380|0x000000009b200000, 0x000000009b200000, 0x000000009b300000|  0%| F|  |TAMS 0x000000009b200000, 0x000000009b200000| Untracked 
| 381|0x000000009b300000, 0x000000009b300000, 0x000000009b400000|  0%| F|  |TAMS 0x000000009b300000, 0x000000009b300000| Untracked 
| 382|0x000000009b400000, 0x000000009b400000, 0x000000009b500000|  0%| F|  |TAMS 0x000000009b400000, 0x000000009b400000| Untracked 
| 383|0x000000009b500000, 0x000000009b500000, 0x000000009b600000|  0%| F|  |TAMS 0x000000009b500000, 0x000000009b500000| Untracked 
| 384|0x000000009b600000, 0x000000009b600000, 0x000000009b700000|  0%| F|  |TAMS 0x000000009b600000, 0x000000009b600000| Untracked 
| 385|0x000000009b700000, 0x000000009b700000, 0x000000009b800000|  0%| F|  |TAMS 0x000000009b700000, 0x000000009b700000| Untracked 

Card table byte_map: [0x000001fd9cba0000,0x000001fd9cf90000] _byte_map_base: 0x000001fd9c785000

Marking Bits (Prev, Next): (CMBitMap*) 0x000001fd85c56470, (CMBitMap*) 0x000001fd85c564b0
 Prev Bits: [0x000001fd9d380000, 0x000001fd9f2a8000)
 Next Bits: [0x000001fd9f2b0000, 0x000001fda11d8000)

Polling page: 0x000001fd83bd0000

Metaspace:

Usage:
  Non-class:     65.47 MB used.
      Class:      9.52 MB used.
       Both:     75.00 MB used.

Virtual space:
  Non-class space:       72.00 MB reserved,      65.75 MB ( 91%) committed,  9 nodes.
      Class space:        1.00 GB reserved,       9.75 MB ( <1%) committed,  1 nodes.
             Both:        1.07 GB reserved,      75.50 MB (  7%) committed. 

Chunk freelists:
   Non-Class:  2.01 MB
       Class:  2.06 MB
        Both:  4.08 MB

MaxMetaspaceSize: unlimited
CompressedClassSpaceSize: 1.00 GB
Initial GC threshold: 21.00 MB
Current GC threshold: 125.75 MB
CDS: on
MetaspaceReclaimPolicy: balanced
 - commit_granule_bytes: 65536.
 - commit_granule_words: 8192.
 - virtual_space_node_default_size: 1048576.
 - enlarge_chunks_in_place: 1.
 - new_chunks_are_fully_committed: 0.
 - uncommit_free_chunks: 1.
 - use_allocation_guard: 0.
 - handle_deallocations: 1.


Internal statistics:

num_allocs_failed_limit: 6.
num_arena_births: 664.
num_arena_deaths: 0.
num_vsnodes_births: 10.
num_vsnodes_deaths: 0.
num_space_committed: 1208.
num_space_uncommitted: 0.
num_chunks_returned_to_freelist: 6.
num_chunks_taken_from_freelist: 3375.
num_chunk_merges: 3.
num_chunk_splits: 2326.
num_chunks_enlarged: 1765.
num_purges: 0.
num_inconsistent_stats: 0.

CodeHeap 'non-profiled nmethods': size=120000Kb used=6550Kb max_used=6701Kb free=113450Kb
 bounds [0x000001fd94f40000, 0x000001fd955d0000, 0x000001fd9c470000]
CodeHeap 'profiled nmethods': size=120000Kb used=18349Kb max_used=20634Kb free=101650Kb
 bounds [0x000001fd8d470000, 0x000001fd8e8a0000, 0x000001fd949a0000]
CodeHeap 'non-nmethods': size=5760Kb used=1384Kb max_used=1450Kb free=4375Kb
 bounds [0x000001fd949a0000, 0x000001fd94c10000, 0x000001fd94f40000]
 total_blobs=10162 nmethods=9453 adapters=620
 compilation: enabled
              stopped_count=0, restarted_count=0
 full_count=0

Compilation events (20 events):
Event: 122.998 Thread 0x000001fda3c395e0 11706       3       com.mysql.cj.protocol.a.NativeProtocol::checkTransactionState (40 bytes)
Event: 122.999 Thread 0x000001fda3c395e0 nmethod 11706 0x000001fd8da5b110 code [0x000001fd8da5b2e0, 0x000001fd8da5b6f8]
Event: 123.000 Thread 0x000001fda3c36440 11707       4       java.time.temporal.ValueRange::checkValidIntValue (25 bytes)
Event: 123.002 Thread 0x000001fda3c36440 nmethod 11707 0x000001fd952e2390 code [0x000001fd952e2500, 0x000001fd952e2678]
Event: 123.065 Thread 0x000001fda3c36440 11708       4       org.springframework.aop.framework.ReflectiveMethodInvocation::proceed (126 bytes)
Event: 123.099 Thread 0x000001fda3c36440 nmethod 11708 0x000001fd9520f410 code [0x000001fd9520f5a0, 0x000001fd9520f7b8]
Event: 123.889 Thread 0x000001fda3c36440 11709       4       sun.security.ssl.SSLSocketInputRecord::readHeader (43 bytes)
Event: 123.896 Thread 0x000001fda3c36440 nmethod 11709 0x000001fd952e1e10 code [0x000001fd952e1fa0, 0x000001fd952e20f8]
Event: 124.286 Thread 0x000001fda3c395e0 11710       3       sun.net.www.http.ChunkedInputStream::closeUnderlying (53 bytes)
Event: 124.289 Thread 0x000001fda3c395e0 nmethod 11710 0x000001fd8ddc9510 code [0x000001fd8ddc9700, 0x000001fd8ddc9c68]
Event: 126.356 Thread 0x000001fda3c395e0 11713       3       java.util.concurrent.locks.LockSupport::unpark (12 bytes)
Event: 126.358 Thread 0x000001fda3c395e0 nmethod 11713 0x000001fd8d773c10 code [0x000001fd8d773dc0, 0x000001fd8d773f28]
Event: 128.904 Thread 0x000001fda3c395e0 11714       1       org.apache.catalina.LifecycleState::isAvailable (5 bytes)
Event: 128.905 Thread 0x000001fda3c395e0 nmethod 11714 0x000001fd95176d90 code [0x000001fd95176f20, 0x000001fd95176ff8]
Event: 129.562 Thread 0x000001fda3c36440 11715       4       org.jboss.logging.Logger::isDebugEnabled (8 bytes)
Event: 129.565 Thread 0x000001fda3c395e0 11717       1       org.springframework.data.jpa.repository.support.CrudMethodMetadataPostProcessor$ThreadBoundTargetSource::isStatic (2 bytes)
Event: 129.565 Thread 0x000001fda3c395e0 nmethod 11717 0x000001fd95333f10 code [0x000001fd953340a0, 0x000001fd95334178]
Event: 129.579 Thread 0x000001fda3c395e0 11718       3       org.apache.commons.compress.archivers.zip.ZipLong::equals (30 bytes)
Event: 129.579 Thread 0x000001fda3c395e0 nmethod 11718 0x000001fd8d4fa610 code [0x000001fd8d4fa7c0, 0x000001fd8d4fabb8]
Event: 129.583 Thread 0x000001fda3c36440 nmethod 11715 0x000001fd9533b690 code [0x000001fd9533b880, 0x000001fd9533bc08]

GC Heap History (20 events):
Event: 50.572 GC heap after
{Heap after GC invocations=45 (full 0):
 garbage-first heap   total 395264K, used 124595K [0x0000000083600000, 0x0000000100000000)
  region size 1024K, 5 young (5120K), 5 survivors (5120K)
 Metaspace       used 75796K, committed 76288K, reserved 1122304K
  class space    used 9745K, committed 9984K, reserved 1048576K
}
Event: 64.998 GC heap before
{Heap before GC invocations=46 (full 0):
 garbage-first heap   total 345088K, used 202419K [0x0000000083600000, 0x0000000100000000)
  region size 1024K, 108 young (110592K), 5 survivors (5120K)
 Metaspace       used 76160K, committed 76672K, reserved 1122304K
  class space    used 9747K, committed 9984K, reserved 1048576K
}
Event: 65.026 GC heap after
{Heap after GC invocations=47 (full 0):
 garbage-first heap   total 345088K, used 111283K [0x0000000083600000, 0x0000000100000000)
  region size 1024K, 14 young (14336K), 14 survivors (14336K)
 Metaspace       used 76160K, committed 76672K, reserved 1122304K
  class space    used 9747K, committed 9984K, reserved 1048576K
}
Event: 65.041 GC heap before
{Heap before GC invocations=47 (full 0):
 garbage-first heap   total 345088K, used 113331K [0x0000000083600000, 0x0000000100000000)
  region size 1024K, 16 young (16384K), 14 survivors (14336K)
 Metaspace       used 76160K, committed 76672K, reserved 1122304K
  class space    used 9747K, committed 9984K, reserved 1048576K
}
Event: 65.058 GC heap after
{Heap after GC invocations=48 (full 0):
 garbage-first heap   total 345088K, used 99258K [0x0000000083600000, 0x0000000100000000)
  region size 1024K, 2 young (2048K), 2 survivors (2048K)
 Metaspace       used 76160K, committed 76672K, reserved 1122304K
  class space    used 9747K, committed 9984K, reserved 1048576K
}
Event: 79.440 GC heap before
{Heap before GC invocations=48 (full 0):
 garbage-first heap   total 345088K, used 200634K [0x0000000083600000, 0x0000000100000000)
  region size 1024K, 96 young (98304K), 2 survivors (2048K)
 Metaspace       used 76460K, committed 76992K, reserved 1122304K
  class space    used 9750K, committed 9984K, reserved 1048576K
}
Event: 79.462 GC heap after
{Heap after GC invocations=49 (full 0):
 garbage-first heap   total 345088K, used 110189K [0x0000000083600000, 0x0000000100000000)
  region size 1024K, 11 young (11264K), 11 survivors (11264K)
 Metaspace       used 76460K, committed 76992K, reserved 1122304K
  class space    used 9750K, committed 9984K, reserved 1048576K
}
Event: 86.731 GC heap before
{Heap before GC invocations=49 (full 0):
 garbage-first heap   total 345088K, used 171629K [0x0000000083600000, 0x0000000100000000)
  region size 1024K, 70 young (71680K), 11 survivors (11264K)
 Metaspace       used 76533K, committed 76992K, reserved 1122304K
  class space    used 9751K, committed 9984K, reserved 1048576K
}
Event: 86.745 GC heap after
{Heap after GC invocations=50 (full 0):
 garbage-first heap   total 345088K, used 109321K [0x0000000083600000, 0x0000000100000000)
  region size 1024K, 2 young (2048K), 2 survivors (2048K)
 Metaspace       used 76533K, committed 76992K, reserved 1122304K
  class space    used 9751K, committed 9984K, reserved 1048576K
}
Event: 101.021 GC heap before
{Heap before GC invocations=51 (full 0):
 garbage-first heap   total 345088K, used 229462K [0x0000000083600000, 0x0000000100000000)
  region size 1024K, 124 young (126976K), 2 survivors (2048K)
 Metaspace       used 76699K, committed 77184K, reserved 1122304K
  class space    used 9751K, committed 9984K, reserved 1048576K
}
Event: 101.025 GC heap after
{Heap after GC invocations=52 (full 0):
 garbage-first heap   total 345088K, used 94409K [0x0000000083600000, 0x0000000100000000)
  region size 1024K, 2 young (2048K), 2 survivors (2048K)
 Metaspace       used 76699K, committed 77184K, reserved 1122304K
  class space    used 9751K, committed 9984K, reserved 1048576K
}
Event: 101.082 GC heap before
{Heap before GC invocations=52 (full 0):
 garbage-first heap   total 345088K, used 108745K [0x0000000083600000, 0x0000000100000000)
  region size 1024K, 16 young (16384K), 2 survivors (2048K)
 Metaspace       used 76700K, committed 77184K, reserved 1122304K
  class space    used 9751K, committed 9984K, reserved 1048576K
}
Event: 101.093 GC heap after
{Heap after GC invocations=53 (full 0):
 garbage-first heap   total 345088K, used 91837K [0x0000000083600000, 0x0000000100000000)
  region size 1024K, 2 young (2048K), 2 survivors (2048K)
 Metaspace       used 76700K, committed 77184K, reserved 1122304K
  class space    used 9751K, committed 9984K, reserved 1048576K
}
Event: 108.298 GC heap before
{Heap before GC invocations=53 (full 0):
 garbage-first heap   total 345088K, used 132797K [0x0000000083600000, 0x0000000100000000)
  region size 1024K, 43 young (44032K), 2 survivors (2048K)
 Metaspace       used 76734K, committed 77248K, reserved 1122304K
  class space    used 9751K, committed 9984K, reserved 1048576K
}
Event: 108.317 GC heap after
{Heap after GC invocations=54 (full 0):
 garbage-first heap   total 345088K, used 104697K [0x0000000083600000, 0x0000000100000000)
  region size 1024K, 15 young (15360K), 15 survivors (15360K)
 Metaspace       used 76734K, committed 77248K, reserved 1122304K
  class space    used 9751K, committed 9984K, reserved 1048576K
}
Event: 121.059 GC heap before
{Heap before GC invocations=55 (full 0):
 garbage-first heap   total 301056K, used 196857K [0x0000000083600000, 0x0000000100000000)
  region size 1024K, 120 young (122880K), 15 survivors (15360K)
 Metaspace       used 76782K, committed 77248K, reserved 1122304K
  class space    used 9751K, committed 9984K, reserved 1048576K
}
Event: 121.479 GC heap after
{Heap after GC invocations=56 (full 0):
 garbage-first heap   total 301056K, used 105756K [0x0000000083600000, 0x0000000100000000)
  region size 1024K, 15 young (15360K), 15 survivors (15360K)
 Metaspace       used 76782K, committed 77248K, reserved 1122304K
  class space    used 9751K, committed 9984K, reserved 1048576K
}
Event: 121.542 GC heap before
{Heap before GC invocations=56 (full 0):
 garbage-first heap   total 301056K, used 106780K [0x0000000083600000, 0x0000000100000000)
  region size 1024K, 16 young (16384K), 15 survivors (15360K)
 Metaspace       used 76782K, committed 77248K, reserved 1122304K
  class space    used 9751K, committed 9984K, reserved 1048576K
}
Event: 121.688 GC heap after
{Heap after GC invocations=57 (full 0):
 garbage-first heap   total 301056K, used 102426K [0x0000000083600000, 0x0000000100000000)
  region size 1024K, 2 young (2048K), 2 survivors (2048K)
 Metaspace       used 76782K, committed 77248K, reserved 1122304K
  class space    used 9751K, committed 9984K, reserved 1048576K
}
Event: 129.583 GC heap before
{Heap before GC invocations=57 (full 0):
 garbage-first heap   total 301056K, used 112666K [0x0000000083600000, 0x0000000100000000)
  region size 1024K, 13 young (13312K), 2 survivors (2048K)
 Metaspace       used 76795K, committed 77312K, reserved 1122304K
  class space    used 9751K, committed 9984K, reserved 1048576K
}

Deoptimization events (20 events):
Event: 80.094 Thread 0x000001fdabe7c710 DEOPT PACKING pc=0x000001fd8ddfdd83 sp=0x000000b99f7fe120
Event: 80.094 Thread 0x000001fdabe7c710 DEOPT UNPACKING pc=0x000001fd949f66e3 sp=0x000000b99f7fd590 mode 0
Event: 80.581 Thread 0x000001fdabe7c710 DEOPT PACKING pc=0x000001fd8de45fc6 sp=0x000000b99f7fc2b0
Event: 80.581 Thread 0x000001fdabe7c710 DEOPT UNPACKING pc=0x000001fd949f66e3 sp=0x000000b99f7fb7f0 mode 0
Event: 86.728 Thread 0x000001fdabe7c710 DEOPT PACKING pc=0x000001fd8e15831d sp=0x000000b99f7fe120
Event: 86.728 Thread 0x000001fdabe7c710 DEOPT UNPACKING pc=0x000001fd949f66e3 sp=0x000000b99f7fd5b0 mode 0
Event: 86.783 Thread 0x000001fdabe81db0 Uncommon trap: trap_request=0xffffff45 fr.pc=0x000001fd95565010 relative=0x00000000000002d0
Event: 86.783 Thread 0x000001fdabe81db0 Uncommon trap: reason=unstable_if action=reinterpret pc=0x000001fd95565010 method=sun.nio.ch.Util$BufferCache.get(I)Ljava/nio/ByteBuffer; @ 25 c2
Event: 86.783 Thread 0x000001fdabe81db0 DEOPT PACKING pc=0x000001fd95565010 sp=0x000000b99bffeaa0
Event: 86.784 Thread 0x000001fdabe81db0 DEOPT UNPACKING pc=0x000001fd949f5ba3 sp=0x000000b99bffe9f0 mode 2
Event: 86.921 Thread 0x000001fdabe7c710 DEOPT PACKING pc=0x000001fd8e5a9957 sp=0x000000b99f7fea20
Event: 86.921 Thread 0x000001fdabe7c710 DEOPT UNPACKING pc=0x000001fd949f66e3 sp=0x000000b99f7fdfa8 mode 0
Event: 87.090 Thread 0x000001fdabe7c710 DEOPT PACKING pc=0x000001fd8ddfa76c sp=0x000000b99f7fdbc0
Event: 87.090 Thread 0x000001fdabe7c710 DEOPT UNPACKING pc=0x000001fd949f66e3 sp=0x000000b99f7fd040 mode 0
Event: 94.951 Thread 0x000001fdabe7c710 DEOPT PACKING pc=0x000001fd8e15831d sp=0x000000b99f7fda50
Event: 94.952 Thread 0x000001fdabe7c710 DEOPT UNPACKING pc=0x000001fd949f66e3 sp=0x000000b99f7fcee0 mode 0
Event: 117.328 Thread 0x000001fdabe80a70 Uncommon trap: trap_request=0xffffff45 fr.pc=0x000001fd95564390 relative=0x0000000000000170
Event: 117.329 Thread 0x000001fdabe80a70 Uncommon trap: reason=unstable_if action=reinterpret pc=0x000001fd95564390 method=sun.nio.ch.Util$BufferCache.get(I)Ljava/nio/ByteBuffer; @ 25 c2
Event: 117.333 Thread 0x000001fdabe80a70 DEOPT PACKING pc=0x000001fd95564390 sp=0x000000b99bfff050
Event: 117.333 Thread 0x000001fdabe80a70 DEOPT UNPACKING pc=0x000001fd949f5ba3 sp=0x000000b99bfff000 mode 2

Classes unloaded (0 events):
No events

Classes redefined (0 events):
No events

Internal exceptions (20 events):
Event: 15.380 Thread 0x000001fda524ff70 Exception <a 'java/lang/NoSuchMethodError'{0x0000000086014ca8}: 'java.lang.Object java.lang.invoke.Invokers$Holder.linkToTargetMethod(java.lang.Object, java.lang.Object, java.lang.Object, java.lang.Object, java.lang.Object, java.lang.Object, java.lang.Object, java.lang.Object, java.lang.Object, java.lang.Object, java.lang.Object, java.lang.Object, java.lang.Object)'> (0x0000000086014ca8) 
thrown [s\open\src\hotspot\share\interpreter\linkResolver.cpp, line 759]
Event: 15.671 Thread 0x000001fdabe7c710 Exception <a 'java/lang/NoSuchMethodError'{0x000000008a7fdda8}: 'java.lang.Object java.lang.invoke.DirectMethodHandle$Holder.invokeStaticInit(java.lang.Object, java.lang.Object, java.lang.Object, java.lang.Object, java.lang.Object, java.lang.Object)'> (0x000000008a7fdda8) 
thrown [s\open\src\hotspot\share\interpreter\linkResolver.cpp, line 759]
Event: 15.952 Thread 0x000001fdabe7c710 Exception <a 'java/lang/NoSuchMethodError'{0x000000008b3adcf0}: 'void java.lang.invoke.DirectMethodHandle$Holder.invokeStatic(java.lang.Object, java.lang.Object, java.lang.Object, int)'> (0x000000008b3adcf0) 
thrown [s\open\src\hotspot\share\interpreter\linkResolver.cpp, line 759]
Event: 15.952 Thread 0x000001fdabe7c710 Exception <a 'java/lang/NoSuchMethodError'{0x000000008b3b11b0}: 'void java.lang.invoke.DirectMethodHandle$Holder.invokeStaticInit(java.lang.Object, java.lang.Object, java.lang.Object, int)'> (0x000000008b3b11b0) 
thrown [s\open\src\hotspot\share\interpreter\linkResolver.cpp, line 759]
Event: 16.043 Thread 0x000001fdabe7c710 Exception <a 'java/lang/NoSuchMethodError'{0x000000008a8b9880}: 'java.lang.Object java.lang.invoke.DirectMethodHandle$Holder.invokeStatic(java.lang.Object, java.lang.Object, int, int)'> (0x000000008a8b9880) 
thrown [s\open\src\hotspot\share\interpreter\linkResolver.cpp, line 759]
Event: 16.043 Thread 0x000001fdabe7c710 Exception <a 'java/lang/NoSuchMethodError'{0x000000008a8bd050}: 'java.lang.Object java.lang.invoke.DirectMethodHandle$Holder.invokeStaticInit(java.lang.Object, java.lang.Object, int, int)'> (0x000000008a8bd050) 
thrown [s\open\src\hotspot\share\interpreter\linkResolver.cpp, line 759]
Event: 16.304 Thread 0x000001fdabe7c710 Exception <a 'java/lang/NoSuchMethodError'{0x000000008692a930}: 'java.lang.Object java.lang.invoke.DirectMethodHandle$Holder.newInvokeSpecial(java.lang.Object, java.lang.Object, int, java.lang.Object)'> (0x000000008692a930) 
thrown [s\open\src\hotspot\share\interpreter\linkResolver.cpp, line 759]
Event: 16.304 Thread 0x000001fdabe7c710 Exception <a 'java/lang/NoSuchMethodError'{0x000000008692e4f8}: 'java.lang.Object java.lang.invoke.Invokers$Holder.linkToTargetMethod(java.lang.Object, int, java.lang.Object, java.lang.Object)'> (0x000000008692e4f8) 
thrown [s\open\src\hotspot\share\interpreter\linkResolver.cpp, line 759]
Event: 18.249 Thread 0x000001fdabe7c710 Exception <a 'java/lang/NoSuchMethodError'{0x000000008e7df170}: 'java.lang.Object java.lang.invoke.DirectMethodHandle$Holder.invokeVirtual(java.lang.Object, java.lang.Object, int)'> (0x000000008e7df170) 
thrown [s\open\src\hotspot\share\interpreter\linkResolver.cpp, line 759]
Event: 18.250 Thread 0x000001fdabe7c710 Exception <a 'java/lang/NoSuchMethodError'{0x000000008e7e6320}: 'void java.lang.invoke.DirectMethodHandle$Holder.invokeVirtual(java.lang.Object, java.lang.Object, int, java.lang.Object)'> (0x000000008e7e6320) 
thrown [s\open\src\hotspot\share\interpreter\linkResolver.cpp, line 759]
Event: 18.579 Thread 0x000001fdabe7c710 Implicit null exception at 0x000001fd9534edd5 to 0x000001fd953569b4
Event: 18.932 Thread 0x000001fdabe7c710 Exception <a 'java/lang/ClassNotFoundException'{0x000000008d55b2b0}: java/lang/ObjectCustomizer> (0x000000008d55b2b0) 
thrown [s\open\src\hotspot\share\classfile\systemDictionary.cpp, line 256]
Event: 18.933 Thread 0x000001fdabe7c710 Exception <a 'java/lang/ClassNotFoundException'{0x000000008d5639d0}: org/example/model/M_50592Customizer> (0x000000008d5639d0) 
thrown [s\open\src\hotspot\share\classfile\systemDictionary.cpp, line 256]
Event: 19.720 Thread 0x000001fdabe7c710 Exception <a 'java/lang/NoSuchMethodError'{0x000000008d2c5e70}: 'int java.lang.invoke.DirectMethodHandle$Holder.invokeStatic(java.lang.Object, java.lang.Object, java.lang.Object, java.lang.Object, java.lang.Object)'> (0x000000008d2c5e70) 
thrown [s\open\src\hotspot\share\interpreter\linkResolver.cpp, line 759]
Event: 22.034 Thread 0x000001fdabe7c710 Exception <a 'java/lang/NoSuchMethodError'{0x000000008c4688c8}: 'java.lang.Object java.lang.invoke.DirectMethodHandle$Holder.invokeStatic(java.lang.Object, int, java.lang.Object)'> (0x000000008c4688c8) 
thrown [s\open\src\hotspot\share\interpreter\linkResolver.cpp, line 759]
Event: 39.028 Thread 0x000001fdabe7bd70 Exception <a 'sun/nio/fs/WindowsException'{0x000000008ded1498}> (0x000000008ded1498) 
thrown [s\open\src\hotspot\share\prims\jni.cpp, line 516]
Event: 39.028 Thread 0x000001fdabe7bd70 Exception <a 'sun/nio/fs/WindowsException'{0x000000008ded1710}> (0x000000008ded1710) 
thrown [s\open\src\hotspot\share\prims\jni.cpp, line 516]
Event: 39.034 Thread 0x000001fdabe7bd70 Exception <a 'sun/nio/fs/WindowsException'{0x000000008ded2ff0}> (0x000000008ded2ff0) 
thrown [s\open\src\hotspot\share\prims\jni.cpp, line 516]
Event: 39.034 Thread 0x000001fdabe7bd70 Exception <a 'sun/nio/fs/WindowsException'{0x000000008ded3168}> (0x000000008ded3168) 
thrown [s\open\src\hotspot\share\prims\jni.cpp, line 516]
Event: 72.448 Thread 0x000001fdabe7c710 Implicit null exception at 0x000001fd95524fd2 to 0x000001fd955251d8

VM Operations (20 events):
Event: 108.664 Executing VM operation: G1Concurrent done
Event: 108.753 Executing VM operation: HandshakeAllThreads
Event: 108.753 Executing VM operation: HandshakeAllThreads done
Event: 109.586 Executing VM operation: HandshakeAllThreads
Event: 109.586 Executing VM operation: HandshakeAllThreads done
Event: 110.587 Executing VM operation: Cleanup
Event: 110.588 Executing VM operation: Cleanup done
Event: 111.597 Executing VM operation: Cleanup
Event: 111.597 Executing VM operation: Cleanup done
Event: 116.654 Executing VM operation: Cleanup
Event: 116.777 Executing VM operation: Cleanup done
Event: 121.058 Executing VM operation: G1CollectForAllocation
Event: 121.480 Executing VM operation: G1CollectForAllocation done
Event: 121.533 Executing VM operation: G1CollectForAllocation
Event: 121.689 Executing VM operation: G1CollectForAllocation done
Event: 122.691 Executing VM operation: Cleanup
Event: 122.691 Executing VM operation: Cleanup done
Event: 123.703 Executing VM operation: Cleanup
Event: 123.903 Executing VM operation: Cleanup done
Event: 129.583 Executing VM operation: G1TryInitiateConcMark

Events (20 events):
Event: 109.614 Thread 0x000001fda3c3ab80 flushing nmethod 0x000001fd8e38c710
Event: 109.614 Thread 0x000001fda3c3ab80 flushing nmethod 0x000001fd8e38e590
Event: 109.614 Thread 0x000001fda3c3ab80 flushing nmethod 0x000001fd8e390c10
Event: 109.614 Thread 0x000001fda3c3ab80 flushing nmethod 0x000001fd8e392590
Event: 109.614 Thread 0x000001fda3c3ab80 flushing nmethod 0x000001fd8e393c10
Event: 109.614 Thread 0x000001fda3c3ab80 flushing nmethod 0x000001fd8e39a310
Event: 109.614 Thread 0x000001fda3c3ab80 flushing nmethod 0x000001fd8e39c390
Event: 109.614 Thread 0x000001fda3c3ab80 flushing nmethod 0x000001fd8e39fb90
Event: 109.614 Thread 0x000001fda3c3ab80 flushing nmethod 0x000001fd8e3a0490
Event: 109.615 Thread 0x000001fda3c3ab80 flushing nmethod 0x000001fd8e408310
Event: 109.615 Thread 0x000001fda3c3ab80 flushing nmethod 0x000001fd8e40df90
Event: 109.615 Thread 0x000001fda3c3ab80 flushing nmethod 0x000001fd8e423f90
Event: 109.616 Thread 0x000001fda3c3ab80 flushing nmethod 0x000001fd8e4b5110
Event: 109.616 Thread 0x000001fda3c3ab80 flushing nmethod 0x000001fd8e58a610
Event: 109.616 Thread 0x000001fda3c3ab80 flushing nmethod 0x000001fd8e5a4790
Event: 109.616 Thread 0x000001fda3c3ab80 flushing nmethod 0x000001fd8e5a7810
Event: 117.346 Thread 0x000001fdabe80a70 Thread exited: 0x000001fdabe80a70
Event: 122.172 Thread 0x000001fdabe7f260 Thread added: 0x000001fdabe7f260
Event: 122.211 Thread 0x000001fdabe7f260 Thread exited: 0x000001fdabe7f260
Event: 122.309 Thread 0x000001fdabe7f260 Thread added: 0x000001fdabe7f260


Dynamic libraries:
0x00007ff6f6140000 - 0x00007ff6f6150000 	C:\Program Files\Java\jdk-17\bin\java.exe
0x00007ff917690000 - 0x00007ff9178a4000 	C:\WINDOWS\SYSTEM32\ntdll.dll
0x00007ff915b90000 - 0x00007ff915c52000 	C:\WINDOWS\System32\KERNEL32.DLL
0x00007ff914f10000 - 0x00007ff9152b3000 	C:\WINDOWS\System32\KERNELBASE.dll
0x00007ff914c10000 - 0x00007ff914d21000 	C:\WINDOWS\System32\ucrtbase.dll
0x00007ff90ac00000 - 0x00007ff90ac1b000 	C:\Program Files\Java\jdk-17\bin\VCRUNTIME140.dll
0x00007ff90da40000 - 0x00007ff90da58000 	C:\Program Files\Java\jdk-17\bin\jli.dll
0x00007ff915750000 - 0x00007ff9157fe000 	C:\WINDOWS\System32\ADVAPI32.dll
0x00007ff9155f0000 - 0x00007ff915697000 	C:\WINDOWS\System32\msvcrt.dll
0x00007ff915800000 - 0x00007ff9158a4000 	C:\WINDOWS\System32\sechost.dll
0x00007ff9171a0000 - 0x00007ff9172b7000 	C:\WINDOWS\System32\RPCRT4.dll
0x00007ff916a80000 - 0x00007ff916c2b000 	C:\WINDOWS\System32\USER32.dll
0x00007ff9153e0000 - 0x00007ff915406000 	C:\WINDOWS\System32\win32u.dll
0x00007ff901f80000 - 0x00007ff90220e000 	C:\WINDOWS\WinSxS\amd64_microsoft.windows.common-controls_6595b64144ccf1df_6.0.22621.1635_none_270f70857386168e\COMCTL32.dll
0x00007ff9169f0000 - 0x00007ff916a19000 	C:\WINDOWS\System32\GDI32.dll
0x00007ff9152c0000 - 0x00007ff9153d8000 	C:\WINDOWS\System32\gdi32full.dll
0x00007ff914ab0000 - 0x00007ff914b4a000 	C:\WINDOWS\System32\msvcp_win.dll
0x00007ff90d8a0000 - 0x00007ff90d8aa000 	C:\WINDOWS\SYSTEM32\VERSION.dll
0x00007ff9155b0000 - 0x00007ff9155e1000 	C:\WINDOWS\System32\IMM32.DLL
0x00007ff90dad0000 - 0x00007ff90dadc000 	C:\Program Files\Java\jdk-17\bin\vcruntime140_1.dll
0x00007ff8eb980000 - 0x00007ff8eba0e000 	C:\Program Files\Java\jdk-17\bin\msvcp140.dll
0x00007ff8c3eb0000 - 0x00007ff8c4a87000 	C:\Program Files\Java\jdk-17\bin\server\jvm.dll
0x00007ff916ed0000 - 0x00007ff916ed8000 	C:\WINDOWS\System32\PSAPI.DLL
0x00007ff8f58c0000 - 0x00007ff8f58f4000 	C:\WINDOWS\SYSTEM32\WINMM.dll
0x00007ff90a1a0000 - 0x00007ff90a1a9000 	C:\WINDOWS\SYSTEM32\WSOCK32.dll
0x00007ff916d70000 - 0x00007ff916de1000 	C:\WINDOWS\System32\WS2_32.dll
0x00007ff913b00000 - 0x00007ff913b18000 	C:\WINDOWS\SYSTEM32\kernel.appcore.dll
0x00007ff90b7c0000 - 0x00007ff90b7ca000 	C:\Program Files\Java\jdk-17\bin\jimage.dll
0x00007ff90e820000 - 0x00007ff90ea4e000 	C:\WINDOWS\SYSTEM32\DBGHELP.DLL
0x00007ff9172c0000 - 0x00007ff917649000 	C:\WINDOWS\System32\combase.dll
0x00007ff916df0000 - 0x00007ff916ec7000 	C:\WINDOWS\System32\OLEAUT32.dll
0x00007ff904840000 - 0x00007ff904872000 	C:\WINDOWS\SYSTEM32\dbgcore.DLL
0x00007ff915410000 - 0x00007ff91548b000 	C:\WINDOWS\System32\bcryptPrimitives.dll
0x00007ff90abf0000 - 0x00007ff90abfe000 	C:\Program Files\Java\jdk-17\bin\instrument.dll
0x00007ff9039a0000 - 0x00007ff9039c5000 	C:\Program Files\Java\jdk-17\bin\java.dll
0x00007ff8e3c70000 - 0x00007ff8e3d47000 	C:\Program Files\Java\jdk-17\bin\jsvml.dll
0x00007ff915c60000 - 0x00007ff91645a000 	C:\WINDOWS\System32\SHELL32.dll
0x00007ff912ab0000 - 0x00007ff91337e000 	C:\WINDOWS\SYSTEM32\windows.storage.dll
0x00007ff912970000 - 0x00007ff912aae000 	C:\WINDOWS\SYSTEM32\wintypes.dll
0x00007ff916460000 - 0x00007ff916551000 	C:\WINDOWS\System32\SHCORE.dll
0x00007ff916d10000 - 0x00007ff916d6e000 	C:\WINDOWS\System32\shlwapi.dll
0x00007ff9149e0000 - 0x00007ff914a01000 	C:\WINDOWS\SYSTEM32\profapi.dll
0x00007ff903820000 - 0x00007ff903838000 	C:\Program Files\Java\jdk-17\bin\zip.dll
0x00007ff903d40000 - 0x00007ff903d59000 	C:\Program Files\Java\jdk-17\bin\net.dll
0x00007ff90db00000 - 0x00007ff90dc37000 	C:\WINDOWS\SYSTEM32\WINHTTP.dll
0x00007ff913f70000 - 0x00007ff913fd9000 	C:\WINDOWS\system32\mswsock.dll
0x00007ff903a90000 - 0x00007ff903aa6000 	C:\Program Files\Java\jdk-17\bin\nio.dll
0x00007ff9037e0000 - 0x00007ff9037fa000 	C:\Program Files\JetBrains\IntelliJ IDEA Community Edition 2023.1\bin\breakgen64.dll
0x00007ff90aba0000 - 0x00007ff90abb0000 	C:\Program Files\Java\jdk-17\bin\verify.dll
0x00007ff90ab60000 - 0x00007ff90ab6a000 	C:\Program Files\Java\jdk-17\bin\management.dll
0x00007ff904880000 - 0x00007ff90488b000 	C:\Program Files\Java\jdk-17\bin\management_ext.dll
0x00007ff8ecb70000 - 0x00007ff8ecb87000 	C:\WINDOWS\system32\napinsp.dll
0x00007ff8ecb50000 - 0x00007ff8ecb6b000 	C:\WINDOWS\system32\pnrpnsp.dll
0x00007ff913650000 - 0x00007ff913743000 	C:\WINDOWS\SYSTEM32\DNSAPI.dll
0x00007ff9135e0000 - 0x00007ff91360d000 	C:\WINDOWS\SYSTEM32\IPHLPAPI.DLL
0x00007ff9169e0000 - 0x00007ff9169e9000 	C:\WINDOWS\System32\NSI.dll
0x00007ff8ecb30000 - 0x00007ff8ecb41000 	C:\WINDOWS\System32\winrnr.dll
0x00007ff8ecb10000 - 0x00007ff8ecb25000 	C:\WINDOWS\system32\wshbth.dll
0x00007ff8ecae0000 - 0x00007ff8ecb01000 	C:\WINDOWS\system32\nlansp_c.dll
0x00007ff901c80000 - 0x00007ff901c8a000 	C:\Windows\System32\rasadhlp.dll
0x00007ff90d6f0000 - 0x00007ff90d774000 	C:\WINDOWS\System32\fwpuclnt.dll
0x00007ff9141d0000 - 0x00007ff9141eb000 	C:\WINDOWS\SYSTEM32\CRYPTSP.dll
0x00007ff913a70000 - 0x00007ff913aa5000 	C:\WINDOWS\system32\rsaenh.dll
0x00007ff914070000 - 0x00007ff914098000 	C:\WINDOWS\SYSTEM32\USERENV.dll
0x00007ff914390000 - 0x00007ff9143b8000 	C:\WINDOWS\SYSTEM32\bcrypt.dll
0x00007ff9141f0000 - 0x00007ff9141fc000 	C:\WINDOWS\SYSTEM32\CRYPTBASE.dll
0x00007ff90da80000 - 0x00007ff90da99000 	C:\WINDOWS\SYSTEM32\dhcpcsvc6.DLL
0x00007ff90da60000 - 0x00007ff90da7f000 	C:\WINDOWS\SYSTEM32\dhcpcsvc.DLL
0x00007ff903b00000 - 0x00007ff903b0d000 	C:\Program Files\Java\jdk-17\bin\sunmscapi.dll
0x00007ff914d30000 - 0x00007ff914e97000 	C:\WINDOWS\System32\CRYPT32.dll
0x00007ff914360000 - 0x00007ff91438e000 	C:\WINDOWS\SYSTEM32\ncrypt.dll
0x00007ff914320000 - 0x00007ff914357000 	C:\WINDOWS\SYSTEM32\NTASN1.dll
0x00007ff8c63f0000 - 0x00007ff8c63f8000 	C:\WINDOWS\system32\wshunix.dll

dbghelp: loaded successfully - version: 4.0.5 - missing functions: none
symbol engine: initialized successfully - sym options: 0x614 - pdb path: .;C:\Program Files\Java\jdk-17\bin;C:\WINDOWS\SYSTEM32;C:\WINDOWS\WinSxS\amd64_microsoft.windows.common-controls_6595b64144ccf1df_6.0.22621.1635_none_270f70857386168e;C:\Program Files\Java\jdk-17\bin\server;C:\Program Files\JetBrains\IntelliJ IDEA Community Edition 2023.1\bin

VM Arguments:
jvm_args: -javaagent:C:\Program Files\JetBrains\IntelliJ IDEA Community Edition 2023.1\lib\idea_rt.jar=49708:C:\Program Files\JetBrains\IntelliJ IDEA Community Edition 2023.1\bin -Dfile.encoding=UTF-8 
java_command: org.example.Main
java_class_path (initial): C:\Users\ilham\IdeaProjects\sncf-ihm\Backend\target\classes;C:\Users\ilham\.m2\repository\org\springframework\boot\spring-boot-starter-data-jpa\2.6.7\spring-boot-starter-data-jpa-2.6.7.jar;C:\Users\ilham\.m2\repository\org\springframework\boot\spring-boot-starter-aop\2.6.7\spring-boot-starter-aop-2.6.7.jar;C:\Users\ilham\.m2\repository\org\aspectj\aspectjweaver\1.9.7\aspectjweaver-1.9.7.jar;C:\Users\ilham\.m2\repository\jakarta\transaction\jakarta.transaction-api\1.3.3\jakarta.transaction-api-1.3.3.jar;C:\Users\ilham\.m2\repository\org\springframework\spring-aspects\5.3.19\spring-aspects-5.3.19.jar;C:\Users\ilham\.m2\repository\org\jasypt\jasypt\1.9.3\jasypt-1.9.3.jar;C:\Users\ilham\.m2\repository\org\springframework\security\spring-security-web\5.5.0\spring-security-web-5.5.0.jar;C:\Users\ilham\.m2\repository\org\springframework\security\spring-security-core\5.6.3\spring-security-core-5.6.3.jar;C:\Users\ilham\.m2\repository\org\springframework\security\spring-security-crypto\5.6.3\spring-security-crypto-5.6.3.jar;C:\Users\ilham\.m2\repository\org\springframework\spring-core\5.3.19\spring-core-5.3.19.jar;C:\Users\ilham\.m2\repository\org\springframework\spring-jcl\5.3.19\spring-jcl-5.3.19.jar;C:\Users\ilham\.m2\repository\org\springframework\spring-aop\5.3.19\spring-aop-5.3.19.jar;C:\Users\ilham\.m2\repository\org\springframework\spring-context\5.3.19\spring-context-5.3.19.jar;C:\Users\ilham\.m2\repository\org\springframework\spring-expression\5.3.19\spring-expression-5.3.19.jar;C:\Users\ilham\.m2\repository\org\springframework\spring-web\5.3.9\spring-web-5.3.9.jar;C:\Users\ilham\.m2\repository\com\fasterxml\jackson\core\jackson-databind\2.12.3\jackson-databind-2.12.3.jar;C:\Users\ilham\.m2\repository\com\fasterxml\jackson\core\jackson-annotations\2.13.2\jackson-annotations-2.13.2.jar;C:\Users\ilham\.m2\repository\com\fasterxml\jackson\core\jackson-core\2.13.2\jackson-core-2.13.2.jar;C:\Users\ilham\.m2\repository\org\springframework\boot
Launcher Type: SUN_STANDARD

[Global flags]
     intx CICompilerCount                          = 4                                         {product} {ergonomic}
     uint ConcGCThreads                            = 2                                         {product} {ergonomic}
     uint G1ConcRefinementThreads                  = 8                                         {product} {ergonomic}
   size_t G1HeapRegionSize                         = 1048576                                   {product} {ergonomic}
    uintx GCDrainStackTargetSize                   = 64                                        {product} {ergonomic}
   size_t InitialHeapSize                          = 132120576                                 {product} {ergonomic}
   size_t MarkStackSize                            = 4194304                                   {product} {ergonomic}
   size_t MaxHeapSize                              = 2090860544                                {product} {ergonomic}
   size_t MaxNewSize                               = 1254096896                                {product} {ergonomic}
   size_t MinHeapDeltaBytes                        = 1048576                                   {product} {ergonomic}
   size_t MinHeapSize                              = 8388608                                   {product} {ergonomic}
    uintx NonNMethodCodeHeapSize                   = 5839372                                {pd product} {ergonomic}
    uintx NonProfiledCodeHeapSize                  = 122909434                              {pd product} {ergonomic}
    uintx ProfiledCodeHeapSize                     = 122909434                              {pd product} {ergonomic}
    uintx ReservedCodeCacheSize                    = 251658240                              {pd product} {ergonomic}
     bool SegmentedCodeCache                       = true                                      {product} {ergonomic}
   size_t SoftMaxHeapSize                          = 2090860544                             {manageable} {ergonomic}
     bool UseCompressedClassPointers               = true                           {product lp64_product} {ergonomic}
     bool UseCompressedOops                        = true                           {product lp64_product} {ergonomic}
     bool UseG1GC                                  = true                                      {product} {ergonomic}
     bool UseLargePagesIndividualAllocation        = false                                  {pd product} {ergonomic}

Logging:
Log output configuration:
 #0: stdout all=warning uptime,level,tags
 #1: stderr all=off uptime,level,tags

Environment Variables:
PATH=C:\Python311\Scripts\;C:\Python311\;C:\Program Files\Common Files\Oracle\Java\javapath;C:\WINDOWS\system32;C:\WINDOWS;C:\WINDOWS\System32\Wbem;C:\WINDOWS\System32\WindowsPowerShell\v1.0\;C:\WINDOWS\System32\OpenSSH\;C:\Program Files (x86)\PuTTY\;C:\wamp64\bin\php\php8.1.13;C:\ProgramData\ComposerSetup\bin;C:\Program Files\Git\cmd;C:\Program Files\Java\jdk-17\bin;C:\Users\ilham\Downloads\apache-maven-3.9.1-bin\apache-maven-3.9.1\bin;C:\Program Files\MySQL\MySQL Shell 8.0\bin;C:\ProgramData\chocolatey\bin;C:\Program Files\nodejs\;C:\Program Files\MySQL\MySQL Shell 8.0\bin\;C:\Users\ilham\AppData\Local\Microsoft\WindowsApps;C:\Users\ilham\AppData\Roaming\Composer\vendor\bin;C:\Users\ilham\AppData\Local\Programs\Microsoft VS Code\bin;C:\Program Files\JetBrains\IntelliJ IDEA Community Edition 2023.1\bin;;C:\Users\ilham\Downloads\apache-maven-3.9.1-bin\apache-maven-3.9.1;C:\Users\ilham\AppData\Roaming\npm;C:\Windows\System32;
USERNAME=ilham
OS=Windows_NT
PROCESSOR_IDENTIFIER=Intel64 Family 6 Model 126 Stepping 5, GenuineIntel



---------------  S Y S T E M  ---------------

OS:
 Windows 11 , 64 bit Build 22621 (10.0.22621.1635)
OS uptime: 26 days 7:15 hours

CPU: total 8 (initial active 8) (4 cores per cpu, 2 threads per core) family 6 model 126 stepping 5 microcode 0xa0, cx8, cmov, fxsr, ht, mmx, 3dnowpref, sse, sse2, sse3, ssse3, sse4.1, sse4.2, popcnt, lzcnt, tsc, tscinvbit, avx, avx2, aes, erms, clmul, bmi1, bmi2, adx, avx512f, avx512dq, avx512cd, avx512bw, avx512vl, sha, fma, vzeroupper, avx512_vpopcntdq, avx512_vpclmulqdq, avx512_vaes, avx512_vnni, clflush, clflushopt, avx512_vbmi2, avx512_vbmi

Memory: 4k page, system-wide physical 7973M (138M free)
TotalPageFile size 32549M (AvailPageFile size 298M)
current process WorkingSet (physical memory assigned to process): 177M, peak: 496M
current process commit charge ("private bytes"): 642M, peak: 1138M

vm_info: Java HotSpot(TM) 64-Bit Server VM (17.0.6+9-LTS-190) for windows-amd64 JRE (17.0.6+9-LTS-190), built on Dec  6 2022 15:53:54 by "mach5one" with MS VC++ 17.1 (VS2022)

END.
