#
# There is insufficient memory for the Java Runtime Environment to continue.
# Native memory allocation (mmap) failed to map 572522496 bytes for G1 virtual space
# Possible reasons:
#   The system is out of physical RAM or swap space
#   The process is running with CompressedOops enabled, and the Java Heap may be blocking the growth of the native heap
# Possible solutions:
#   Reduce memory load on the system
#   Increase physical memory or swap space
#   Check if swap backing store is full
#   Decrease Java heap size (-Xmx/-Xms)
#   Decrease number of Java threads
#   Decrease Java thread stack sizes (-Xss)
#   Set larger code cache with -XX:ReservedCodeCacheSize=
#   JVM is running with Unscaled Compressed Oops mode in which the Java heap is
#     placed in the first 4GB address space. The Java Heap base address is the
#     maximum limit for the native heap growth. Please use -XX:HeapBaseMinAddress
#     to set the Java Heap base and to place the Java Heap above 4GB virtual address.
# This output file may be truncated or incomplete.
#
#  Out of Memory Error (os_windows.cpp:3550), pid=127832, tid=125048
#
# JRE version: Java(TM) SE Runtime Environment (17.0.6+9) (build 17.0.6+9-LTS-190)
# Java VM: Java HotSpot(TM) 64-Bit Server VM (17.0.6+9-LTS-190, mixed mode, sharing, tiered, compressed oops, compressed class ptrs, g1 gc, windows-amd64)
# No core dump will be written. Minidumps are not enabled by default on client versions of Windows
#

---------------  S U M M A R Y ------------

Command Line: -javaagent:C:\Program Files\JetBrains\IntelliJ IDEA Community Edition 2023.1\lib\idea_rt.jar=50027:C:\Program Files\JetBrains\IntelliJ IDEA Community Edition 2023.1\bin -Dfile.encoding=UTF-8 org.example.Main

Host: Intel(R) Core(TM) i5-1035G1 CPU @ 1.00GHz, 8 cores, 7G,  Windows 11 , 64 bit Build 22621 (10.0.22621.1635)
Time: Mon Jun  5 21:40:49 2023 Paris, Madrid (heure duild 22621 (10.0.22621.1635) elapsed time: 660.294080 seconds (0d 0h 11m 0s)

---------------  T H R E A D  ---------------

Current thread (0x00000259aaf79120):  VMThread "VM Thread" [stack: 0x000000ed9f100000,0x000000ed9f200000] [id=125048]

Stack: [0x000000ed9f100000,0x000000ed9f200000]
Native frames: (J=compiled Java code, j=interpreted, Vv=VM code, C=native code)
V  [jvm.dll+0x6734ea]
V  [jvm.dll+0x7d18f4]
V  [jvm.dll+0x7d309e]
V  [jvm.dll+0x7d3703]
V  [jvm.dll+0x2433c5]
V  [jvm.dll+0x6703f9]
V  [jvm.dll+0x664d32]
V  [jvm.dll+0x300086]
V  [jvm.dll+0x307606]
V  [jvm.dll+0x356c1e]
V  [jvm.dll+0x356e4f]
V  [jvm.dll+0x2d72e8]
V  [jvm.dll+0x2d57e5]
V  [jvm.dll+0x2d4dec]
V  [jvm.dll+0x3186a1]
V  [jvm.dll+0x7d7f0b]
V  [jvm.dll+0x7d8c44]
V  [jvm.dll+0x7d915d]
V  [jvm.dll+0x7d9534]
V  [jvm.dll+0x7d9600]
V  [jvm.dll+0x781a7a]
V  [jvm.dll+0x672375]
C  [ucrtbase.dll+0x29363]
C  [KERNEL32.DLL+0x126ad]
C  [ntdll.dll+0x5a9f8]

VM_Operation (0x000000eda1efeb28): G1TryInitiateConcMark, mode: safepoint, requested by thread 0x00000259ad4f3710


---------------  P R O C E S S  ---------------

Threads class SMR info:
_java_thread_list=0x00000259aedc60e0, length=38, elements={
0x000002598cfaba90, 0x00000259aaf81280, 0x00000259aaf824e0, 0x00000259aaf92dd0,
0x00000259aaf948a0, 0x00000259aaf97910, 0x00000259aaf98970, 0x00000259aaf9d490,
0x00000259aaf9e530, 0x00000259aafa3e00, 0x00000259ab9e1890, 0x00000259abbecc50,
0x00000259abbcee70, 0x00000259ac4c0020, 0x00000259ac4d6230, 0x00000259ac7dadc0,
0x00000259aed99b80, 0x00000259b01b7ec0, 0x00000259ac801f30, 0x00000259af04c040,
0x00000259aeaf84a0, 0x00000259aeaf8970, 0x00000259ad4f58c0, 0x00000259ad4f2d70,
0x00000259ad4f75a0, 0x00000259ad4f4580, 0x00000259ad4fa0f0, 0x00000259ad4f3240,
0x00000259ad4f8410, 0x00000259ad4f6260, 0x00000259ad4f9750, 0x00000259ad4f6730,
0x00000259ad4f7a70, 0x00000259ad4f9c20, 0x00000259ad4f88e0, 0x00000259ad4f3710,
0x00000259ad4f3be0, 0x00000259b2bf83a0
}

Java Threads: ( => current thread )
  0x000002598cfaba90 JavaThread "main" [_thread_blocked, id=112668, stack(0x000000ed9eb00000,0x000000ed9ec00000)]
  0x00000259aaf81280 JavaThread "Reference Handler" daemon [_thread_blocked, id=126112, stack(0x000000ed9f200000,0x000000ed9f300000)]
  0x00000259aaf824e0 JavaThread "Finalizer" daemon [_thread_blocked, id=124940, stack(0x000000ed9f300000,0x000000ed9f400000)]
  0x00000259aaf92dd0 JavaThread "Signal Dispatcher" daemon [_thread_blocked, id=124852, stack(0x000000ed9f400000,0x000000ed9f500000)]
  0x00000259aaf948a0 JavaThread "Attach Listener" daemon [_thread_blocked, id=127964, stack(0x000000ed9f500000,0x000000ed9f600000)]
  0x00000259aaf97910 JavaThread "Service Thread" daemon [_thread_blocked, id=113932, stack(0x000000ed9f600000,0x000000ed9f700000)]
  0x00000259aaf98970 JavaThread "Monitor Deflation Thread" daemon [_thread_blocked, id=122888, stack(0x000000ed9f700000,0x000000ed9f800000)]
  0x00000259aaf9d490 JavaThread "C2 CompilerThread0" daemon [_thread_blocked, id=120396, stack(0x000000ed9f800000,0x000000ed9f900000)]
  0x00000259aaf9e530 JavaThread "C1 CompilerThread0" daemon [_thread_blocked, id=118788, stack(0x000000ed9f900000,0x000000ed9fa00000)]
  0x00000259aafa3e00 JavaThread "Sweeper thread" daemon [_thread_blocked, id=105324, stack(0x000000ed9fa00000,0x000000ed9fb00000)]
  0x00000259ab9e1890 JavaThread "Common-Cleaner" daemon [_thread_blocked, id=125256, stack(0x000000ed9fb00000,0x000000ed9fc00000)]
  0x00000259abbecc50 JavaThread "Monitor Ctrl-Break" daemon [_thread_in_native, id=32452, stack(0x000000ed9fc00000,0x000000ed9fd00000)]
  0x00000259abbcee70 JavaThread "Notification Thread" daemon [_thread_blocked, id=128068, stack(0x000000ed9fd00000,0x000000ed9fe00000)]
  0x00000259ac4c0020 JavaThread "Thread-0" [_thread_blocked, id=1824, stack(0x000000ed9ff00000,0x000000eda0000000)]
  0x00000259ac4d6230 JavaThread "restartedMain" [_thread_blocked, id=128040, stack(0x000000eda0700000,0x000000eda0800000)]
  0x00000259ac7dadc0 JavaThread "mysql-cj-abandoned-connection-cleanup" daemon [_thread_blocked, id=83152, stack(0x000000eda0a00000,0x000000eda0b00000)]
  0x00000259aed99b80 JavaThread "sncf housekeeper" daemon [_thread_blocked, id=123420, stack(0x000000eda0c00000,0x000000eda0d00000)]
  0x00000259b01b7ec0 JavaThread "Catalina-utility-1" [_thread_blocked, id=120112, stack(0x000000eda0d00000,0x000000eda0e00000)]
  0x00000259ac801f30 JavaThread "Catalina-utility-2" [_thread_blocked, id=121876, stack(0x000000eda0e00000,0x000000eda0f00000)]
  0x00000259af04c040 JavaThread "container-0" [_thread_blocked, id=127620, stack(0x000000eda0f00000,0x000000eda1000000)]
  0x00000259aeaf84a0 JavaThread "File Watcher" daemon [_thread_blocked, id=118364, stack(0x000000eda0900000,0x000000eda0a00000)]
  0x00000259aeaf8970 JavaThread "Live Reload Server" daemon [_thread_in_native, id=125384, stack(0x000000eda1100000,0x000000eda1200000)]
  0x00000259ad4f58c0 JavaThread "http-nio-8080-exec-1" daemon [_thread_blocked, id=127276, stack(0x000000eda1000000,0x000000eda1100000)]
  0x00000259ad4f2d70 JavaThread "http-nio-8080-exec-2" daemon [_thread_blocked, id=62672, stack(0x000000eda1200000,0x000000eda1300000)]
  0x00000259ad4f75a0 JavaThread "http-nio-8080-exec-3" daemon [_thread_blocked, id=45896, stack(0x000000eda1300000,0x000000eda1400000)]
  0x00000259ad4f4580 JavaThread "http-nio-8080-exec-4" daemon [_thread_blocked, id=3148, stack(0x000000eda1400000,0x000000eda1500000)]
  0x00000259ad4fa0f0 JavaThread "http-nio-8080-exec-5" daemon [_thread_blocked, id=124444, stack(0x000000eda1500000,0x000000eda1600000)]
  0x00000259ad4f3240 JavaThread "http-nio-8080-exec-6" daemon [_thread_blocked, id=128504, stack(0x000000eda1600000,0x000000eda1700000)]
  0x00000259ad4f8410 JavaThread "http-nio-8080-exec-7" daemon [_thread_blocked, id=36524, stack(0x000000eda1700000,0x000000eda1800000)]
  0x00000259ad4f6260 JavaThread "http-nio-8080-exec-8" daemon [_thread_blocked, id=120108, stack(0x000000eda1800000,0x000000eda1900000)]
  0x00000259ad4f9750 JavaThread "http-nio-8080-exec-9" daemon [_thread_blocked, id=127388, stack(0x000000eda1900000,0x000000eda1a00000)]
  0x00000259ad4f6730 JavaThread "http-nio-8080-exec-10" daemon [_thread_blocked, id=126676, stack(0x000000eda1a00000,0x000000eda1b00000)]
  0x00000259ad4f7a70 JavaThread "http-nio-8080-Poller" daemon [_thread_in_native, id=47276, stack(0x000000eda1b00000,0x000000eda1c00000)]
  0x00000259ad4f9c20 JavaThread "http-nio-8080-Acceptor" daemon [_thread_in_native, id=112568, stack(0x000000eda1c00000,0x000000eda1d00000)]
  0x00000259ad4f88e0 JavaThread "Thread-7" [_thread_blocked, id=129672, stack(0x000000eda1d00000,0x000000eda1e00000)]
  0x00000259ad4f3710 JavaThread "Thread-8" [_thread_blocked, id=43128, stack(0x000000eda1e00000,0x000000eda1f00000)]
  0x00000259ad4f3be0 JavaThread "FileSystemWatchService" daemon [_thread_in_native, id=121992, stack(0x000000eda1f00000,0x000000eda2000000)]
  0x00000259b2bf83a0 JavaThread "Keep-Alive-Timer" daemon [_thread_blocked, id=37512, stack(0x000000ed9e800000,0x000000ed9e900000)]

Other Threads:
=>0x00000259aaf79120 VMThread "VM Thread" [stack: 0x000000ed9f100000,0x000000ed9f200000] [id=125048]
  0x00000259ababd740 WatcherThread [stack: 0x000000ed9fe00000,0x000000ed9ff00000] [id=128476]
  0x000002598d0058d0 GCTaskThread "GC Thread#0" [stack: 0x000000ed9ec00000,0x000000ed9ed00000] [id=129016]
  0x00000259ac4c04f0 GCTaskThread "GC Thread#1" [stack: 0x000000eda0000000,0x000000eda0100000] [id=129004]
  0x00000259ac4dd960 GCTaskThread "GC Thread#2" [stack: 0x000000eda0100000,0x000000eda0200000] [id=128440]
  0x00000259ac4ddc10 GCTaskThread "GC Thread#3" [stack: 0x000000eda0200000,0x000000eda0300000] [id=101372]
  0x00000259ac721c80 GCTaskThread "GC Thread#4" [stack: 0x000000eda0300000,0x000000eda0400000] [id=123160]
  0x00000259ac6f3840 GCTaskThread "GC Thread#5" [stack: 0x000000eda0400000,0x000000eda0500000] [id=126832]
  0x00000259ac6f3af0 GCTaskThread "GC Thread#6" [stack: 0x000000eda0500000,0x000000eda0600000] [id=15472]
  0x00000259ac442ba0 GCTaskThread "GC Thread#7" [stack: 0x000000eda0600000,0x000000eda0700000] [id=122000]
  0x000002598d0161c0 ConcurrentGCThread "G1 Main Marker" [stack: 0x000000ed9ed00000,0x000000ed9ee00000] [id=128460]
  0x000002598d017280 ConcurrentGCThread "G1 Conc#0" [stack: 0x000000ed9ee00000,0x000000ed9ef00000] [id=41252]
  0x00000259acdc1450 ConcurrentGCThread "G1 Conc#1" [stack: 0x000000eda0800000,0x000000eda0900000] [id=129996]
  0x000002598d06e620 ConcurrentGCThread "G1 Refine#0" [stack: 0x000000ed9ef00000,0x000000ed9f000000] [id=128544]
  0x00000259acd74160 ConcurrentGCThread "G1 Refine#1" [stack: 0x000000eda2000000,0x000000eda2100000] [id=128784]
  0x00000259acd74440 ConcurrentGCThread "G1 Refine#2" [stack: 0x000000eda2100000,0x000000eda2200000] [id=122036]
  0x00000259acd74a00 ConcurrentGCThread "G1 Refine#3" [stack: 0x000000eda2200000,0x000000eda2300000] [id=128728]
  0x00000259b23be570 ConcurrentGCThread "G1 Refine#4" [stack: 0x000000eda2300000,0x000000eda2400000] [id=115436]
  0x00000259b23bd430 ConcurrentGCThread "G1 Refine#5" [stack: 0x000000eda2400000,0x000000eda2500000] [id=67400]
  0x00000259b23bc010 ConcurrentGCThread "G1 Refine#6" [stack: 0x000000eda2500000,0x000000eda2600000] [id=128344]
  0x00000259b23bf0f0 ConcurrentGCThread "G1 Refine#7" [stack: 0x000000eda2700000,0x000000eda2800000] [id=120364]
  0x00000259aae354e0 ConcurrentGCThread "G1 Service" [stack: 0x000000ed9f000000,0x000000ed9f100000] [id=126732]

Threads with active compile tasks:
C2 CompilerThread0   660361 13789 %     4       org.hibernate.engine.internal.EntityEntryContext::downgradeLocks @ 13 (42 bytes)

VM state: at safepoint (normal execution)

VM Mutex/Monitor currently owned by a thread:  ([mutex/lock_event])
[0x000002598cfa7860] Threads_lock - owner thread: 0x00000259aaf79120
[0x000002598cfa80d0] Heap_lock - owner thread: 0x00000259ad4f3710

Heap address: 0x0000000083600000, size: 1994 MB, Compressed Oops mode: 32-bit

CDS archive(s) mapped at: [0x0000000800000000-0x0000000800bd0000-0x0000000800bd0000), size 12386304, SharedBaseAddress: 0x0000000800000000, ArchiveRelocationMode: 0.
Compressed class space mapped at: 0x0000000800c00000-0x0000000840c00000, reserved size: 1073741824
Narrow klass base: 0x0000000800000000, Narrow klass shift: 0, Narrow klass range: 0x100000000

GC Precious Log:
 CPUs: 8 total, 8 available
 Memory: 7973M
 Large Page Support: Disabled
 NUMA Support: Disabled
 Compressed Oops: Enabled (32-bit)
 Heap Region Size: 1M
 Heap Min Capacity: 8M
 Heap Initial Capacity: 126M
 Heap Max Capacity: 1994M
 Pre-touch: Disabled
 Parallel Workers: 8
 Concurrent Workers: 2
 Concurrent Refinement Workers: 8
 Periodic GC: Disabled

Heap:
 garbage-first heap   total 313344K, used 104630K [0x0000000083600000, 0x0000000100000000)
  region size 1024K, 8 young (8192K), 8 survivors (8192K)
 Metaspace       used 77645K, committed 78208K, reserved 1122304K
  class space    used 9757K, committed 10048K, reserved 1048576K

Heap Regions: E=young(eden), S=young(survivor), O=old, HS=humongous(starts), HC=humongous(continues), CS=collection set, F=free, OA=open archive, CA=closed archive, TAMS=top-at-mark-start (previous, next)
|   0|0x0000000083600000, 0x0000000083700000, 0x0000000083700000|100%|HS|  |TAMS 0x0000000083700000, 0x0000000083700000| Complete 
|   1|0x0000000083700000, 0x0000000083800000, 0x0000000083800000|100%| O|  |TAMS 0x0000000083800000, 0x0000000083800000| Untracked 
|   2|0x0000000083800000, 0x0000000083900000, 0x0000000083900000|100%| O|  |TAMS 0x0000000083900000, 0x0000000083900000| Untracked 
|   3|0x0000000083900000, 0x0000000083a00000, 0x0000000083a00000|100%| O|  |TAMS 0x0000000083a00000, 0x0000000083a00000| Untracked 
|   4|0x0000000083a00000, 0x0000000083b00000, 0x0000000083b00000|100%| O|  |TAMS 0x0000000083b00000, 0x0000000083b00000| Untracked 
|   5|0x0000000083b00000, 0x0000000083c00000, 0x0000000083c00000|100%| O|  |TAMS 0x0000000083c00000, 0x0000000083c00000| Untracked 
|   6|0x0000000083c00000, 0x0000000083d00000, 0x0000000083d00000|100%| O|  |TAMS 0x0000000083d00000, 0x0000000083d00000| Untracked 
|   7|0x0000000083d00000, 0x0000000083e00000, 0x0000000083e00000|100%| O|  |TAMS 0x0000000083e00000, 0x0000000083e00000| Untracked 
|   8|0x0000000083e00000, 0x0000000083f00000, 0x0000000083f00000|100%| O|  |TAMS 0x0000000083f00000, 0x0000000083f00000| Untracked 
|   9|0x0000000083f00000, 0x0000000084000000, 0x0000000084000000|100%| O|  |TAMS 0x0000000084000000, 0x0000000084000000| Untracked 
|  10|0x0000000084000000, 0x0000000084100000, 0x0000000084100000|100%| O|  |TAMS 0x0000000084100000, 0x0000000084100000| Untracked 
|  11|0x0000000084100000, 0x0000000084200000, 0x0000000084200000|100%| O|  |TAMS 0x0000000084200000, 0x0000000084200000| Untracked 
|  12|0x0000000084200000, 0x0000000084300000, 0x0000000084300000|100%| O|  |TAMS 0x0000000084300000, 0x0000000084300000| Untracked 
|  13|0x0000000084300000, 0x0000000084400000, 0x0000000084400000|100%| O|  |TAMS 0x0000000084400000, 0x0000000084400000| Untracked 
|  14|0x0000000084400000, 0x0000000084500000, 0x0000000084500000|100%| O|  |TAMS 0x0000000084500000, 0x0000000084500000| Untracked 
|  15|0x0000000084500000, 0x0000000084600000, 0x0000000084600000|100%| O|  |TAMS 0x0000000084600000, 0x0000000084600000| Untracked 
|  16|0x0000000084600000, 0x0000000084700000, 0x0000000084700000|100%| O|  |TAMS 0x0000000084700000, 0x0000000084700000| Untracked 
|  17|0x0000000084700000, 0x0000000084800000, 0x0000000084800000|100%| O|  |TAMS 0x0000000084800000, 0x0000000084800000| Untracked 
|  18|0x0000000084800000, 0x0000000084900000, 0x0000000084900000|100%| O|  |TAMS 0x0000000084900000, 0x0000000084900000| Untracked 
|  19|0x0000000084900000, 0x0000000084a00000, 0x0000000084a00000|100%| O|  |TAMS 0x0000000084a00000, 0x0000000084a00000| Untracked 
|  20|0x0000000084a00000, 0x0000000084b00000, 0x0000000084b00000|100%| O|  |TAMS 0x0000000084b00000, 0x0000000084b00000| Untracked 
|  21|0x0000000084b00000, 0x0000000084c00000, 0x0000000084c00000|100%| O|  |TAMS 0x0000000084c00000, 0x0000000084c00000| Untracked 
|  22|0x0000000084c00000, 0x0000000084d00000, 0x0000000084d00000|100%| O|  |TAMS 0x0000000084d00000, 0x0000000084d00000| Untracked 
|  23|0x0000000084d00000, 0x0000000084e00000, 0x0000000084e00000|100%| O|  |TAMS 0x0000000084e00000, 0x0000000084e00000| Untracked 
|  24|0x0000000084e00000, 0x0000000084f00000, 0x0000000084f00000|100%| O|  |TAMS 0x0000000084f00000, 0x0000000084f00000| Untracked 
|  25|0x0000000084f00000, 0x0000000085000000, 0x0000000085000000|100%| O|  |TAMS 0x0000000085000000, 0x0000000085000000| Untracked 
|  26|0x0000000085000000, 0x0000000085100000, 0x0000000085100000|100%| O|  |TAMS 0x0000000085100000, 0x0000000085100000| Untracked 
|  27|0x0000000085100000, 0x0000000085200000, 0x0000000085200000|100%| O|  |TAMS 0x0000000085200000, 0x0000000085200000| Untracked 
|  28|0x0000000085200000, 0x0000000085300000, 0x0000000085300000|100%| O|  |TAMS 0x0000000085300000, 0x0000000085300000| Untracked 
|  29|0x0000000085300000, 0x0000000085400000, 0x0000000085400000|100%| O|  |TAMS 0x0000000085400000, 0x0000000085400000| Untracked 
|  30|0x0000000085400000, 0x0000000085500000, 0x0000000085500000|100%| O|  |TAMS 0x0000000085500000, 0x0000000085500000| Untracked 
|  31|0x0000000085500000, 0x0000000085600000, 0x0000000085600000|100%| O|  |TAMS 0x0000000085600000, 0x0000000085600000| Untracked 
|  32|0x0000000085600000, 0x0000000085700000, 0x0000000085700000|100%| O|  |TAMS 0x0000000085600000, 0x0000000085700000| Untracked 
|  33|0x0000000085700000, 0x0000000085800000, 0x0000000085800000|100%| O|  |TAMS 0x0000000085800000, 0x0000000085800000| Untracked 
|  34|0x0000000085800000, 0x0000000085900000, 0x0000000085900000|100%| O|  |TAMS 0x0000000085900000, 0x0000000085900000| Untracked 
|  35|0x0000000085900000, 0x0000000085a00000, 0x0000000085a00000|100%| O|  |TAMS 0x0000000085a00000, 0x0000000085a00000| Untracked 
|  36|0x0000000085a00000, 0x0000000085b00000, 0x0000000085b00000|100%| O|  |TAMS 0x0000000085b00000, 0x0000000085b00000| Untracked 
|  37|0x0000000085b00000, 0x0000000085c00000, 0x0000000085c00000|100%| O|  |TAMS 0x0000000085c00000, 0x0000000085c00000| Untracked 
|  38|0x0000000085c00000, 0x0000000085d00000, 0x0000000085d00000|100%| O|  |TAMS 0x0000000085c00000, 0x0000000085d00000| Untracked 
|  39|0x0000000085d00000, 0x0000000085e00000, 0x0000000085e00000|100%| O|  |TAMS 0x0000000085e00000, 0x0000000085e00000| Untracked 
|  40|0x0000000085e00000, 0x0000000085f00000, 0x0000000085f00000|100%| O|  |TAMS 0x0000000085f00000, 0x0000000085f00000| Untracked 
|  41|0x0000000085f00000, 0x0000000086000000, 0x0000000086000000|100%| O|  |TAMS 0x0000000085f00000, 0x0000000086000000| Untracked 
|  42|0x0000000086000000, 0x0000000086100000, 0x0000000086100000|100%| O|  |TAMS 0x0000000086000000, 0x0000000086100000| Untracked 
|  43|0x0000000086100000, 0x0000000086200000, 0x0000000086200000|100%| O|  |TAMS 0x0000000086100000, 0x0000000086200000| Untracked 
|  44|0x0000000086200000, 0x0000000086300000, 0x0000000086300000|100%| O|  |TAMS 0x0000000086200000, 0x0000000086300000| Untracked 
|  45|0x0000000086300000, 0x0000000086300000, 0x0000000086400000|  0%| F|  |TAMS 0x0000000086300000, 0x0000000086300000| Untracked 
|  46|0x0000000086400000, 0x0000000086400000, 0x0000000086500000|  0%| F|  |TAMS 0x0000000086400000, 0x0000000086400000| Untracked 
|  47|0x0000000086500000, 0x0000000086600000, 0x0000000086600000|100%| O|  |TAMS 0x0000000086600000, 0x0000000086600000| Untracked 
|  48|0x0000000086600000, 0x0000000086700000, 0x0000000086700000|100%| O|  |TAMS 0x0000000086700000, 0x0000000086700000| Untracked 
|  49|0x0000000086700000, 0x0000000086800000, 0x0000000086800000|100%| O|  |TAMS 0x0000000086700000, 0x0000000086800000| Untracked 
|  50|0x0000000086800000, 0x0000000086900000, 0x0000000086900000|100%| O|  |TAMS 0x0000000086900000, 0x0000000086900000| Untracked 
|  51|0x0000000086900000, 0x0000000086a00000, 0x0000000086a00000|100%|HS|  |TAMS 0x0000000086a00000, 0x0000000086a00000| Complete 
|  52|0x0000000086a00000, 0x0000000086b00000, 0x0000000086b00000|100%|HC|  |TAMS 0x0000000086b00000, 0x0000000086b00000| Complete 
|  53|0x0000000086b00000, 0x0000000086c00000, 0x0000000086c00000|100%|HS|  |TAMS 0x0000000086b00000, 0x0000000086c00000| Complete 
|  54|0x0000000086c00000, 0x0000000086d00000, 0x0000000086d00000|100%|HC|  |TAMS 0x0000000086c00000, 0x0000000086d00000| Complete 
|  55|0x0000000086d00000, 0x0000000086e00000, 0x0000000086e00000|100%| O|  |TAMS 0x0000000086d00000, 0x0000000086e00000| Untracked 
|  56|0x0000000086e00000, 0x0000000086f00000, 0x0000000086f00000|100%| O|  |TAMS 0x0000000086e00000, 0x0000000086f00000| Untracked 
|  57|0x0000000086f00000, 0x0000000087000000, 0x0000000087000000|100%| O|  |TAMS 0x0000000086f00000, 0x0000000087000000| Untracked 
|  58|0x0000000087000000, 0x0000000087100000, 0x0000000087100000|100%| O|  |TAMS 0x0000000087000000, 0x0000000087100000| Untracked 
|  59|0x0000000087100000, 0x0000000087200000, 0x0000000087200000|100%| O|  |TAMS 0x0000000087100000, 0x0000000087200000| Untracked 
|  60|0x0000000087200000, 0x0000000087300000, 0x0000000087300000|100%| O|  |TAMS 0x0000000087300000, 0x0000000087300000| Untracked 
|  61|0x0000000087300000, 0x0000000087400000, 0x0000000087400000|100%| O|  |TAMS 0x0000000087300000, 0x0000000087400000| Untracked 
|  62|0x0000000087400000, 0x0000000087500000, 0x0000000087500000|100%| O|  |TAMS 0x0000000087500000, 0x0000000087500000| Untracked 
|  63|0x0000000087500000, 0x0000000087600000, 0x0000000087600000|100%| O|  |TAMS 0x0000000087600000, 0x0000000087600000| Untracked 
|  64|0x0000000087600000, 0x0000000087700000, 0x0000000087700000|100%| O|  |TAMS 0x0000000087600000, 0x0000000087700000| Untracked 
|  65|0x0000000087700000, 0x0000000087700000, 0x0000000087800000|  0%| F|  |TAMS 0x0000000087700000, 0x0000000087700000| Untracked 
|  66|0x0000000087800000, 0x0000000087900000, 0x0000000087900000|100%| O|  |TAMS 0x0000000087800000, 0x0000000087900000| Untracked 
|  67|0x0000000087900000, 0x0000000087a00000, 0x0000000087a00000|100%| O|  |TAMS 0x0000000087900000, 0x0000000087a00000| Untracked 
|  68|0x0000000087a00000, 0x0000000087a00000, 0x0000000087b00000|  0%| F|  |TAMS 0x0000000087a00000, 0x0000000087a00000| Untracked 
|  69|0x0000000087b00000, 0x0000000087b00000, 0x0000000087c00000|  0%| F|  |TAMS 0x0000000087b00000, 0x0000000087b00000| Untracked 
|  70|0x0000000087c00000, 0x0000000087d00000, 0x0000000087d00000|100%| O|  |TAMS 0x0000000087c00000, 0x0000000087d00000| Untracked 
|  71|0x0000000087d00000, 0x0000000087d00000, 0x0000000087e00000|  0%| F|  |TAMS 0x0000000087d00000, 0x0000000087d00000| Untracked 
|  72|0x0000000087e00000, 0x0000000087f00000, 0x0000000087f00000|100%| O|  |TAMS 0x0000000087e00000, 0x0000000087f00000| Untracked 
|  73|0x0000000087f00000, 0x0000000088000000, 0x0000000088000000|100%| O|  |TAMS 0x0000000088000000, 0x0000000088000000| Untracked 
|  74|0x0000000088000000, 0x0000000088100000, 0x0000000088100000|100%| O|  |TAMS 0x0000000088000000, 0x0000000088100000| Untracked 
|  75|0x0000000088100000, 0x0000000088200000, 0x0000000088200000|100%| O|  |TAMS 0x0000000088200000, 0x0000000088200000| Untracked 
|  76|0x0000000088200000, 0x0000000088300000, 0x0000000088300000|100%| O|  |TAMS 0x0000000088300000, 0x0000000088300000| Untracked 
|  77|0x0000000088300000, 0x0000000088400000, 0x0000000088400000|100%| O|  |TAMS 0x0000000088400000, 0x0000000088400000| Untracked 
|  78|0x0000000088400000, 0x0000000088500000, 0x0000000088500000|100%| O|  |TAMS 0x0000000088500000, 0x0000000088500000| Untracked 
|  79|0x0000000088500000, 0x0000000088600000, 0x0000000088600000|100%| O|  |TAMS 0x0000000088500000, 0x0000000088600000| Untracked 
|  80|0x0000000088600000, 0x0000000088700000, 0x0000000088700000|100%| O|  |TAMS 0x0000000088700000, 0x0000000088700000| Untracked 
|  81|0x0000000088700000, 0x0000000088800000, 0x0000000088800000|100%| O|  |TAMS 0x0000000088800000, 0x0000000088800000| Untracked 
|  82|0x0000000088800000, 0x0000000088900000, 0x0000000088900000|100%| O|  |TAMS 0x0000000088900000, 0x0000000088900000| Untracked 
|  83|0x0000000088900000, 0x0000000088a00000, 0x0000000088a00000|100%| O|  |TAMS 0x0000000088a00000, 0x0000000088a00000| Untracked 
|  84|0x0000000088a00000, 0x0000000088b00000, 0x0000000088b00000|100%| O|  |TAMS 0x0000000088b00000, 0x0000000088b00000| Untracked 
|  85|0x0000000088b00000, 0x0000000088c00000, 0x0000000088c00000|100%| O|  |TAMS 0x0000000088c00000, 0x0000000088c00000| Untracked 
|  86|0x0000000088c00000, 0x0000000088d00000, 0x0000000088d00000|100%| O|  |TAMS 0x0000000088d00000, 0x0000000088d00000| Untracked 
|  87|0x0000000088d00000, 0x0000000088e00000, 0x0000000088e00000|100%| O|  |TAMS 0x0000000088e00000, 0x0000000088e00000| Untracked 
|  88|0x0000000088e00000, 0x0000000088f00000, 0x0000000088f00000|100%| O|  |TAMS 0x0000000088f00000, 0x0000000088f00000| Untracked 
|  89|0x0000000088f00000, 0x0000000089000000, 0x0000000089000000|100%| O|  |TAMS 0x0000000088f00000, 0x0000000089000000| Untracked 
|  90|0x0000000089000000, 0x0000000089100000, 0x0000000089100000|100%| O|  |TAMS 0x0000000089100000, 0x0000000089100000| Untracked 
|  91|0x0000000089100000, 0x0000000089200000, 0x0000000089200000|100%| O|  |TAMS 0x0000000089200000, 0x0000000089200000| Untracked 
|  92|0x0000000089200000, 0x0000000089300000, 0x0000000089300000|100%| O|  |TAMS 0x0000000089300000, 0x0000000089300000| Untracked 
|  93|0x0000000089300000, 0x0000000089400000, 0x0000000089400000|100%| O|  |TAMS 0x0000000089300000, 0x0000000089400000| Untracked 
|  94|0x0000000089400000, 0x0000000089500000, 0x0000000089500000|100%| O|  |TAMS 0x0000000089500000, 0x0000000089500000| Untracked 
|  95|0x0000000089500000, 0x0000000089600000, 0x0000000089600000|100%| O|  |TAMS 0x00000000895d4400, 0x0000000089600000| Untracked 
|  96|0x0000000089600000, 0x0000000089700000, 0x0000000089700000|100%| O|  |TAMS 0x0000000089600000, 0x0000000089700000| Untracked 
|  97|0x0000000089700000, 0x0000000089800000, 0x0000000089800000|100%| O|  |TAMS 0x0000000089700000, 0x0000000089800000| Untracked 
|  98|0x0000000089800000, 0x0000000089900000, 0x0000000089900000|100%| O|  |TAMS 0x0000000089800000, 0x0000000089900000| Untracked 
|  99|0x0000000089900000, 0x0000000089a00000, 0x0000000089a00000|100%| O|  |TAMS 0x0000000089900000, 0x0000000089a00000| Untracked 
| 100|0x0000000089a00000, 0x0000000089ab9000, 0x0000000089b00000| 72%| O|  |TAMS 0x0000000089a00000, 0x0000000089ab9000| Untracked 
| 101|0x0000000089b00000, 0x0000000089b00000, 0x0000000089c00000|  0%| F|  |TAMS 0x0000000089b00000, 0x0000000089b00000| Untracked 
| 102|0x0000000089c00000, 0x0000000089c00000, 0x0000000089d00000|  0%| F|  |TAMS 0x0000000089c00000, 0x0000000089c00000| Untracked 
| 103|0x0000000089d00000, 0x0000000089d00000, 0x0000000089e00000|  0%| F|  |TAMS 0x0000000089d00000, 0x0000000089d00000| Untracked 
| 104|0x0000000089e00000, 0x0000000089e00000, 0x0000000089f00000|  0%| F|  |TAMS 0x0000000089e00000, 0x0000000089e00000| Untracked 
| 105|0x0000000089f00000, 0x0000000089f00000, 0x000000008a000000|  0%| F|  |TAMS 0x0000000089f00000, 0x0000000089f00000| Untracked 
| 106|0x000000008a000000, 0x000000008a000000, 0x000000008a100000|  0%| F|  |TAMS 0x000000008a000000, 0x000000008a000000| Untracked 
| 107|0x000000008a100000, 0x000000008a100000, 0x000000008a200000|  0%| F|  |TAMS 0x000000008a100000, 0x000000008a100000| Untracked 
| 108|0x000000008a200000, 0x000000008a200000, 0x000000008a300000|  0%| F|  |TAMS 0x000000008a200000, 0x000000008a200000| Untracked 
| 109|0x000000008a300000, 0x000000008a300000, 0x000000008a400000|  0%| F|  |TAMS 0x000000008a300000, 0x000000008a300000| Untracked 
| 110|0x000000008a400000, 0x000000008a400000, 0x000000008a500000|  0%| F|  |TAMS 0x000000008a400000, 0x000000008a400000| Untracked 
| 111|0x000000008a500000, 0x000000008a500000, 0x000000008a600000|  0%| F|  |TAMS 0x000000008a500000, 0x000000008a500000| Untracked 
| 112|0x000000008a600000, 0x000000008a600000, 0x000000008a700000|  0%| F|  |TAMS 0x000000008a600000, 0x000000008a600000| Untracked 
| 113|0x000000008a700000, 0x000000008a700000, 0x000000008a800000|  0%| F|  |TAMS 0x000000008a700000, 0x000000008a700000| Untracked 
| 114|0x000000008a800000, 0x000000008a800000, 0x000000008a900000|  0%| F|  |TAMS 0x000000008a800000, 0x000000008a800000| Untracked 
| 115|0x000000008a900000, 0x000000008a900000, 0x000000008aa00000|  0%| F|  |TAMS 0x000000008a900000, 0x000000008a900000| Untracked 
| 116|0x000000008aa00000, 0x000000008aa00000, 0x000000008ab00000|  0%| F|  |TAMS 0x000000008aa00000, 0x000000008aa00000| Untracked 
| 117|0x000000008ab00000, 0x000000008ab00000, 0x000000008ac00000|  0%| F|  |TAMS 0x000000008ab00000, 0x000000008ab00000| Untracked 
| 118|0x000000008ac00000, 0x000000008ac00000, 0x000000008ad00000|  0%| F|  |TAMS 0x000000008ac00000, 0x000000008ac00000| Untracked 
| 119|0x000000008ad00000, 0x000000008ad00000, 0x000000008ae00000|  0%| F|  |TAMS 0x000000008ad00000, 0x000000008ad00000| Untracked 
| 120|0x000000008ae00000, 0x000000008ae00000, 0x000000008af00000|  0%| F|  |TAMS 0x000000008ae00000, 0x000000008ae00000| Untracked 
| 121|0x000000008af00000, 0x000000008af00000, 0x000000008b000000|  0%| F|  |TAMS 0x000000008af00000, 0x000000008af00000| Untracked 
| 122|0x000000008b000000, 0x000000008b000000, 0x000000008b100000|  0%| F|  |TAMS 0x000000008b000000, 0x000000008b000000| Untracked 
| 123|0x000000008b100000, 0x000000008b100000, 0x000000008b200000|  0%| F|  |TAMS 0x000000008b100000, 0x000000008b100000| Untracked 
| 124|0x000000008b200000, 0x000000008b200000, 0x000000008b300000|  0%| F|  |TAMS 0x000000008b200000, 0x000000008b200000| Untracked 
| 125|0x000000008b300000, 0x000000008b300000, 0x000000008b400000|  0%| F|  |TAMS 0x000000008b300000, 0x000000008b300000| Untracked 
| 126|0x000000008b400000, 0x000000008b400000, 0x000000008b500000|  0%| F|  |TAMS 0x000000008b400000, 0x000000008b400000| Untracked 
| 127|0x000000008b500000, 0x000000008b500000, 0x000000008b600000|  0%| F|  |TAMS 0x000000008b500000, 0x000000008b500000| Untracked 
| 128|0x000000008b600000, 0x000000008b600000, 0x000000008b700000|  0%| F|  |TAMS 0x000000008b600000, 0x000000008b600000| Untracked 
| 129|0x000000008b700000, 0x000000008b700000, 0x000000008b800000|  0%| F|  |TAMS 0x000000008b700000, 0x000000008b700000| Untracked 
| 130|0x000000008b800000, 0x000000008b800000, 0x000000008b900000|  0%| F|  |TAMS 0x000000008b800000, 0x000000008b800000| Untracked 
| 131|0x000000008b900000, 0x000000008b900000, 0x000000008ba00000|  0%| F|  |TAMS 0x000000008b900000, 0x000000008b900000| Untracked 
| 132|0x000000008ba00000, 0x000000008ba00000, 0x000000008bb00000|  0%| F|  |TAMS 0x000000008ba00000, 0x000000008ba00000| Untracked 
| 133|0x000000008bb00000, 0x000000008bb00000, 0x000000008bc00000|  0%| F|  |TAMS 0x000000008bb00000, 0x000000008bb00000| Untracked 
| 134|0x000000008bc00000, 0x000000008bc00000, 0x000000008bd00000|  0%| F|  |TAMS 0x000000008bc00000, 0x000000008bc00000| Untracked 
| 135|0x000000008bd00000, 0x000000008bd00000, 0x000000008be00000|  0%| F|  |TAMS 0x000000008bd00000, 0x000000008bd00000| Untracked 
| 136|0x000000008be00000, 0x000000008be00000, 0x000000008bf00000|  0%| F|  |TAMS 0x000000008be00000, 0x000000008be00000| Untracked 
| 137|0x000000008bf00000, 0x000000008bf00000, 0x000000008c000000|  0%| F|  |TAMS 0x000000008bf00000, 0x000000008bf00000| Untracked 
| 138|0x000000008c000000, 0x000000008c000000, 0x000000008c100000|  0%| F|  |TAMS 0x000000008c000000, 0x000000008c000000| Untracked 
| 139|0x000000008c100000, 0x000000008c100000, 0x000000008c200000|  0%| F|  |TAMS 0x000000008c100000, 0x000000008c100000| Untracked 
| 140|0x000000008c200000, 0x000000008c200000, 0x000000008c300000|  0%| F|  |TAMS 0x000000008c200000, 0x000000008c200000| Untracked 
| 141|0x000000008c300000, 0x000000008c300000, 0x000000008c400000|  0%| F|  |TAMS 0x000000008c300000, 0x000000008c300000| Untracked 
| 142|0x000000008c400000, 0x000000008c400000, 0x000000008c500000|  0%| F|  |TAMS 0x000000008c400000, 0x000000008c400000| Untracked 
| 143|0x000000008c500000, 0x000000008c500000, 0x000000008c600000|  0%| F|  |TAMS 0x000000008c500000, 0x000000008c500000| Untracked 
| 144|0x000000008c600000, 0x000000008c600000, 0x000000008c700000|  0%| F|  |TAMS 0x000000008c600000, 0x000000008c600000| Untracked 
| 145|0x000000008c700000, 0x000000008c700000, 0x000000008c800000|  0%| F|  |TAMS 0x000000008c700000, 0x000000008c700000| Untracked 
| 146|0x000000008c800000, 0x000000008c800000, 0x000000008c900000|  0%| F|  |TAMS 0x000000008c800000, 0x000000008c800000| Untracked 
| 147|0x000000008c900000, 0x000000008c900000, 0x000000008ca00000|  0%| F|  |TAMS 0x000000008c900000, 0x000000008c900000| Untracked 
| 148|0x000000008ca00000, 0x000000008ca00000, 0x000000008cb00000|  0%| F|  |TAMS 0x000000008ca00000, 0x000000008ca00000| Untracked 
| 149|0x000000008cb00000, 0x000000008cb00000, 0x000000008cc00000|  0%| F|  |TAMS 0x000000008cb00000, 0x000000008cb00000| Untracked 
| 150|0x000000008cc00000, 0x000000008cc00000, 0x000000008cd00000|  0%| F|  |TAMS 0x000000008cc00000, 0x000000008cc00000| Untracked 
| 151|0x000000008cd00000, 0x000000008cd00000, 0x000000008ce00000|  0%| F|  |TAMS 0x000000008cd00000, 0x000000008cd00000| Untracked 
| 152|0x000000008ce00000, 0x000000008ce00000, 0x000000008cf00000|  0%| F|  |TAMS 0x000000008ce00000, 0x000000008ce00000| Untracked 
| 153|0x000000008cf00000, 0x000000008cf00000, 0x000000008d000000|  0%| F|  |TAMS 0x000000008cf00000, 0x000000008cf00000| Untracked 
| 154|0x000000008d000000, 0x000000008d000000, 0x000000008d100000|  0%| F|  |TAMS 0x000000008d000000, 0x000000008d000000| Untracked 
| 155|0x000000008d100000, 0x000000008d100000, 0x000000008d200000|  0%| F|  |TAMS 0x000000008d100000, 0x000000008d100000| Untracked 
| 156|0x000000008d200000, 0x000000008d200000, 0x000000008d300000|  0%| F|  |TAMS 0x000000008d200000, 0x000000008d200000| Untracked 
| 157|0x000000008d300000, 0x000000008d300000, 0x000000008d400000|  0%| F|  |TAMS 0x000000008d300000, 0x000000008d300000| Untracked 
| 158|0x000000008d400000, 0x000000008d400000, 0x000000008d500000|  0%| F|  |TAMS 0x000000008d400000, 0x000000008d400000| Untracked 
| 159|0x000000008d500000, 0x000000008d500000, 0x000000008d600000|  0%| F|  |TAMS 0x000000008d500000, 0x000000008d500000| Untracked 
| 160|0x000000008d600000, 0x000000008d600000, 0x000000008d700000|  0%| F|  |TAMS 0x000000008d600000, 0x000000008d600000| Untracked 
| 161|0x000000008d700000, 0x000000008d700000, 0x000000008d800000|  0%| F|  |TAMS 0x000000008d700000, 0x000000008d700000| Untracked 
| 162|0x000000008d800000, 0x000000008d800000, 0x000000008d900000|  0%| F|  |TAMS 0x000000008d800000, 0x000000008d800000| Untracked 
| 163|0x000000008d900000, 0x000000008d900000, 0x000000008da00000|  0%| F|  |TAMS 0x000000008d900000, 0x000000008d900000| Untracked 
| 164|0x000000008da00000, 0x000000008da00000, 0x000000008db00000|  0%| F|  |TAMS 0x000000008da00000, 0x000000008da00000| Untracked 
| 165|0x000000008db00000, 0x000000008db00000, 0x000000008dc00000|  0%| F|  |TAMS 0x000000008db00000, 0x000000008db00000| Untracked 
| 166|0x000000008dc00000, 0x000000008dc00000, 0x000000008dd00000|  0%| F|  |TAMS 0x000000008dc00000, 0x000000008dc00000| Untracked 
| 167|0x000000008dd00000, 0x000000008dd00000, 0x000000008de00000|  0%| F|  |TAMS 0x000000008dd00000, 0x000000008dd00000| Untracked 
| 168|0x000000008de00000, 0x000000008de00000, 0x000000008df00000|  0%| F|  |TAMS 0x000000008de00000, 0x000000008de00000| Untracked 
| 169|0x000000008df00000, 0x000000008df00000, 0x000000008e000000|  0%| F|  |TAMS 0x000000008df00000, 0x000000008df00000| Untracked 
| 170|0x000000008e000000, 0x000000008e000000, 0x000000008e100000|  0%| F|  |TAMS 0x000000008e000000, 0x000000008e000000| Untracked 
| 171|0x000000008e100000, 0x000000008e100000, 0x000000008e200000|  0%| F|  |TAMS 0x000000008e100000, 0x000000008e100000| Untracked 
| 172|0x000000008e200000, 0x000000008e200000, 0x000000008e300000|  0%| F|  |TAMS 0x000000008e200000, 0x000000008e200000| Untracked 
| 173|0x000000008e300000, 0x000000008e300000, 0x000000008e400000|  0%| F|  |TAMS 0x000000008e300000, 0x000000008e300000| Untracked 
| 174|0x000000008e400000, 0x000000008e400000, 0x000000008e500000|  0%| F|  |TAMS 0x000000008e400000, 0x000000008e400000| Untracked 
| 175|0x000000008e500000, 0x000000008e500000, 0x000000008e600000|  0%| F|  |TAMS 0x000000008e500000, 0x000000008e500000| Untracked 
| 176|0x000000008e600000, 0x000000008e600000, 0x000000008e700000|  0%| F|  |TAMS 0x000000008e600000, 0x000000008e600000| Untracked 
| 177|0x000000008e700000, 0x000000008e700000, 0x000000008e800000|  0%| F|  |TAMS 0x000000008e700000, 0x000000008e700000| Untracked 
| 178|0x000000008e800000, 0x000000008e800000, 0x000000008e900000|  0%| F|  |TAMS 0x000000008e800000, 0x000000008e800000| Untracked 
| 179|0x000000008e900000, 0x000000008e900000, 0x000000008ea00000|  0%| F|  |TAMS 0x000000008e900000, 0x000000008e900000| Untracked 
| 180|0x000000008ea00000, 0x000000008ea00000, 0x000000008eb00000|  0%| F|  |TAMS 0x000000008ea00000, 0x000000008ea00000| Untracked 
| 181|0x000000008eb00000, 0x000000008eb00000, 0x000000008ec00000|  0%| F|  |TAMS 0x000000008eb00000, 0x000000008eb00000| Untracked 
| 182|0x000000008ec00000, 0x000000008ec00000, 0x000000008ed00000|  0%| F|  |TAMS 0x000000008ec00000, 0x000000008ec00000| Untracked 
| 183|0x000000008ed00000, 0x000000008ed00000, 0x000000008ee00000|  0%| F|  |TAMS 0x000000008ed00000, 0x000000008ed00000| Untracked 
| 184|0x000000008ee00000, 0x000000008ee00000, 0x000000008ef00000|  0%| F|  |TAMS 0x000000008ee00000, 0x000000008ee00000| Untracked 
| 185|0x000000008ef00000, 0x000000008ef00000, 0x000000008f000000|  0%| F|  |TAMS 0x000000008ef00000, 0x000000008ef00000| Untracked 
| 186|0x000000008f000000, 0x000000008f000000, 0x000000008f100000|  0%| F|  |TAMS 0x000000008f000000, 0x000000008f000000| Untracked 
| 187|0x000000008f100000, 0x000000008f100000, 0x000000008f200000|  0%| F|  |TAMS 0x000000008f100000, 0x000000008f100000| Untracked 
| 188|0x000000008f200000, 0x000000008f200000, 0x000000008f300000|  0%| F|  |TAMS 0x000000008f200000, 0x000000008f200000| Untracked 
| 189|0x000000008f300000, 0x000000008f300000, 0x000000008f400000|  0%| F|  |TAMS 0x000000008f300000, 0x000000008f300000| Untracked 
| 190|0x000000008f400000, 0x000000008f400000, 0x000000008f500000|  0%| F|  |TAMS 0x000000008f400000, 0x000000008f400000| Untracked 
| 191|0x000000008f500000, 0x000000008f500000, 0x000000008f600000|  0%| F|  |TAMS 0x000000008f500000, 0x000000008f500000| Untracked 
| 192|0x000000008f600000, 0x000000008f600000, 0x000000008f700000|  0%| F|  |TAMS 0x000000008f600000, 0x000000008f600000| Untracked 
| 193|0x000000008f700000, 0x000000008f700000, 0x000000008f800000|  0%| F|  |TAMS 0x000000008f700000, 0x000000008f700000| Untracked 
| 194|0x000000008f800000, 0x000000008f800000, 0x000000008f900000|  0%| F|  |TAMS 0x000000008f800000, 0x000000008f800000| Untracked 
| 195|0x000000008f900000, 0x000000008f900000, 0x000000008fa00000|  0%| F|  |TAMS 0x000000008f900000, 0x000000008f900000| Untracked 
| 196|0x000000008fa00000, 0x000000008fa00000, 0x000000008fb00000|  0%| F|  |TAMS 0x000000008fa00000, 0x000000008fa00000| Untracked 
| 197|0x000000008fb00000, 0x000000008fb00000, 0x000000008fc00000|  0%| F|  |TAMS 0x000000008fb00000, 0x000000008fb00000| Untracked 
| 198|0x000000008fc00000, 0x000000008fc00000, 0x000000008fd00000|  0%| F|  |TAMS 0x000000008fc00000, 0x000000008fc00000| Untracked 
| 199|0x000000008fd00000, 0x000000008fd00000, 0x000000008fe00000|  0%| F|  |TAMS 0x000000008fd00000, 0x000000008fd00000| Untracked 
| 200|0x000000008fe00000, 0x000000008fe00000, 0x000000008ff00000|  0%| F|  |TAMS 0x000000008fe00000, 0x000000008fe00000| Untracked 
| 201|0x000000008ff00000, 0x000000008ff00000, 0x0000000090000000|  0%| F|  |TAMS 0x000000008ff00000, 0x000000008ff00000| Untracked 
| 202|0x0000000090000000, 0x0000000090000000, 0x0000000090100000|  0%| F|  |TAMS 0x0000000090000000, 0x0000000090000000| Untracked 
| 203|0x0000000090100000, 0x0000000090100000, 0x0000000090200000|  0%| F|  |TAMS 0x0000000090100000, 0x0000000090100000| Untracked 
| 204|0x0000000090200000, 0x0000000090200000, 0x0000000090300000|  0%| F|  |TAMS 0x0000000090200000, 0x0000000090200000| Untracked 
| 205|0x0000000090300000, 0x0000000090300000, 0x0000000090400000|  0%| F|  |TAMS 0x0000000090300000, 0x0000000090300000| Untracked 
| 206|0x0000000090400000, 0x0000000090400000, 0x0000000090500000|  0%| F|  |TAMS 0x0000000090400000, 0x0000000090400000| Untracked 
| 207|0x0000000090500000, 0x0000000090500000, 0x0000000090600000|  0%| F|  |TAMS 0x0000000090500000, 0x0000000090500000| Untracked 
| 208|0x0000000090600000, 0x0000000090600000, 0x0000000090700000|  0%| F|  |TAMS 0x0000000090600000, 0x0000000090600000| Untracked 
| 209|0x0000000090700000, 0x0000000090700000, 0x0000000090800000|  0%| F|  |TAMS 0x0000000090700000, 0x0000000090700000| Untracked 
| 210|0x0000000090800000, 0x0000000090800000, 0x0000000090900000|  0%| F|  |TAMS 0x0000000090800000, 0x0000000090800000| Untracked 
| 211|0x0000000090900000, 0x0000000090900000, 0x0000000090a00000|  0%| F|  |TAMS 0x0000000090900000, 0x0000000090900000| Untracked 
| 212|0x0000000090a00000, 0x0000000090a00000, 0x0000000090b00000|  0%| F|  |TAMS 0x0000000090a00000, 0x0000000090a00000| Untracked 
| 213|0x0000000090b00000, 0x0000000090b00000, 0x0000000090c00000|  0%| F|  |TAMS 0x0000000090b00000, 0x0000000090b00000| Untracked 
| 214|0x0000000090c00000, 0x0000000090c00000, 0x0000000090d00000|  0%| F|  |TAMS 0x0000000090c00000, 0x0000000090c00000| Untracked 
| 215|0x0000000090d00000, 0x0000000090d00000, 0x0000000090e00000|  0%| F|  |TAMS 0x0000000090d00000, 0x0000000090d00000| Untracked 
| 216|0x0000000090e00000, 0x0000000090e00000, 0x0000000090f00000|  0%| F|  |TAMS 0x0000000090e00000, 0x0000000090e00000| Untracked 
| 217|0x0000000090f00000, 0x0000000090f00000, 0x0000000091000000|  0%| F|  |TAMS 0x0000000090f00000, 0x0000000090f00000| Untracked 
| 218|0x0000000091000000, 0x0000000091000000, 0x0000000091100000|  0%| F|  |TAMS 0x0000000091000000, 0x0000000091000000| Untracked 
| 219|0x0000000091100000, 0x0000000091100000, 0x0000000091200000|  0%| F|  |TAMS 0x0000000091100000, 0x0000000091100000| Untracked 
| 220|0x0000000091200000, 0x0000000091200000, 0x0000000091300000|  0%| F|  |TAMS 0x0000000091200000, 0x0000000091200000| Untracked 
| 221|0x0000000091300000, 0x0000000091300000, 0x0000000091400000|  0%| F|  |TAMS 0x0000000091300000, 0x0000000091300000| Untracked 
| 222|0x0000000091400000, 0x0000000091400000, 0x0000000091500000|  0%| F|  |TAMS 0x0000000091400000, 0x0000000091400000| Untracked 
| 223|0x0000000091500000, 0x0000000091500000, 0x0000000091600000|  0%| F|  |TAMS 0x0000000091500000, 0x0000000091500000| Untracked 
| 224|0x0000000091600000, 0x0000000091600000, 0x0000000091700000|  0%| F|  |TAMS 0x0000000091600000, 0x0000000091600000| Untracked 
| 225|0x0000000091700000, 0x0000000091700000, 0x0000000091800000|  0%| F|  |TAMS 0x0000000091700000, 0x0000000091700000| Untracked 
| 226|0x0000000091800000, 0x0000000091800000, 0x0000000091900000|  0%| F|  |TAMS 0x0000000091800000, 0x0000000091800000| Untracked 
| 227|0x0000000091900000, 0x0000000091900000, 0x0000000091a00000|  0%| F|  |TAMS 0x0000000091900000, 0x0000000091900000| Untracked 
| 228|0x0000000091a00000, 0x0000000091a00000, 0x0000000091b00000|  0%| F|  |TAMS 0x0000000091a00000, 0x0000000091a00000| Untracked 
| 229|0x0000000091b00000, 0x0000000091b00000, 0x0000000091c00000|  0%| F|  |TAMS 0x0000000091b00000, 0x0000000091b00000| Untracked 
| 230|0x0000000091c00000, 0x0000000091c00000, 0x0000000091d00000|  0%| F|  |TAMS 0x0000000091c00000, 0x0000000091c00000| Untracked 
| 231|0x0000000091d00000, 0x0000000091d00000, 0x0000000091e00000|  0%| F|  |TAMS 0x0000000091d00000, 0x0000000091d00000| Untracked 
| 232|0x0000000091e00000, 0x0000000091e00000, 0x0000000091f00000|  0%| F|  |TAMS 0x0000000091e00000, 0x0000000091e00000| Untracked 
| 233|0x0000000091f00000, 0x0000000091f00000, 0x0000000092000000|  0%| F|  |TAMS 0x0000000091f00000, 0x0000000091f00000| Untracked 
| 234|0x0000000092000000, 0x0000000092000000, 0x0000000092100000|  0%| F|  |TAMS 0x0000000092000000, 0x0000000092000000| Untracked 
| 235|0x0000000092100000, 0x0000000092100000, 0x0000000092200000|  0%| F|  |TAMS 0x0000000092100000, 0x0000000092100000| Untracked 
| 236|0x0000000092200000, 0x0000000092200000, 0x0000000092300000|  0%| F|  |TAMS 0x0000000092200000, 0x0000000092200000| Untracked 
| 237|0x0000000092300000, 0x0000000092300000, 0x0000000092400000|  0%| F|  |TAMS 0x0000000092300000, 0x0000000092300000| Untracked 
| 238|0x0000000092400000, 0x0000000092400000, 0x0000000092500000|  0%| F|  |TAMS 0x0000000092400000, 0x0000000092400000| Untracked 
| 239|0x0000000092500000, 0x0000000092500000, 0x0000000092600000|  0%| F|  |TAMS 0x0000000092500000, 0x0000000092500000| Untracked 
| 240|0x0000000092600000, 0x0000000092600000, 0x0000000092700000|  0%| F|  |TAMS 0x0000000092600000, 0x0000000092600000| Untracked 
| 241|0x0000000092700000, 0x0000000092700000, 0x0000000092800000|  0%| F|  |TAMS 0x0000000092700000, 0x0000000092700000| Untracked 
| 242|0x0000000092800000, 0x0000000092800000, 0x0000000092900000|  0%| F|  |TAMS 0x0000000092800000, 0x0000000092800000| Untracked 
| 243|0x0000000092900000, 0x00000000929749a0, 0x0000000092a00000| 45%| S|CS|TAMS 0x0000000092900000, 0x0000000092900000| Complete 
| 244|0x0000000092a00000, 0x0000000092b00000, 0x0000000092b00000|100%| S|CS|TAMS 0x0000000092a00000, 0x0000000092a00000| Complete 
| 245|0x0000000092b00000, 0x0000000092c00000, 0x0000000092c00000|100%| S|CS|TAMS 0x0000000092b00000, 0x0000000092b00000| Complete 
| 246|0x0000000092c00000, 0x0000000092d00000, 0x0000000092d00000|100%| S|CS|TAMS 0x0000000092c00000, 0x0000000092c00000| Complete 
| 247|0x0000000092d00000, 0x0000000092e00000, 0x0000000092e00000|100%| S|CS|TAMS 0x0000000092d00000, 0x0000000092d00000| Complete 
| 248|0x0000000092e00000, 0x0000000092f00000, 0x0000000092f00000|100%| S|CS|TAMS 0x0000000092e00000, 0x0000000092e00000| Complete 
| 249|0x0000000092f00000, 0x0000000093000000, 0x0000000093000000|100%| S|CS|TAMS 0x0000000092f00000, 0x0000000092f00000| Complete 
| 250|0x0000000093000000, 0x0000000093100000, 0x0000000093100000|100%| S|CS|TAMS 0x0000000093000000, 0x0000000093000000| Complete 
| 251|0x0000000093100000, 0x0000000093100000, 0x0000000093200000|  0%| F|  |TAMS 0x0000000093100000, 0x0000000093100000| Untracked 
| 252|0x0000000093200000, 0x0000000093200000, 0x0000000093300000|  0%| F|  |TAMS 0x0000000093200000, 0x0000000093200000| Untracked 
| 253|0x0000000093300000, 0x0000000093300000, 0x0000000093400000|  0%| F|  |TAMS 0x0000000093300000, 0x0000000093300000| Untracked 
| 254|0x0000000093400000, 0x0000000093400000, 0x0000000093500000|  0%| F|  |TAMS 0x0000000093400000, 0x0000000093400000| Untracked 
| 255|0x0000000093500000, 0x0000000093500000, 0x0000000093600000|  0%| F|  |TAMS 0x0000000093500000, 0x0000000093500000| Untracked 
| 256|0x0000000093600000, 0x0000000093600000, 0x0000000093700000|  0%| F|  |TAMS 0x0000000093600000, 0x0000000093600000| Untracked 
| 257|0x0000000093700000, 0x0000000093700000, 0x0000000093800000|  0%| F|  |TAMS 0x0000000093700000, 0x0000000093700000| Untracked 
| 258|0x0000000093800000, 0x0000000093800000, 0x0000000093900000|  0%| F|  |TAMS 0x0000000093800000, 0x0000000093800000| Untracked 
| 259|0x0000000093900000, 0x0000000093900000, 0x0000000093a00000|  0%| F|  |TAMS 0x0000000093900000, 0x0000000093900000| Untracked 
| 260|0x0000000093a00000, 0x0000000093a00000, 0x0000000093b00000|  0%| F|  |TAMS 0x0000000093a00000, 0x0000000093a00000| Untracked 
| 261|0x0000000093b00000, 0x0000000093b00000, 0x0000000093c00000|  0%| F|  |TAMS 0x0000000093b00000, 0x0000000093b00000| Untracked 
| 262|0x0000000093c00000, 0x0000000093c00000, 0x0000000093d00000|  0%| F|  |TAMS 0x0000000093c00000, 0x0000000093c00000| Untracked 
| 263|0x0000000093d00000, 0x0000000093d00000, 0x0000000093e00000|  0%| F|  |TAMS 0x0000000093d00000, 0x0000000093d00000| Untracked 
| 264|0x0000000093e00000, 0x0000000093e00000, 0x0000000093f00000|  0%| F|  |TAMS 0x0000000093e00000, 0x0000000093e00000| Untracked 
| 265|0x0000000093f00000, 0x0000000093f00000, 0x0000000094000000|  0%| F|  |TAMS 0x0000000093f00000, 0x0000000093f00000| Untracked 
| 266|0x0000000094000000, 0x0000000094000000, 0x0000000094100000|  0%| F|  |TAMS 0x0000000094000000, 0x0000000094000000| Untracked 
| 267|0x0000000094100000, 0x0000000094100000, 0x0000000094200000|  0%| F|  |TAMS 0x0000000094100000, 0x0000000094100000| Untracked 
| 268|0x0000000094200000, 0x0000000094200000, 0x0000000094300000|  0%| F|  |TAMS 0x0000000094200000, 0x0000000094200000| Untracked 
| 269|0x0000000094300000, 0x0000000094300000, 0x0000000094400000|  0%| F|  |TAMS 0x0000000094300000, 0x0000000094300000| Untracked 
| 270|0x0000000094400000, 0x0000000094400000, 0x0000000094500000|  0%| F|  |TAMS 0x0000000094400000, 0x0000000094400000| Untracked 
| 271|0x0000000094500000, 0x0000000094500000, 0x0000000094600000|  0%| F|  |TAMS 0x0000000094500000, 0x0000000094500000| Untracked 
| 272|0x0000000094600000, 0x0000000094600000, 0x0000000094700000|  0%| F|  |TAMS 0x0000000094600000, 0x0000000094600000| Untracked 
| 273|0x0000000094700000, 0x0000000094700000, 0x0000000094800000|  0%| F|  |TAMS 0x0000000094700000, 0x0000000094700000| Untracked 
| 274|0x0000000094800000, 0x0000000094800000, 0x0000000094900000|  0%| F|  |TAMS 0x0000000094800000, 0x0000000094800000| Untracked 
| 275|0x0000000094900000, 0x0000000094900000, 0x0000000094a00000|  0%| F|  |TAMS 0x0000000094900000, 0x0000000094900000| Untracked 
| 276|0x0000000094a00000, 0x0000000094a00000, 0x0000000094b00000|  0%| F|  |TAMS 0x0000000094a00000, 0x0000000094a00000| Untracked 
| 277|0x0000000094b00000, 0x0000000094b00000, 0x0000000094c00000|  0%| F|  |TAMS 0x0000000094b00000, 0x0000000094b00000| Untracked 
| 278|0x0000000094c00000, 0x0000000094c00000, 0x0000000094d00000|  0%| F|  |TAMS 0x0000000094c00000, 0x0000000094c00000| Untracked 
| 279|0x0000000094d00000, 0x0000000094d00000, 0x0000000094e00000|  0%| F|  |TAMS 0x0000000094d00000, 0x0000000094d00000| Untracked 
| 280|0x0000000094e00000, 0x0000000094e00000, 0x0000000094f00000|  0%| F|  |TAMS 0x0000000094e00000, 0x0000000094e00000| Untracked 
| 281|0x0000000094f00000, 0x0000000094f00000, 0x0000000095000000|  0%| F|  |TAMS 0x0000000094f00000, 0x0000000094f00000| Untracked 
| 282|0x0000000095000000, 0x0000000095000000, 0x0000000095100000|  0%| F|  |TAMS 0x0000000095000000, 0x0000000095000000| Untracked 
| 283|0x0000000095100000, 0x0000000095100000, 0x0000000095200000|  0%| F|  |TAMS 0x0000000095100000, 0x0000000095100000| Untracked 
| 284|0x0000000095200000, 0x0000000095200000, 0x0000000095300000|  0%| F|  |TAMS 0x0000000095200000, 0x0000000095200000| Untracked 
| 285|0x0000000095300000, 0x0000000095300000, 0x0000000095400000|  0%| F|  |TAMS 0x0000000095300000, 0x0000000095300000| Untracked 
| 286|0x0000000095400000, 0x0000000095400000, 0x0000000095500000|  0%| F|  |TAMS 0x0000000095400000, 0x0000000095400000| Untracked 
| 287|0x0000000095500000, 0x0000000095500000, 0x0000000095600000|  0%| F|  |TAMS 0x0000000095500000, 0x0000000095500000| Untracked 
| 288|0x0000000095600000, 0x0000000095600000, 0x0000000095700000|  0%| F|  |TAMS 0x0000000095600000, 0x0000000095600000| Untracked 
| 289|0x0000000095700000, 0x0000000095700000, 0x0000000095800000|  0%| F|  |TAMS 0x0000000095700000, 0x0000000095700000| Untracked 
| 290|0x0000000095800000, 0x0000000095800000, 0x0000000095900000|  0%| F|  |TAMS 0x0000000095800000, 0x0000000095800000| Untracked 
| 291|0x0000000095900000, 0x0000000095900000, 0x0000000095a00000|  0%| F|  |TAMS 0x0000000095900000, 0x0000000095900000| Untracked 
| 292|0x0000000095a00000, 0x0000000095a00000, 0x0000000095b00000|  0%| F|  |TAMS 0x0000000095a00000, 0x0000000095a00000| Untracked 
| 293|0x0000000095b00000, 0x0000000095b00000, 0x0000000095c00000|  0%| F|  |TAMS 0x0000000095b00000, 0x0000000095b00000| Untracked 
| 294|0x0000000095c00000, 0x0000000095c00000, 0x0000000095d00000|  0%| F|  |TAMS 0x0000000095c00000, 0x0000000095c00000| Untracked 
| 295|0x0000000095d00000, 0x0000000095d00000, 0x0000000095e00000|  0%| F|  |TAMS 0x0000000095d00000, 0x0000000095d00000| Untracked 
| 296|0x0000000095e00000, 0x0000000095e00000, 0x0000000095f00000|  0%| F|  |TAMS 0x0000000095e00000, 0x0000000095e00000| Untracked 
| 297|0x0000000095f00000, 0x0000000095f00000, 0x0000000096000000|  0%| F|  |TAMS 0x0000000095f00000, 0x0000000095f00000| Untracked 
| 298|0x0000000096000000, 0x0000000096000000, 0x0000000096100000|  0%| F|  |TAMS 0x0000000096000000, 0x0000000096000000| Untracked 
| 299|0x0000000096100000, 0x0000000096100000, 0x0000000096200000|  0%| F|  |TAMS 0x0000000096100000, 0x0000000096100000| Untracked 
| 300|0x0000000096200000, 0x0000000096200000, 0x0000000096300000|  0%| F|  |TAMS 0x0000000096200000, 0x0000000096200000| Untracked 
| 301|0x0000000096300000, 0x0000000096300000, 0x0000000096400000|  0%| F|  |TAMS 0x0000000096300000, 0x0000000096300000| Untracked 
| 302|0x0000000096400000, 0x0000000096400000, 0x0000000096500000|  0%| F|  |TAMS 0x0000000096400000, 0x0000000096400000| Untracked 
| 303|0x0000000096500000, 0x0000000096500000, 0x0000000096600000|  0%| F|  |TAMS 0x0000000096500000, 0x0000000096500000| Untracked 
| 304|0x0000000096600000, 0x0000000096600000, 0x0000000096700000|  0%| F|  |TAMS 0x0000000096600000, 0x0000000096600000| Untracked 
| 920|0x00000000bce00000, 0x00000000bce00000, 0x00000000bcf00000|  0%| F|  |TAMS 0x00000000bce00000, 0x00000000bce00000| Untracked 

Card table byte_map: [0x00000259a3f40000,0x00000259a4330000] _byte_map_base: 0x00000259a3b25000

Marking Bits (Prev, Next): (CMBitMap*) 0x000002598d005df0, (CMBitMap*) 0x000002598d005e30
 Prev Bits: [0x00000259a4720000, 0x00000259a6648000)
 Next Bits: [0x00000259a6650000, 0x00000259a8578000)

Polling page: 0x000002598c770000

Metaspace:

Usage:
  Non-class:     66.30 MB used.
      Class:      9.53 MB used.
       Both:     75.83 MB used.

Virtual space:
  Non-class space:       72.00 MB reserved,      66.56 MB ( 92%) committed,  9 nodes.
      Class space:        1.00 GB reserved,       9.81 MB ( <1%) committed,  1 nodes.
             Both:        1.07 GB reserved,      76.38 MB (  7%) committed. 

Chunk freelists:
   Non-Class:  574.00 KB
       Class:  2.05 MB
        Both:  2.62 MB

MaxMetaspaceSize: unlimited
CompressedClassSpaceSize: 1.00 GB
Initial GC threshold: 21.00 MB
Current GC threshold: 127.19 MB
CDS: on
MetaspaceReclaimPolicy: balanced
 - commit_granule_bytes: 65536.
 - commit_granule_words: 8192.
 - virtual_space_node_default_size: 1048576.
 - enlarge_chunks_in_place: 1.
 - new_chunks_are_fully_committed: 0.
 - uncommit_free_chunks: 1.
 - use_allocation_guard: 0.
 - handle_deallocations: 1.


Internal statistics:

num_allocs_failed_limit: 6.
num_arena_births: 712.
num_arena_deaths: 0.
num_vsnodes_births: 10.
num_vsnodes_deaths: 0.
num_space_committed: 1222.
num_space_uncommitted: 0.
num_chunks_returned_to_freelist: 6.
num_chunks_taken_from_freelist: 3491.
num_chunk_merges: 6.
num_chunk_splits: 2387.
num_chunks_enlarged: 1777.
num_purges: 0.
num_inconsistent_stats: 0.

CodeHeap 'non-profiled nmethods': size=120000Kb used=9378Kb max_used=9378Kb free=110621Kb
 bounds [0x000002599c2f0000, 0x000002599cc20000, 0x00000259a3820000]
CodeHeap 'profiled nmethods': size=120000Kb used=19600Kb max_used=22240Kb free=100400Kb
 bounds [0x0000025994820000, 0x0000025995de0000, 0x000002599bd50000]
CodeHeap 'non-nmethods': size=5760Kb used=1388Kb max_used=1470Kb free=4371Kb
 bounds [0x000002599bd50000, 0x000002599bfc0000, 0x000002599c2f0000]
 total_blobs=11320 nmethods=10611 adapters=620
 compilation: enabled
              stopped_count=0, restarted_count=0
 full_count=0

Compilation events (20 events):
Event: 625.803 Thread 0x00000259aaf9d490 nmethod 13778 0x000002599cc10990 code [0x000002599cc10c00, 0x000002599cc12890]
Event: 635.342 Thread 0x00000259aaf9e530 13779   !   3       com.mysql.cj.jdbc.ConnectionImpl::getAutoCommit (37 bytes)
Event: 635.347 Thread 0x00000259aaf9e530 nmethod 13779 0x0000025994c2e910 code [0x0000025994c2eb00, 0x0000025994c2f0c8]
Event: 635.383 Thread 0x00000259aaf9e530 13780       3       com.sun.org.apache.xerces.internal.dom.DeferredDocumentImpl::getRealPrevSibling (49 bytes)
Event: 635.384 Thread 0x00000259aaf9e530 nmethod 13780 0x0000025994904610 code [0x00000259949047e0, 0x0000025994904b08]
Event: 635.410 Thread 0x00000259aaf9d490 13781       4       com.sun.org.apache.xerces.internal.impl.XMLDTDScannerImpl::getPropertyDefault (36 bytes)
Event: 635.415 Thread 0x00000259aaf9d490 nmethod 13781 0x000002599cc13890 code [0x000002599cc13a20, 0x000002599cc13e78]
Event: 635.963 Thread 0x00000259aaf9d490 13783       4       com.fasterxml.jackson.databind.deser.std.NumberDeserializers$IntegerDeserializer::deserialize (7 bytes)
Event: 636.045 Thread 0x00000259aaf9e530 13785       3       org.hibernate.resource.transaction.backend.jdbc.internal.JdbcResourceLocalTransactionCoordinatorImpl::isActive (10 bytes)
Event: 636.057 Thread 0x00000259aaf9e530 nmethod 13785 0x0000025994d86b10 code [0x0000025994d86ce0, 0x0000025994d871b8]
Event: 636.057 Thread 0x00000259aaf9e530 13786       3       org.hibernate.engine.jdbc.internal.JdbcCoordinatorImpl::isActive (18 bytes)
Event: 636.058 Thread 0x00000259aaf9e530 nmethod 13786 0x0000025994f40e90 code [0x0000025994f41060, 0x0000025994f41498]
Event: 636.082 Thread 0x00000259aaf9d490 nmethod 13783 0x000002599cc14390 code [0x000002599cc14600, 0x000002599cc15508]
Event: 636.082 Thread 0x00000259aaf9d490 13784       4       com.fasterxml.jackson.databind.deser.std.NumberDeserializers$IntegerDeserializer::deserialize (41 bytes)
Event: 636.132 Thread 0x00000259aaf9d490 nmethod 13784 0x000002599cc16610 code [0x000002599cc16880, 0x000002599cc17788]
Event: 640.320 Thread 0x00000259aaf9e530 13787       3       sun.security.util.math.intpoly.IntegerPolynomial$Element::asBigInteger (12 bytes)
Event: 640.327 Thread 0x00000259aaf9e530 nmethod 13787 0x00000259950f2190 code [0x00000259950f2340, 0x00000259950f2508]
Event: 648.284 Thread 0x00000259aaf9e530 13788       1       org.apache.catalina.core.StandardWrapper::getServlet (5 bytes)
Event: 648.288 Thread 0x00000259aaf9e530 nmethod 13788 0x000002599cc18890 code [0x000002599cc18a20, 0x000002599cc18af8]
Event: 660.239 Thread 0x00000259aaf9d490 13789 %     4       org.hibernate.engine.internal.EntityEntryContext::downgradeLocks @ 13 (42 bytes)

GC Heap History (20 events):
Event: 571.076 GC heap after
{Heap after GC invocations=99 (full 0):
 garbage-first heap   total 331776K, used 103913K [0x0000000083600000, 0x0000000100000000)
  region size 1024K, 2 young (2048K), 2 survivors (2048K)
 Metaspace       used 77636K, committed 78208K, reserved 1122304K
  class space    used 9757K, committed 10048K, reserved 1048576K
}
Event: 579.537 GC heap before
{Heap before GC invocations=99 (full 0):
 garbage-first heap   total 331776K, used 120297K [0x0000000083600000, 0x0000000100000000)
  region size 1024K, 19 young (19456K), 2 survivors (2048K)
 Metaspace       used 77637K, committed 78208K, reserved 1122304K
  class space    used 9757K, committed 10048K, reserved 1048576K
}
Event: 579.569 GC heap after
{Heap after GC invocations=100 (full 0):
 garbage-first heap   total 331776K, used 105622K [0x0000000083600000, 0x0000000100000000)
  region size 1024K, 4 young (4096K), 4 survivors (4096K)
 Metaspace       used 77637K, committed 78208K, reserved 1122304K
  class space    used 9757K, committed 10048K, reserved 1048576K
}
Event: 588.438 GC heap before
{Heap before GC invocations=101 (full 0):
 garbage-first heap   total 290816K, used 197782K [0x0000000083600000, 0x0000000100000000)
  region size 1024K, 110 young (112640K), 4 survivors (4096K)
 Metaspace       used 77637K, committed 78208K, reserved 1122304K
  class space    used 9757K, committed 10048K, reserved 1048576K
}
Event: 588.507 GC heap after
{Heap after GC invocations=102 (full 0):
 garbage-first heap   total 290816K, used 105340K [0x0000000083600000, 0x0000000100000000)
  region size 1024K, 14 young (14336K), 14 survivors (14336K)
 Metaspace       used 77637K, committed 78208K, reserved 1122304K
  class space    used 9757K, committed 10048K, reserved 1048576K
}
Event: 588.527 GC heap before
{Heap before GC invocations=102 (full 0):
 garbage-first heap   total 290816K, used 106364K [0x0000000083600000, 0x0000000100000000)
  region size 1024K, 15 young (15360K), 14 survivors (14336K)
 Metaspace       used 77637K, committed 78208K, reserved 1122304K
  class space    used 9757K, committed 10048K, reserved 1048576K
}
Event: 588.572 GC heap after
{Heap after GC invocations=103 (full 0):
 garbage-first heap   total 290816K, used 101313K [0x0000000083600000, 0x0000000100000000)
  region size 1024K, 1 young (1024K), 1 survivors (1024K)
 Metaspace       used 77637K, committed 78208K, reserved 1122304K
  class space    used 9757K, committed 10048K, reserved 1048576K
}
Event: 596.075 GC heap before
{Heap before GC invocations=103 (full 0):
 garbage-first heap   total 290816K, used 112577K [0x0000000083600000, 0x0000000100000000)
  region size 1024K, 13 young (13312K), 1 survivors (1024K)
 Metaspace       used 77637K, committed 78208K, reserved 1122304K
  class space    used 9757K, committed 10048K, reserved 1048576K
}
Event: 596.083 GC heap after
{Heap after GC invocations=104 (full 0):
 garbage-first heap   total 290816K, used 102726K [0x0000000083600000, 0x0000000100000000)
  region size 1024K, 3 young (3072K), 3 survivors (3072K)
 Metaspace       used 77637K, committed 78208K, reserved 1122304K
  class space    used 9757K, committed 10048K, reserved 1048576K
}
Event: 607.333 GC heap before
{Heap before GC invocations=105 (full 0):
 garbage-first heap   total 290816K, used 177478K [0x0000000083600000, 0x0000000100000000)
  region size 1024K, 87 young (89088K), 3 survivors (3072K)
 Metaspace       used 77638K, committed 78208K, reserved 1122304K
  class space    used 9757K, committed 10048K, reserved 1048576K
}
Event: 607.374 GC heap after
{Heap after GC invocations=106 (full 0):
 garbage-first heap   total 290816K, used 101020K [0x0000000083600000, 0x0000000100000000)
  region size 1024K, 11 young (11264K), 11 survivors (11264K)
 Metaspace       used 77638K, committed 78208K, reserved 1122304K
  class space    used 9757K, committed 10048K, reserved 1048576K
}
Event: 607.399 GC heap before
{Heap before GC invocations=106 (full 0):
 garbage-first heap   total 290816K, used 104092K [0x0000000083600000, 0x0000000100000000)
  region size 1024K, 14 young (14336K), 11 survivors (11264K)
 Metaspace       used 77638K, committed 78208K, reserved 1122304K
  class space    used 9757K, committed 10048K, reserved 1048576K
}
Event: 607.426 GC heap after
{Heap after GC invocations=107 (full 0):
 garbage-first heap   total 290816K, used 91985K [0x0000000083600000, 0x0000000100000000)
  region size 1024K, 2 young (2048K), 2 survivors (2048K)
 Metaspace       used 77638K, committed 78208K, reserved 1122304K
  class space    used 9757K, committed 10048K, reserved 1048576K
}
Event: 620.229 GC heap before
{Heap before GC invocations=107 (full 0):
 garbage-first heap   total 290816K, used 124753K [0x0000000083600000, 0x0000000100000000)
  region size 1024K, 35 young (35840K), 2 survivors (2048K)
 Metaspace       used 77641K, committed 78208K, reserved 1122304K
  class space    used 9757K, committed 10048K, reserved 1048576K
}
Event: 620.268 GC heap after
{Heap after GC invocations=108 (full 0):
 garbage-first heap   total 290816K, used 98969K [0x0000000083600000, 0x0000000100000000)
  region size 1024K, 9 young (9216K), 9 survivors (9216K)
 Metaspace       used 77641K, committed 78208K, reserved 1122304K
  class space    used 9757K, committed 10048K, reserved 1048576K
}
Event: 635.651 GC heap before
{Heap before GC invocations=109 (full 0):
 garbage-first heap   total 290816K, used 181913K [0x0000000083600000, 0x0000000100000000)
  region size 1024K, 98 young (100352K), 9 survivors (9216K)
 Metaspace       used 77643K, committed 78208K, reserved 1122304K
  class space    used 9757K, committed 10048K, reserved 1048576K
}
Event: 635.714 GC heap after
{Heap after GC invocations=110 (full 0):
 garbage-first heap   total 290816K, used 101633K [0x0000000083600000, 0x0000000100000000)
  region size 1024K, 13 young (13312K), 13 survivors (13312K)
 Metaspace       used 77643K, committed 78208K, reserved 1122304K
  class space    used 9757K, committed 10048K, reserved 1048576K
}
Event: 635.743 GC heap before
{Heap before GC invocations=110 (full 0):
 garbage-first heap   total 290816K, used 102657K [0x0000000083600000, 0x0000000100000000)
  region size 1024K, 14 young (14336K), 13 survivors (13312K)
 Metaspace       used 77643K, committed 78208K, reserved 1122304K
  class space    used 9757K, committed 10048K, reserved 1048576K
}
Event: 635.770 GC heap after
{Heap after GC invocations=111 (full 0):
 garbage-first heap   total 290816K, used 98309K [0x0000000083600000, 0x0000000100000000)
  region size 1024K, 2 young (2048K), 2 survivors (2048K)
 Metaspace       used 77643K, committed 78208K, reserved 1122304K
  class space    used 9757K, committed 10048K, reserved 1048576K
}
Event: 660.244 GC heap before
{Heap before GC invocations=111 (full 0):
 garbage-first heap   total 290816K, used 129029K [0x0000000083600000, 0x0000000100000000)
  region size 1024K, 33 young (33792K), 2 survivors (2048K)
 Metaspace       used 77645K, committed 78208K, reserved 1122304K
  class space    used 9757K, committed 10048K, reserved 1048576K
}

Deoptimization events (20 events):
Event: 335.927 Thread 0x00000259ad4f3710 Uncommon trap: trap_request=0xfffffff4 fr.pc=0x000002599cad8efc relative=0x00000000000005dc
Event: 335.927 Thread 0x00000259ad4f3710 Uncommon trap: reason=null_check action=make_not_entrant pc=0x000002599cad8efc method=org.springframework.core.convert.TypeDescriptor.isMap()Z @ 6 c2
Event: 335.927 Thread 0x00000259ad4f3710 DEOPT PACKING pc=0x000002599cad8efc sp=0x000000eda1efe760
Event: 335.927 Thread 0x00000259ad4f3710 DEOPT UNPACKING pc=0x000002599bda5ba3 sp=0x000000eda1efe6d0 mode 2
Event: 336.062 Thread 0x00000259ad4f3710 Uncommon trap: trap_request=0xffffffbe fr.pc=0x000002599cad24cc relative=0x00000000000010ec
Event: 336.062 Thread 0x00000259ad4f3710 Uncommon trap: reason=profile_predicate action=maybe_recompile pc=0x000002599cad24cc method=sun.security.ssl.SSLTransport.decode(Lsun/security/ssl/TransportContext;[Ljava/nio/ByteBuffer;II[Ljava/nio/ByteBuffer;II)Lsun/security/ssl/Plaintext; @ 178 c2
Event: 336.062 Thread 0x00000259ad4f3710 DEOPT PACKING pc=0x000002599cad24cc sp=0x000000eda1efeb40
Event: 336.062 Thread 0x00000259ad4f3710 DEOPT UNPACKING pc=0x000002599bda5ba3 sp=0x000000eda1efeb08 mode 2
Event: 478.958 Thread 0x00000259ad4f3710 Uncommon trap: trap_request=0xffffffcc fr.pc=0x000002599cb884b4 relative=0x0000000000002914
Event: 478.958 Thread 0x00000259ad4f3710 Uncommon trap: reason=intrinsic_or_type_checked_inlining action=make_not_entrant pc=0x000002599cb884b4 method=java.util.ArrayList$SubList.toArray([Ljava/lang/Object;)[Ljava/lang/Object; @ 58 c2
Event: 478.959 Thread 0x00000259ad4f3710 DEOPT PACKING pc=0x000002599cb884b4 sp=0x000000eda1efece0
Event: 478.959 Thread 0x00000259ad4f3710 DEOPT UNPACKING pc=0x000002599bda5ba3 sp=0x000000eda1efec28 mode 2
Event: 571.139 Thread 0x00000259ad4f3710 Uncommon trap: trap_request=0xfffffff4 fr.pc=0x000002599cbd83a8 relative=0x0000000000000188
Event: 571.139 Thread 0x00000259ad4f3710 Uncommon trap: reason=null_check action=make_not_entrant pc=0x000002599cbd83a8 method=java.lang.Class.isEnum()Z @ 1 c2
Event: 571.140 Thread 0x00000259ad4f3710 DEOPT PACKING pc=0x000002599cbd83a8 sp=0x000000eda1efe850
Event: 571.140 Thread 0x00000259ad4f3710 DEOPT UNPACKING pc=0x000002599bda5ba3 sp=0x000000eda1efe788 mode 2
Event: 571.141 Thread 0x00000259ad4f3710 Uncommon trap: trap_request=0xfffffff4 fr.pc=0x000002599cbd3ec0 relative=0x0000000000001f80
Event: 571.141 Thread 0x00000259ad4f3710 Uncommon trap: reason=null_check action=make_not_entrant pc=0x000002599cbd3ec0 method=org.springframework.data.repository.core.support.QueryExecutionResultHandler.processingRequired(Ljava/lang/Object;Ljava/lang/Class;)Z @ 2 c2
Event: 571.141 Thread 0x00000259ad4f3710 DEOPT PACKING pc=0x000002599cbd3ec0 sp=0x000000eda1efebf0
Event: 571.141 Thread 0x00000259ad4f3710 DEOPT UNPACKING pc=0x000002599bda5ba3 sp=0x000000eda1efeb80 mode 2

Classes unloaded (0 events):
No events

Classes redefined (0 events):
No events

Internal exceptions (20 events):
Event: 49.491 Thread 0x00000259ad4f88e0 Exception <a 'sun/nio/fs/WindowsException'{0x000000008d18a7c8}> (0x000000008d18a7c8) 
thrown [s\open\src\hotspot\share\prims\jni.cpp, line 516]
Event: 49.491 Thread 0x00000259ad4f88e0 Exception <a 'sun/nio/fs/WindowsException'{0x000000008d18a980}> (0x000000008d18a980) 
thrown [s\open\src\hotspot\share\prims\jni.cpp, line 516]
Event: 50.505 Thread 0x00000259ad4f88e0 Exception <a 'sun/nio/fs/WindowsException'{0x000000009eb009e0}> (0x000000009eb009e0) 
thrown [s\open\src\hotspot\share\prims\jni.cpp, line 516]
Event: 58.200 Thread 0x00000259ad4f3710 Exception <a 'java/lang/ClassNotFoundException'{0x000000009b1766a8}: java/lang/ObjectCustomizer> (0x000000009b1766a8) 
thrown [s\open\src\hotspot\share\classfile\systemDictionary.cpp, line 256]
Event: 58.201 Thread 0x00000259ad4f3710 Exception <a 'java/lang/ClassNotFoundException'{0x000000009b17edc8}: org/example/model/M_50592Customizer> (0x000000009b17edc8) 
thrown [s\open\src\hotspot\share\classfile\systemDictionary.cpp, line 256]
Event: 58.528 Thread 0x00000259ad4f3710 Exception <a 'java/lang/NoSuchMethodError'{0x000000009b0ec128}: 'int java.lang.invoke.DirectMethodHandle$Holder.invokeStatic(java.lang.Object, java.lang.Object, java.lang.Object, java.lang.Object, java.lang.Object)'> (0x000000009b0ec128) 
thrown [s\open\src\hotspot\share\interpreter\linkResolver.cpp, line 759]
Event: 58.532 Thread 0x00000259ad4f3710 Implicit null exception at 0x000002599c45fdcf to 0x000002599c45ffa0
Event: 74.800 Thread 0x00000259ad4f3710 Implicit null exception at 0x000002599c859ad2 to 0x000002599c859ce0
Event: 87.369 Thread 0x00000259ad4f88e0 Exception <a 'sun/nio/fs/WindowsException'{0x0000000099d466f0}> (0x0000000099d466f0) 
thrown [s\open\src\hotspot\share\prims\jni.cpp, line 516]
Event: 87.369 Thread 0x00000259ad4f88e0 Exception <a 'sun/nio/fs/WindowsException'{0x0000000099d468a8}> (0x0000000099d468a8) 
thrown [s\open\src\hotspot\share\prims\jni.cpp, line 516]
Event: 88.382 Thread 0x00000259ad4f88e0 Exception <a 'sun/nio/fs/WindowsException'{0x0000000099d473d8}> (0x0000000099d473d8) 
thrown [s\open\src\hotspot\share\prims\jni.cpp, line 516]
Event: 88.384 Thread 0x00000259ad4f88e0 Exception <a 'sun/nio/fs/WindowsException'{0x0000000099d481e0}> (0x0000000099d481e0) 
thrown [s\open\src\hotspot\share\prims\jni.cpp, line 516]
Event: 328.555 Thread 0x00000259ad4f3710 Implicit null exception at 0x000002599cabe06d to 0x000002599cabe35c
Event: 328.639 Thread 0x00000259ad4f3710 Implicit null exception at 0x000002599cad14fa to 0x000002599cad2494
Event: 328.639 Thread 0x00000259ad4f3710 Implicit null exception at 0x000002599cad14fa to 0x000002599cad2494
Event: 328.640 Thread 0x00000259ad4f3710 Implicit null exception at 0x000002599cad14fa to 0x000002599cad2494
Event: 335.927 Thread 0x00000259ad4f3710 Implicit null exception at 0x000002599cad8c6f to 0x000002599cad8ef2
Event: 336.062 Thread 0x00000259ad4f3710 Implicit null exception at 0x000002599cad14fa to 0x000002599cad2494
Event: 571.139 Thread 0x00000259ad4f3710 Implicit null exception at 0x000002599cbd8261 to 0x000002599cbd8394
Event: 571.141 Thread 0x00000259ad4f3710 Implicit null exception at 0x000002599cbd1f7f to 0x000002599cbd3ea0

VM Operations (20 events):
Event: 596.172 Executing VM operation: G1Concurrent done
Event: 596.219 Executing VM operation: G1Concurrent
Event: 596.220 Executing VM operation: G1Concurrent done
Event: 600.262 Executing VM operation: Cleanup
Event: 600.262 Executing VM operation: Cleanup done
Event: 607.316 Executing VM operation: G1CollectForAllocation
Event: 607.381 Executing VM operation: G1CollectForAllocation done
Event: 607.399 Executing VM operation: G1CollectForAllocation
Event: 607.426 Executing VM operation: G1CollectForAllocation done
Event: 620.229 Executing VM operation: G1TryInitiateConcMark
Event: 620.272 Executing VM operation: G1TryInitiateConcMark done
Event: 620.887 Executing VM operation: G1Concurrent
Event: 621.148 Executing VM operation: G1Concurrent done
Event: 621.231 Executing VM operation: G1Concurrent
Event: 621.232 Executing VM operation: G1Concurrent done
Event: 635.651 Executing VM operation: G1CollectForAllocation
Event: 635.717 Executing VM operation: G1CollectForAllocation done
Event: 635.742 Executing VM operation: G1CollectForAllocation
Event: 635.770 Executing VM operation: G1CollectForAllocation done
Event: 660.244 Executing VM operation: G1TryInitiateConcMark

Events (20 events):
Event: 597.707 Thread 0x00000259b23b1d90 Thread exited: 0x00000259b23b1d90
Event: 597.841 Thread 0x00000259b23b2260 Thread added: 0x00000259b23b2260
Event: 607.872 Thread 0x00000259b23b2260 Thread exited: 0x00000259b23b2260
Event: 608.269 Thread 0x00000259aeb1f0f0 Thread added: 0x00000259aeb1f0f0
Event: 608.271 Thread 0x00000259aeb1f0f0 Thread exited: 0x00000259aeb1f0f0
Event: 608.432 Thread 0x00000259aeb1ec20 Thread added: 0x00000259aeb1ec20
Event: 613.472 Thread 0x00000259aeb1ec20 Thread exited: 0x00000259aeb1ec20
Event: 613.908 Thread 0x00000259aeb1ddb0 Thread added: 0x00000259aeb1ddb0
Event: 623.133 Thread 0x00000259ad2ca890 Thread added: 0x00000259ad2ca890
Event: 623.145 Thread 0x00000259ad2ca890 Thread exited: 0x00000259ad2ca890
Event: 623.931 Thread 0x00000259aeb1ddb0 Thread exited: 0x00000259aeb1ddb0
Event: 624.457 Thread 0x00000259ad2cb230 Thread added: 0x00000259ad2cb230
Event: 629.472 Thread 0x00000259ad2cb230 Thread exited: 0x00000259ad2cb230
Event: 630.085 Thread 0x00000259ad2cb230 Thread added: 0x00000259ad2cb230
Event: 640.096 Thread 0x00000259ad2cb230 Thread exited: 0x00000259ad2cb230
Event: 640.366 Thread 0x00000259b2bf8870 Thread added: 0x00000259b2bf8870
Event: 640.367 Thread 0x00000259b2bf8870 Thread exited: 0x00000259b2bf8870
Event: 641.902 Thread 0x00000259b2bf83a0 Thread added: 0x00000259b2bf83a0
Event: 646.918 Thread 0x00000259b2bf83a0 Thread exited: 0x00000259b2bf83a0
Event: 650.849 Thread 0x00000259b2bf83a0 Thread added: 0x00000259b2bf83a0


Dynamic libraries:
0x00007ff7c8300000 - 0x00007ff7c8310000 	C:\Program Files\Java\jdk-17\bin\java.exe
0x00007ff917690000 - 0x00007ff9178a4000 	C:\WINDOWS\SYSTEM32\ntdll.dll
0x00007ff915b90000 - 0x00007ff915c52000 	C:\WINDOWS\System32\KERNEL32.DLL
0x00007ff914f10000 - 0x00007ff9152b3000 	C:\WINDOWS\System32\KERNELBASE.dll
0x00007ff914c10000 - 0x00007ff914d21000 	C:\WINDOWS\System32\ucrtbase.dll
0x00007ff90ac00000 - 0x00007ff90ac18000 	C:\Program Files\Java\jdk-17\bin\jli.dll
0x00007ff90da40000 - 0x00007ff90da5b000 	C:\Program Files\Java\jdk-17\bin\VCRUNTIME140.dll
0x00007ff915750000 - 0x00007ff9157fe000 	C:\WINDOWS\System32\ADVAPI32.dll
0x00007ff9155f0000 - 0x00007ff915697000 	C:\WINDOWS\System32\msvcrt.dll
0x00007ff915800000 - 0x00007ff9158a4000 	C:\WINDOWS\System32\sechost.dll
0x00007ff9171a0000 - 0x00007ff9172b7000 	C:\WINDOWS\System32\RPCRT4.dll
0x00007ff916a80000 - 0x00007ff916c2b000 	C:\WINDOWS\System32\USER32.dll
0x00007ff9153e0000 - 0x00007ff915406000 	C:\WINDOWS\System32\win32u.dll
0x00007ff901f80000 - 0x00007ff90220e000 	C:\WINDOWS\WinSxS\amd64_microsoft.windows.common-controls_6595b64144ccf1df_6.0.22621.1635_none_270f70857386168e\COMCTL32.dll
0x00007ff9169f0000 - 0x00007ff916a19000 	C:\WINDOWS\System32\GDI32.dll
0x00007ff9152c0000 - 0x00007ff9153d8000 	C:\WINDOWS\System32\gdi32full.dll
0x00007ff914ab0000 - 0x00007ff914b4a000 	C:\WINDOWS\System32\msvcp_win.dll
0x00007ff90d8a0000 - 0x00007ff90d8aa000 	C:\WINDOWS\SYSTEM32\VERSION.dll
0x00007ff9155b0000 - 0x00007ff9155e1000 	C:\WINDOWS\System32\IMM32.DLL
0x00007ff90dad0000 - 0x00007ff90dadc000 	C:\Program Files\Java\jdk-17\bin\vcruntime140_1.dll
0x00007ff8eb980000 - 0x00007ff8eba0e000 	C:\Program Files\Java\jdk-17\bin\msvcp140.dll
0x00007ff8c3eb0000 - 0x00007ff8c4a87000 	C:\Program Files\Java\jdk-17\bin\server\jvm.dll
0x00007ff916ed0000 - 0x00007ff916ed8000 	C:\WINDOWS\System32\PSAPI.DLL
0x00007ff90a1a0000 - 0x00007ff90a1a9000 	C:\WINDOWS\SYSTEM32\WSOCK32.dll
0x00007ff916d70000 - 0x00007ff916de1000 	C:\WINDOWS\System32\WS2_32.dll
0x00007ff8f58c0000 - 0x00007ff8f58f4000 	C:\WINDOWS\SYSTEM32\WINMM.dll
0x00007ff913b00000 - 0x00007ff913b18000 	C:\WINDOWS\SYSTEM32\kernel.appcore.dll
0x00007ff90b7c0000 - 0x00007ff90b7ca000 	C:\Program Files\Java\jdk-17\bin\jimage.dll
0x00007ff90e820000 - 0x00007ff90ea4e000 	C:\WINDOWS\SYSTEM32\DBGHELP.DLL
0x00007ff9172c0000 - 0x00007ff917649000 	C:\WINDOWS\System32\combase.dll
0x00007ff916df0000 - 0x00007ff916ec7000 	C:\WINDOWS\System32\OLEAUT32.dll
0x00007ff904840000 - 0x00007ff904872000 	C:\WINDOWS\SYSTEM32\dbgcore.DLL
0x00007ff915410000 - 0x00007ff91548b000 	C:\WINDOWS\System32\bcryptPrimitives.dll
0x00007ff904880000 - 0x00007ff90488e000 	C:\Program Files\Java\jdk-17\bin\instrument.dll
0x00007ff9039a0000 - 0x00007ff9039c5000 	C:\Program Files\Java\jdk-17\bin\java.dll
0x00007ff8e3c70000 - 0x00007ff8e3d47000 	C:\Program Files\Java\jdk-17\bin\jsvml.dll
0x00007ff915c60000 - 0x00007ff91645a000 	C:\WINDOWS\System32\SHELL32.dll
0x00007ff912ab0000 - 0x00007ff91337e000 	C:\WINDOWS\SYSTEM32\windows.storage.dll
0x00007ff912970000 - 0x00007ff912aae000 	C:\WINDOWS\SYSTEM32\wintypes.dll
0x00007ff916460000 - 0x00007ff916551000 	C:\WINDOWS\System32\SHCORE.dll
0x00007ff916d10000 - 0x00007ff916d6e000 	C:\WINDOWS\System32\shlwapi.dll
0x00007ff9149e0000 - 0x00007ff914a01000 	C:\WINDOWS\SYSTEM32\profapi.dll
0x00007ff903820000 - 0x00007ff903838000 	C:\Program Files\Java\jdk-17\bin\zip.dll
0x00007ff903d40000 - 0x00007ff903d59000 	C:\Program Files\Java\jdk-17\bin\net.dll
0x00007ff90db00000 - 0x00007ff90dc37000 	C:\WINDOWS\SYSTEM32\WINHTTP.dll
0x00007ff913f70000 - 0x00007ff913fd9000 	C:\WINDOWS\system32\mswsock.dll
0x00007ff903a90000 - 0x00007ff903aa6000 	C:\Program Files\Java\jdk-17\bin\nio.dll
0x00007ff8fd5b0000 - 0x00007ff8fd5ca000 	C:\Program Files\JetBrains\IntelliJ IDEA Community Edition 2023.1\bin\breakgen64.dll
0x00007ff90ab60000 - 0x00007ff90ab70000 	C:\Program Files\Java\jdk-17\bin\verify.dll
0x00007ff903b00000 - 0x00007ff903b0a000 	C:\Program Files\Java\jdk-17\bin\management.dll
0x00007ff903a20000 - 0x00007ff903a2b000 	C:\Program Files\Java\jdk-17\bin\management_ext.dll
0x00007ff8ecb70000 - 0x00007ff8ecb87000 	C:\WINDOWS\system32\napinsp.dll
0x00007ff8ecb50000 - 0x00007ff8ecb6b000 	C:\WINDOWS\system32\pnrpnsp.dll
0x00007ff913650000 - 0x00007ff913743000 	C:\WINDOWS\SYSTEM32\DNSAPI.dll
0x00007ff9135e0000 - 0x00007ff91360d000 	C:\WINDOWS\SYSTEM32\IPHLPAPI.DLL
0x00007ff9169e0000 - 0x00007ff9169e9000 	C:\WINDOWS\System32\NSI.dll
0x00007ff8ecb30000 - 0x00007ff8ecb41000 	C:\WINDOWS\System32\winrnr.dll
0x00007ff8ecb10000 - 0x00007ff8ecb25000 	C:\WINDOWS\system32\wshbth.dll
0x00007ff8ecae0000 - 0x00007ff8ecb01000 	C:\WINDOWS\system32\nlansp_c.dll
0x00007ff901c80000 - 0x00007ff901c8a000 	C:\Windows\System32\rasadhlp.dll
0x00007ff90d6f0000 - 0x00007ff90d774000 	C:\WINDOWS\System32\fwpuclnt.dll
0x00007ff9141d0000 - 0x00007ff9141eb000 	C:\WINDOWS\SYSTEM32\CRYPTSP.dll
0x00007ff913a70000 - 0x00007ff913aa5000 	C:\WINDOWS\system32\rsaenh.dll
0x00007ff914070000 - 0x00007ff914098000 	C:\WINDOWS\SYSTEM32\USERENV.dll
0x00007ff914390000 - 0x00007ff9143b8000 	C:\WINDOWS\SYSTEM32\bcrypt.dll
0x00007ff9141f0000 - 0x00007ff9141fc000 	C:\WINDOWS\SYSTEM32\CRYPTBASE.dll
0x00007ff90da80000 - 0x00007ff90da99000 	C:\WINDOWS\SYSTEM32\dhcpcsvc6.DLL
0x00007ff90da60000 - 0x00007ff90da7f000 	C:\WINDOWS\SYSTEM32\dhcpcsvc.DLL
0x00007ff903810000 - 0x00007ff90381d000 	C:\Program Files\Java\jdk-17\bin\sunmscapi.dll
0x00007ff914d30000 - 0x00007ff914e97000 	C:\WINDOWS\System32\CRYPT32.dll
0x00007ff914360000 - 0x00007ff91438e000 	C:\WINDOWS\SYSTEM32\ncrypt.dll
0x00007ff914320000 - 0x00007ff914357000 	C:\WINDOWS\SYSTEM32\NTASN1.dll
0x00007ff8c63f0000 - 0x00007ff8c63f8000 	C:\WINDOWS\system32\wshunix.dll

dbghelp: loaded successfully - version: 4.0.5 - missing functions: none
symbol engine: initialized successfully - sym options: 0x614 - pdb path: .;C:\Program Files\Java\jdk-17\bin;C:\WINDOWS\SYSTEM32;C:\WINDOWS\WinSxS\amd64_microsoft.windows.common-controls_6595b64144ccf1df_6.0.22621.1635_none_270f70857386168e;C:\Program Files\Java\jdk-17\bin\server;C:\Program Files\JetBrains\IntelliJ IDEA Community Edition 2023.1\bin

VM Arguments:
jvm_args: -javaagent:C:\Program Files\JetBrains\IntelliJ IDEA Community Edition 2023.1\lib\idea_rt.jar=50027:C:\Program Files\JetBrains\IntelliJ IDEA Community Edition 2023.1\bin -Dfile.encoding=UTF-8 
java_command: org.example.Main
java_class_path (initial): C:\Users\ilham\IdeaProjects\sncf-ihm\Backend\target\classes;C:\Users\ilham\.m2\repository\org\springframework\boot\spring-boot-starter-data-jpa\2.6.7\spring-boot-starter-data-jpa-2.6.7.jar;C:\Users\ilham\.m2\repository\org\springframework\boot\spring-boot-starter-aop\2.6.7\spring-boot-starter-aop-2.6.7.jar;C:\Users\ilham\.m2\repository\org\aspectj\aspectjweaver\1.9.7\aspectjweaver-1.9.7.jar;C:\Users\ilham\.m2\repository\jakarta\transaction\jakarta.transaction-api\1.3.3\jakarta.transaction-api-1.3.3.jar;C:\Users\ilham\.m2\repository\org\springframework\spring-aspects\5.3.19\spring-aspects-5.3.19.jar;C:\Users\ilham\.m2\repository\org\jasypt\jasypt\1.9.3\jasypt-1.9.3.jar;C:\Users\ilham\.m2\repository\org\springframework\security\spring-security-web\5.5.0\spring-security-web-5.5.0.jar;C:\Users\ilham\.m2\repository\org\springframework\security\spring-security-core\5.6.3\spring-security-core-5.6.3.jar;C:\Users\ilham\.m2\repository\org\springframework\security\spring-security-crypto\5.6.3\spring-security-crypto-5.6.3.jar;C:\Users\ilham\.m2\repository\org\springframework\spring-core\5.3.19\spring-core-5.3.19.jar;C:\Users\ilham\.m2\repository\org\springframework\spring-jcl\5.3.19\spring-jcl-5.3.19.jar;C:\Users\ilham\.m2\repository\org\springframework\spring-aop\5.3.19\spring-aop-5.3.19.jar;C:\Users\ilham\.m2\repository\org\springframework\spring-context\5.3.19\spring-context-5.3.19.jar;C:\Users\ilham\.m2\repository\org\springframework\spring-expression\5.3.19\spring-expression-5.3.19.jar;C:\Users\ilham\.m2\repository\org\springframework\spring-web\5.3.9\spring-web-5.3.9.jar;C:\Users\ilham\.m2\repository\com\fasterxml\jackson\core\jackson-databind\2.12.3\jackson-databind-2.12.3.jar;C:\Users\ilham\.m2\repository\com\fasterxml\jackson\core\jackson-annotations\2.13.2\jackson-annotations-2.13.2.jar;C:\Users\ilham\.m2\repository\com\fasterxml\jackson\core\jackson-core\2.13.2\jackson-core-2.13.2.jar;C:\Users\ilham\.m2\repository\org\springframework\boot
Launcher Type: SUN_STANDARD

[Global flags]
     intx CICompilerCount                          = 4                                         {product} {ergonomic}
     uint ConcGCThreads                            = 2                                         {product} {ergonomic}
     uint G1ConcRefinementThreads                  = 8                                         {product} {ergonomic}
   size_t G1HeapRegionSize                         = 1048576                                   {product} {ergonomic}
    uintx GCDrainStackTargetSize                   = 64                                        {product} {ergonomic}
   size_t InitialHeapSize                          = 132120576                                 {product} {ergonomic}
   size_t MarkStackSize                            = 4194304                                   {product} {ergonomic}
   size_t MaxHeapSize                              = 2090860544                                {product} {ergonomic}
   size_t MaxNewSize                               = 1254096896                                {product} {ergonomic}
   size_t MinHeapDeltaBytes                        = 1048576                                   {product} {ergonomic}
   size_t MinHeapSize                              = 8388608                                   {product} {ergonomic}
    uintx NonNMethodCodeHeapSize                   = 5839372                                {pd product} {ergonomic}
    uintx NonProfiledCodeHeapSize                  = 122909434                              {pd product} {ergonomic}
    uintx ProfiledCodeHeapSize                     = 122909434                              {pd product} {ergonomic}
    uintx ReservedCodeCacheSize                    = 251658240                              {pd product} {ergonomic}
     bool SegmentedCodeCache                       = true                                      {product} {ergonomic}
   size_t SoftMaxHeapSize                          = 2090860544                             {manageable} {ergonomic}
     bool UseCompressedClassPointers               = true                           {product lp64_product} {ergonomic}
     bool UseCompressedOops                        = true                           {product lp64_product} {ergonomic}
     bool UseG1GC                                  = true                                      {product} {ergonomic}
     bool UseLargePagesIndividualAllocation        = false                                  {pd product} {ergonomic}

Logging:
Log output configuration:
 #0: stdout all=warning uptime,level,tags
 #1: stderr all=off uptime,level,tags

Environment Variables:
PATH=C:\Python311\Scripts\;C:\Python311\;C:\Program Files\Common Files\Oracle\Java\javapath;C:\WINDOWS\system32;C:\WINDOWS;C:\WINDOWS\System32\Wbem;C:\WINDOWS\System32\WindowsPowerShell\v1.0\;C:\WINDOWS\System32\OpenSSH\;C:\Program Files (x86)\PuTTY\;C:\wamp64\bin\php\php8.1.13;C:\ProgramData\ComposerSetup\bin;C:\Program Files\Git\cmd;C:\Program Files\Java\jdk-17\bin;C:\Users\ilham\Downloads\apache-maven-3.9.1-bin\apache-maven-3.9.1\bin;C:\Program Files\MySQL\MySQL Shell 8.0\bin;C:\ProgramData\chocolatey\bin;C:\Program Files\nodejs\;C:\Program Files\MySQL\MySQL Shell 8.0\bin\;C:\Users\ilham\AppData\Local\Microsoft\WindowsApps;C:\Users\ilham\AppData\Roaming\Composer\vendor\bin;C:\Users\ilham\AppData\Local\Programs\Microsoft VS Code\bin;C:\Program Files\JetBrains\IntelliJ IDEA Community Edition 2023.1\bin;;C:\Users\ilham\Downloads\apache-maven-3.9.1-bin\apache-maven-3.9.1;C:\Users\ilham\AppData\Roaming\npm;C:\Windows\System32;
USERNAME=ilham
OS=Windows_NT
PROCESSOR_IDENTIFIER=Intel64 Family 6 Model 126 Stepping 5, GenuineIntel



---------------  S Y S T E M  ---------------

OS:
 Windows 11 , 64 bit Build 22621 (10.0.22621.1635)
OS uptime: 26 days 7:36 hours

CPU: total 8 (initial active 8) (4 cores per cpu, 2 threads per core) family 6 model 126 stepping 5 microcode 0xa0, cx8, cmov, fxsr, ht, mmx, 3dnowpref, sse, sse2, sse3, ssse3, sse4.1, sse4.2, popcnt, lzcnt, tsc, tscinvbit, avx, avx2, aes, erms, clmul, bmi1, bmi2, adx, avx512f, avx512dq, avx512cd, avx512bw, avx512vl, sha, fma, vzeroupper, avx512_vpopcntdq, avx512_vpclmulqdq, avx512_vaes, avx512_vnni, clflush, clflushopt, avx512_vbmi2, avx512_vbmi

Memory: 4k page, system-wide physical 7973M (426M free)
TotalPageFile size 32549M (AvailPageFile size 472M)
current process WorkingSet (physical memory assigned to process): 244M, peak: 584M
current process commit charge ("private bytes"): 577M, peak: 1214M

vm_info: Java HotSpot(TM) 64-Bit Server VM (17.0.6+9-LTS-190) for windows-amd64 JRE (17.0.6+9-LTS-190), built on Dec  6 2022 15:53:54 by "mach5one" with MS VC++ 17.1 (VS2022)

END.
